{"uuid":"0183eaef-4353-485f-b213-9a178f8b85e6","historyId":"9e3658e06f89c1173c5f007214071440","fullName":"src/test/resources/features/home_page.feature:10","labels":[{"name":"tag","value":"Home"},{"name":"host","value":"froza-mac"},{"name":"thread","value":"14749@froza-mac.TestNG-PoolService-1(40)"},{"name":"feature","value":"Home Page Module"},{"name":"story","value":"Handle location popup"},{"name":"suite","value":"Home Page Module"},{"name":"testClass","value":"Handle location popup"},{"name":"framework","value":"cucumber4jvm"},{"name":"language","value":"java"},{"name":"gherkin_uri","value":"file:///Users/froza/Documents/eclipse_workspace/Amazon/src/test/resources/features/home_page.feature"},{"name":"package","value":"src.test.resources.features.home_page_feature.Home Page Module"}],"links":[],"name":"Handle location popup","status":"broken","statusDetails":{"known":false,"muted":false,"flaky":false,"message":"element click intercepted: Element <a id=\"nav-global-location-popover-link\" role=\"button\" tabindex=\"0\" class=\"nav-a nav-a-2 a-popover-trigger a-declarative nav-progressive-attribute\" href=\"\">...</a> is not clickable at point (249, 30). Other element would receive the click: <div class=\"a-modal-scroller a-declarative\" data-action=\"a-popover-floating-close\" style=\"padding-bottom: 0px; visibility: visible;\">...</div>\n  (Session info: chrome=144.0.7559.110)\nBuild info: version: '4.15.0', revision: '1d14b5521b'\nSystem info: os.name: 'Mac OS X', os.arch: 'aarch64', os.version: '26.2', java.version: '22'\nDriver info: org.openqa.selenium.chrome.ChromeDriver\nCommand: [c38a4a3b24c06f33fe2e5ae19540d4e8, clickElement {id=f.4FDEF61BEFF79483CD07D8B29A8289E1.d.E281D4C5CF0D601AC50AC587CA087DCA.e.242}]\nCapabilities {acceptInsecureCerts: false, browserName: chrome, browserVersion: 144.0.7559.110, chrome: {chromedriverVersion: 144.0.7559.133 (7da823b1d59..., userDataDir: /var/folders/b_/qylk_ryd3zl...}, fedcm:accounts: true, goog:chromeOptions: {debuggerAddress: localhost:63656}, goog:processID: 14791, networkConnectionEnabled: false, pageLoadStrategy: normal, platformName: mac, proxy: Proxy(), se:cdp: ws://localhost:63656/devtoo..., se:cdpVersion: 144.0.7559.110, setWindowRect: true, strictFileInteractability: false, timeouts: {implicit: 0, pageLoad: 300000, script: 30000}, unhandledPromptBehavior: dismiss and notify, webauthn:extension:credBlob: true, webauthn:extension:largeBlob: true, webauthn:extension:minPinLength: true, webauthn:extension:prf: true, webauthn:virtualAuthenticators: true}\nElement: [[ChromeDriver: chrome on mac (c38a4a3b24c06f33fe2e5ae19540d4e8)] -> id: nav-global-location-popover-link]\nSession ID: c38a4a3b24c06f33fe2e5ae19540d4e8","trace":"org.openqa.selenium.ElementClickInterceptedException: element click intercepted: Element <a id=\"nav-global-location-popover-link\" role=\"button\" tabindex=\"0\" class=\"nav-a nav-a-2 a-popover-trigger a-declarative nav-progressive-attribute\" href=\"\">...</a> is not clickable at point (249, 30). Other element would receive the click: <div class=\"a-modal-scroller a-declarative\" data-action=\"a-popover-floating-close\" style=\"padding-bottom: 0px; visibility: visible;\">...</div>\n  (Session info: chrome=144.0.7559.110)\nBuild info: version: '4.15.0', revision: '1d14b5521b'\nSystem info: os.name: 'Mac OS X', os.arch: 'aarch64', os.version: '26.2', java.version: '22'\nDriver info: org.openqa.selenium.chrome.ChromeDriver\nCommand: [c38a4a3b24c06f33fe2e5ae19540d4e8, clickElement {id=f.4FDEF61BEFF79483CD07D8B29A8289E1.d.E281D4C5CF0D601AC50AC587CA087DCA.e.242}]\nCapabilities {acceptInsecureCerts: false, browserName: chrome, browserVersion: 144.0.7559.110, chrome: {chromedriverVersion: 144.0.7559.133 (7da823b1d59..., userDataDir: /var/folders/b_/qylk_ryd3zl...}, fedcm:accounts: true, goog:chromeOptions: {debuggerAddress: localhost:63656}, goog:processID: 14791, networkConnectionEnabled: false, pageLoadStrategy: normal, platformName: mac, proxy: Proxy(), se:cdp: ws://localhost:63656/devtoo..., se:cdpVersion: 144.0.7559.110, setWindowRect: true, strictFileInteractability: false, timeouts: {implicit: 0, pageLoad: 300000, script: 30000}, unhandledPromptBehavior: dismiss and notify, webauthn:extension:credBlob: true, webauthn:extension:largeBlob: true, webauthn:extension:minPinLength: true, webauthn:extension:prf: true, webauthn:virtualAuthenticators: true}\nElement: [[ChromeDriver: chrome on mac (c38a4a3b24c06f33fe2e5ae19540d4e8)] -> id: nav-global-location-popover-link]\nSession ID: c38a4a3b24c06f33fe2e5ae19540d4e8\n\tat java.base/jdk.internal.reflect.DirectConstructorHandleAccessor.newInstance(DirectConstructorHandleAccessor.java:62)\n\tat java.base/java.lang.reflect.Constructor.newInstanceWithCaller(Constructor.java:502)\n\tat java.base/java.lang.reflect.Constructor.newInstance(Constructor.java:486)\n\tat org.openqa.selenium.remote.codec.w3c.W3CHttpResponseCodec.createException(W3CHttpResponseCodec.java:200)\n\tat org.openqa.selenium.remote.codec.w3c.W3CHttpResponseCodec.decode(W3CHttpResponseCodec.java:133)\n\tat org.openqa.selenium.remote.codec.w3c.W3CHttpResponseCodec.decode(W3CHttpResponseCodec.java:52)\n\tat org.openqa.selenium.remote.HttpCommandExecutor.execute(HttpCommandExecutor.java:191)\n\tat org.openqa.selenium.remote.service.DriverCommandExecutor.invokeExecute(DriverCommandExecutor.java:200)\n\tat org.openqa.selenium.remote.service.DriverCommandExecutor.execute(DriverCommandExecutor.java:175)\n\tat org.openqa.selenium.remote.RemoteWebDriver.execute(RemoteWebDriver.java:607)\n\tat org.openqa.selenium.remote.RemoteWebElement.execute(RemoteWebElement.java:224)\n\tat org.openqa.selenium.remote.RemoteWebElement.click(RemoteWebElement.java:77)\n\tat pages.HomePage.clickLocationPopup(HomePage.java:56)\n\tat stepDefinitions.HomePageSteps.locationPopup(HomePageSteps.java:39)\n\tat ✽.User handles location popup(file:///Users/froza/Documents/eclipse_workspace/Amazon/src/test/resources/features/home_page.feature:12)\n"},"stage":"finished","steps":[{"name":"Given  User is on Amazon home page","status":"passed","statusDetails":{"known":false,"muted":false,"flaky":false},"stage":"finished","steps":[],"attachments":[],"parameters":[],"start":1770375324940,"stop":1770375326238},{"name":"When  User handles location popup","status":"broken","statusDetails":{"known":false,"muted":false,"flaky":false,"message":"element click intercepted: Element <a id=\"nav-global-location-popover-link\" role=\"button\" tabindex=\"0\" class=\"nav-a nav-a-2 a-popover-trigger a-declarative nav-progressive-attribute\" href=\"\">...</a> is not clickable at point (249, 30). Other element would receive the click: <div class=\"a-modal-scroller a-declarative\" data-action=\"a-popover-floating-close\" style=\"padding-bottom: 0px; visibility: visible;\">...</div>\n  (Session info: chrome=144.0.7559.110)\nBuild info: version: '4.15.0', revision: '1d14b5521b'\nSystem info: os.name: 'Mac OS X', os.arch: 'aarch64', os.version: '26.2', java.version: '22'\nDriver info: org.openqa.selenium.chrome.ChromeDriver\nCommand: [c38a4a3b24c06f33fe2e5ae19540d4e8, clickElement {id=f.4FDEF61BEFF79483CD07D8B29A8289E1.d.E281D4C5CF0D601AC50AC587CA087DCA.e.242}]\nCapabilities {acceptInsecureCerts: false, browserName: chrome, browserVersion: 144.0.7559.110, chrome: {chromedriverVersion: 144.0.7559.133 (7da823b1d59..., userDataDir: /var/folders/b_/qylk_ryd3zl...}, fedcm:accounts: true, goog:chromeOptions: {debuggerAddress: localhost:63656}, goog:processID: 14791, networkConnectionEnabled: false, pageLoadStrategy: normal, platformName: mac, proxy: Proxy(), se:cdp: ws://localhost:63656/devtoo..., se:cdpVersion: 144.0.7559.110, setWindowRect: true, strictFileInteractability: false, timeouts: {implicit: 0, pageLoad: 300000, script: 30000}, unhandledPromptBehavior: dismiss and notify, webauthn:extension:credBlob: true, webauthn:extension:largeBlob: true, webauthn:extension:minPinLength: true, webauthn:extension:prf: true, webauthn:virtualAuthenticators: true}\nElement: [[ChromeDriver: chrome on mac (c38a4a3b24c06f33fe2e5ae19540d4e8)] -> id: nav-global-location-popover-link]\nSession ID: c38a4a3b24c06f33fe2e5ae19540d4e8","trace":"org.openqa.selenium.ElementClickInterceptedException: element click intercepted: Element <a id=\"nav-global-location-popover-link\" role=\"button\" tabindex=\"0\" class=\"nav-a nav-a-2 a-popover-trigger a-declarative nav-progressive-attribute\" href=\"\">...</a> is not clickable at point (249, 30). Other element would receive the click: <div class=\"a-modal-scroller a-declarative\" data-action=\"a-popover-floating-close\" style=\"padding-bottom: 0px; visibility: visible;\">...</div>\n  (Session info: chrome=144.0.7559.110)\nBuild info: version: '4.15.0', revision: '1d14b5521b'\nSystem info: os.name: 'Mac OS X', os.arch: 'aarch64', os.version: '26.2', java.version: '22'\nDriver info: org.openqa.selenium.chrome.ChromeDriver\nCommand: [c38a4a3b24c06f33fe2e5ae19540d4e8, clickElement {id=f.4FDEF61BEFF79483CD07D8B29A8289E1.d.E281D4C5CF0D601AC50AC587CA087DCA.e.242}]\nCapabilities {acceptInsecureCerts: false, browserName: chrome, browserVersion: 144.0.7559.110, chrome: {chromedriverVersion: 144.0.7559.133 (7da823b1d59..., userDataDir: /var/folders/b_/qylk_ryd3zl...}, fedcm:accounts: true, goog:chromeOptions: {debuggerAddress: localhost:63656}, goog:processID: 14791, networkConnectionEnabled: false, pageLoadStrategy: normal, platformName: mac, proxy: Proxy(), se:cdp: ws://localhost:63656/devtoo..., se:cdpVersion: 144.0.7559.110, setWindowRect: true, strictFileInteractability: false, timeouts: {implicit: 0, pageLoad: 300000, script: 30000}, unhandledPromptBehavior: dismiss and notify, webauthn:extension:credBlob: true, webauthn:extension:largeBlob: true, webauthn:extension:minPinLength: true, webauthn:extension:prf: true, webauthn:virtualAuthenticators: true}\nElement: [[ChromeDriver: chrome on mac (c38a4a3b24c06f33fe2e5ae19540d4e8)] -> id: nav-global-location-popover-link]\nSession ID: c38a4a3b24c06f33fe2e5ae19540d4e8\n\tat java.base/jdk.internal.reflect.DirectConstructorHandleAccessor.newInstance(DirectConstructorHandleAccessor.java:62)\n\tat java.base/java.lang.reflect.Constructor.newInstanceWithCaller(Constructor.java:502)\n\tat java.base/java.lang.reflect.Constructor.newInstance(Constructor.java:486)\n\tat org.openqa.selenium.remote.codec.w3c.W3CHttpResponseCodec.createException(W3CHttpResponseCodec.java:200)\n\tat org.openqa.selenium.remote.codec.w3c.W3CHttpResponseCodec.decode(W3CHttpResponseCodec.java:133)\n\tat org.openqa.selenium.remote.codec.w3c.W3CHttpResponseCodec.decode(W3CHttpResponseCodec.java:52)\n\tat org.openqa.selenium.remote.HttpCommandExecutor.execute(HttpCommandExecutor.java:191)\n\tat org.openqa.selenium.remote.service.DriverCommandExecutor.invokeExecute(DriverCommandExecutor.java:200)\n\tat org.openqa.selenium.remote.service.DriverCommandExecutor.execute(DriverCommandExecutor.java:175)\n\tat org.openqa.selenium.remote.RemoteWebDriver.execute(RemoteWebDriver.java:607)\n\tat org.openqa.selenium.remote.RemoteWebElement.execute(RemoteWebElement.java:224)\n\tat org.openqa.selenium.remote.RemoteWebElement.click(RemoteWebElement.java:77)\n\tat pages.HomePage.clickLocationPopup(HomePage.java:56)\n\tat stepDefinitions.HomePageSteps.locationPopup(HomePageSteps.java:39)\n\tat ✽.User handles location popup(file:///Users/froza/Documents/eclipse_workspace/Amazon/src/test/resources/features/home_page.feature:12)\n"},"stage":"finished","steps":[],"attachments":[],"parameters":[],"start":1770375326238,"stop":1770375327414}],"attachments":[],"parameters":[],"start":1770375315588,"stop":1770375327525}