<?xml version="1.0" encoding="UTF-8"?>
<testng-results ignored="0" total="12" passed="12" failed="0" skipped="0">
  <reporter-output>
  </reporter-output>
  <suite started-at="2026-02-10T09:11:24 IST" name="Amazon Suite" finished-at="2026-02-10T09:12:55 IST" duration-ms="91074">
    <groups>
      <group name="cucumber">
        <method signature="AbstractTestNGCucumberTests.runScenario(io.cucumber.testng.PickleWrapper,io.cucumber.testng.FeatureWrapper)[pri:0, instance:runners.TestRunner@654f0d9c]" name="runScenario" class="io.cucumber.testng.AbstractTestNGCucumberTests"/>
      </group> <!-- cucumber -->
    </groups>
    <test started-at="2026-02-10T09:11:24 IST" name="Test" finished-at="2026-02-10T09:12:55 IST" duration-ms="91074">
      <class name="runners.TestRunner">
        <test-method is-config="true" signature="setUpClass(org.testng.ITestContext)[pri:0, instance:runners.TestRunner@654f0d9c]" started-at="2026-02-10T09:11:24 IST" name="setUpClass" finished-at="2026-02-10T09:11:24 IST" duration-ms="198" status="PASS">
          <params>
            <param index="0">
              <value>
                <![CDATA[org.testng.TestRunner@6f85ee02]]>
              </value>
            </param>
          </params>
          <reporter-output>
          </reporter-output>
        </test-method> <!-- setUpClass -->
        <test-method signature="runScenario(io.cucumber.testng.PickleWrapper,io.cucumber.testng.FeatureWrapper)[pri:0, instance:runners.TestRunner@654f0d9c]" started-at="2026-02-10T09:11:24 IST" name="runScenario" description="Runs Cucumber Scenarios" data-provider="scenarios" finished-at="2026-02-10T09:11:36 IST" duration-ms="11466" status="PASS">
          <params>
            <param index="0">
              <value>
                <![CDATA["Verify home page elements"]]>
              </value>
            </param>
            <param index="1">
              <value>
                <![CDATA["Home Page Module"]]>
              </value>
            </param>
          </params>
          <reporter-output>
          </reporter-output>
        </test-method> <!-- runScenario -->
        <test-method signature="runScenario(io.cucumber.testng.PickleWrapper,io.cucumber.testng.FeatureWrapper)[pri:0, instance:runners.TestRunner@654f0d9c]" started-at="2026-02-10T09:11:36 IST" name="runScenario" description="Runs Cucumber Scenarios" data-provider="scenarios" finished-at="2026-02-10T09:11:40 IST" duration-ms="4444" status="PASS">
          <params>
            <param index="0">
              <value>
                <![CDATA["Handle location popup"]]>
              </value>
            </param>
            <param index="1">
              <value>
                <![CDATA["Home Page Module"]]>
              </value>
            </param>
          </params>
          <reporter-output>
          </reporter-output>
        </test-method> <!-- runScenario -->
        <test-method signature="runScenario(io.cucumber.testng.PickleWrapper,io.cucumber.testng.FeatureWrapper)[pri:0, instance:runners.TestRunner@654f0d9c]" started-at="2026-02-10T09:11:40 IST" name="runScenario" description="Runs Cucumber Scenarios" data-provider="scenarios" finished-at="2026-02-10T09:11:46 IST" duration-ms="6214" status="PASS">
          <params>
            <param index="0">
              <value>
                <![CDATA["Valid search"]]>
              </value>
            </param>
            <param index="1">
              <value>
                <![CDATA["Search Module"]]>
              </value>
            </param>
          </params>
          <reporter-output>
          </reporter-output>
        </test-method> <!-- runScenario -->
        <test-method signature="runScenario(io.cucumber.testng.PickleWrapper,io.cucumber.testng.FeatureWrapper)[pri:0, instance:runners.TestRunner@654f0d9c]" started-at="2026-02-10T09:11:46 IST" name="runScenario" description="Runs Cucumber Scenarios" data-provider="scenarios" finished-at="2026-02-10T09:11:52 IST" duration-ms="6208" status="PASS">
          <params>
            <param index="0">
              <value>
                <![CDATA["Invalid search"]]>
              </value>
            </param>
            <param index="1">
              <value>
                <![CDATA["Search Module"]]>
              </value>
            </param>
          </params>
          <reporter-output>
          </reporter-output>
        </test-method> <!-- runScenario -->
        <test-method signature="runScenario(io.cucumber.testng.PickleWrapper,io.cucumber.testng.FeatureWrapper)[pri:0, instance:runners.TestRunner@654f0d9c]" started-at="2026-02-10T09:11:52 IST" name="runScenario" description="Runs Cucumber Scenarios" data-provider="scenarios" finished-at="2026-02-10T09:11:59 IST" duration-ms="6146" status="PASS">
          <params>
            <param index="0">
              <value>
                <![CDATA["Special character search"]]>
              </value>
            </param>
            <param index="1">
              <value>
                <![CDATA["Search Module"]]>
              </value>
            </param>
          </params>
          <reporter-output>
          </reporter-output>
        </test-method> <!-- runScenario -->
        <test-method signature="runScenario(io.cucumber.testng.PickleWrapper,io.cucumber.testng.FeatureWrapper)[pri:0, instance:runners.TestRunner@654f0d9c]" started-at="2026-02-10T09:11:59 IST" name="runScenario" description="Runs Cucumber Scenarios" data-provider="scenarios" finished-at="2026-02-10T09:12:05 IST" duration-ms="5953" status="PASS">
          <params>
            <param index="0">
              <value>
                <![CDATA["Verify product listing visible"]]>
              </value>
            </param>
            <param index="1">
              <value>
                <![CDATA["Product Listing Module"]]>
              </value>
            </param>
          </params>
          <reporter-output>
          </reporter-output>
        </test-method> <!-- runScenario -->
        <test-method signature="runScenario(io.cucumber.testng.PickleWrapper,io.cucumber.testng.FeatureWrapper)[pri:0, instance:runners.TestRunner@654f0d9c]" started-at="2026-02-10T09:12:05 IST" name="runScenario" description="Runs Cucumber Scenarios" data-provider="scenarios" finished-at="2026-02-10T09:12:12 IST" duration-ms="7266" status="PASS">
          <params>
            <param index="0">
              <value>
                <![CDATA["Apply filters"]]>
              </value>
            </param>
            <param index="1">
              <value>
                <![CDATA["Product Listing Module"]]>
              </value>
            </param>
          </params>
          <reporter-output>
          </reporter-output>
        </test-method> <!-- runScenario -->
        <test-method signature="runScenario(io.cucumber.testng.PickleWrapper,io.cucumber.testng.FeatureWrapper)[pri:0, instance:runners.TestRunner@654f0d9c]" started-at="2026-02-10T09:12:12 IST" name="runScenario" description="Runs Cucumber Scenarios" data-provider="scenarios" finished-at="2026-02-10T09:12:20 IST" duration-ms="8636" status="PASS">
          <params>
            <param index="0">
              <value>
                <![CDATA["Clear filters"]]>
              </value>
            </param>
            <param index="1">
              <value>
                <![CDATA["Product Listing Module"]]>
              </value>
            </param>
          </params>
          <reporter-output>
          </reporter-output>
        </test-method> <!-- runScenario -->
        <test-method signature="runScenario(io.cucumber.testng.PickleWrapper,io.cucumber.testng.FeatureWrapper)[pri:0, instance:runners.TestRunner@654f0d9c]" started-at="2026-02-10T09:12:20 IST" name="runScenario" description="Runs Cucumber Scenarios" data-provider="scenarios" finished-at="2026-02-10T09:12:28 IST" duration-ms="7693" status="PASS">
          <params>
            <param index="0">
              <value>
                <![CDATA["Sort by price low to high"]]>
              </value>
            </param>
            <param index="1">
              <value>
                <![CDATA["Sorting Module"]]>
              </value>
            </param>
          </params>
          <reporter-output>
          </reporter-output>
        </test-method> <!-- runScenario -->
        <test-method signature="runScenario(io.cucumber.testng.PickleWrapper,io.cucumber.testng.FeatureWrapper)[pri:0, instance:runners.TestRunner@654f0d9c]" started-at="2026-02-10T09:12:28 IST" name="runScenario" description="Runs Cucumber Scenarios" data-provider="scenarios" finished-at="2026-02-10T09:12:35 IST" duration-ms="6724" status="PASS">
          <params>
            <param index="0">
              <value>
                <![CDATA["Sort by customer review"]]>
              </value>
            </param>
            <param index="1">
              <value>
                <![CDATA["Sorting Module"]]>
              </value>
            </param>
          </params>
          <reporter-output>
          </reporter-output>
        </test-method> <!-- runScenario -->
        <test-method signature="runScenario(io.cucumber.testng.PickleWrapper,io.cucumber.testng.FeatureWrapper)[pri:0, instance:runners.TestRunner@654f0d9c]" started-at="2026-02-10T09:12:35 IST" name="runScenario" description="Runs Cucumber Scenarios" data-provider="scenarios" finished-at="2026-02-10T09:12:44 IST" duration-ms="8715" status="PASS">
          <params>
            <param index="0">
              <value>
                <![CDATA["Verify product details page"]]>
              </value>
            </param>
            <param index="1">
              <value>
                <![CDATA["Product Details Module"]]>
              </value>
            </param>
          </params>
          <reporter-output>
          </reporter-output>
        </test-method> <!-- runScenario -->
        <test-method signature="runScenario(io.cucumber.testng.PickleWrapper,io.cucumber.testng.FeatureWrapper)[pri:0, instance:runners.TestRunner@654f0d9c]" started-at="2026-02-10T09:12:44 IST" name="runScenario" description="Runs Cucumber Scenarios" data-provider="scenarios" finished-at="2026-02-10T09:12:55 IST" duration-ms="11353" status="PASS">
          <params>
            <param index="0">
              <value>
                <![CDATA["Add and remove product from cart"]]>
              </value>
            </param>
            <param index="1">
              <value>
                <![CDATA["Cart Module"]]>
              </value>
            </param>
          </params>
          <reporter-output>
          </reporter-output>
        </test-method> <!-- runScenario -->
        <test-method is-config="true" signature="tearDownClass()[pri:0, instance:runners.TestRunner@654f0d9c]" started-at="2026-02-10T09:12:55 IST" name="tearDownClass" finished-at="2026-02-10T09:12:55 IST" duration-ms="31" status="PASS">
          <reporter-output>
          </reporter-output>
        </test-method> <!-- tearDownClass -->
      </class> <!-- runners.TestRunner -->
    </test> <!-- Test -->
  </suite> <!-- Amazon Suite -->
</testng-results>
