<?xml version="1.0" encoding="UTF-8"?>
<testng-results ignored="0" total="52" passed="52" failed="0" skipped="0">
  <reporter-output>
  </reporter-output>
  <suite started-at="2026-02-10T14:57:06 IST" name="Amazon Suite" finished-at="2026-02-10T15:00:46 IST" duration-ms="220552">
    <groups>
      <group name="cucumber">
        <method signature="AbstractTestNGCucumberTests.runScenario(io.cucumber.testng.PickleWrapper,io.cucumber.testng.FeatureWrapper)[pri:0, instance:runners.TestRunner@7e0b85f9]" name="runScenario" class="io.cucumber.testng.AbstractTestNGCucumberTests"/>
        <method signature="AbstractTestNGCucumberTests.runScenario(io.cucumber.testng.PickleWrapper,io.cucumber.testng.FeatureWrapper)[pri:0, instance:runners.TestRunner@7714e963]" name="runScenario" class="io.cucumber.testng.AbstractTestNGCucumberTests"/>
      </group> <!-- cucumber -->
    </groups>
    <test started-at="2026-02-10T14:57:06 IST" name="Chrome Execution" finished-at="2026-02-10T15:00:46 IST" duration-ms="219943">
      <class name="runners.TestRunner">
        <test-method is-config="true" signature="setUpClass(org.testng.ITestContext)[pri:0, instance:runners.TestRunner@7e0b85f9]" started-at="2026-02-10T14:57:06 IST" name="setUpClass" finished-at="2026-02-10T14:57:06 IST" duration-ms="193" status="PASS">
          <params>
            <param index="0">
              <value>
                <![CDATA[org.testng.TestRunner@5b8dfcc1]]>
              </value>
            </param>
          </params>
          <reporter-output>
          </reporter-output>
        </test-method> <!-- setUpClass -->
        <test-method signature="runScenario(io.cucumber.testng.PickleWrapper,io.cucumber.testng.FeatureWrapper)[pri:0, instance:runners.TestRunner@7e0b85f9]" started-at="2026-02-10T14:57:06 IST" name="runScenario" description="Runs Cucumber Scenarios" data-provider="scenarios" finished-at="2026-02-10T14:57:13 IST" duration-ms="6526" status="PASS">
          <params>
            <param index="0">
              <value>
                <![CDATA["Verify Amazon home page loads successfully"]]>
              </value>
            </param>
            <param index="1">
              <value>
                <![CDATA["Home Page Module"]]>
              </value>
            </param>
          </params>
          <reporter-output>
          </reporter-output>
        </test-method> <!-- runScenario -->
        <test-method signature="runScenario(io.cucumber.testng.PickleWrapper,io.cucumber.testng.FeatureWrapper)[pri:0, instance:runners.TestRunner@7e0b85f9]" started-at="2026-02-10T14:57:13 IST" name="runScenario" description="Runs Cucumber Scenarios" data-provider="scenarios" finished-at="2026-02-10T14:57:18 IST" duration-ms="5160" status="PASS">
          <params>
            <param index="0">
              <value>
                <![CDATA["Verify search box present"]]>
              </value>
            </param>
            <param index="1">
              <value>
                <![CDATA["Home Page Module"]]>
              </value>
            </param>
          </params>
          <reporter-output>
          </reporter-output>
        </test-method> <!-- runScenario -->
        <test-method signature="runScenario(io.cucumber.testng.PickleWrapper,io.cucumber.testng.FeatureWrapper)[pri:0, instance:runners.TestRunner@7e0b85f9]" started-at="2026-02-10T14:57:18 IST" name="runScenario" description="Runs Cucumber Scenarios" data-provider="scenarios" finished-at="2026-02-10T14:57:22 IST" duration-ms="4702" status="PASS">
          <params>
            <param index="0">
              <value>
                <![CDATA["Verify category navigation menu present"]]>
              </value>
            </param>
            <param index="1">
              <value>
                <![CDATA["Home Page Module"]]>
              </value>
            </param>
          </params>
          <reporter-output>
          </reporter-output>
        </test-method> <!-- runScenario -->
        <test-method signature="runScenario(io.cucumber.testng.PickleWrapper,io.cucumber.testng.FeatureWrapper)[pri:0, instance:runners.TestRunner@7e0b85f9]" started-at="2026-02-10T14:57:22 IST" name="runScenario" description="Runs Cucumber Scenarios" data-provider="scenarios" finished-at="2026-02-10T14:57:28 IST" duration-ms="5144" status="PASS">
          <params>
            <param index="0">
              <value>
                <![CDATA["Verify banner section visible"]]>
              </value>
            </param>
            <param index="1">
              <value>
                <![CDATA["Home Page Module"]]>
              </value>
            </param>
          </params>
          <reporter-output>
          </reporter-output>
        </test-method> <!-- runScenario -->
        <test-method signature="runScenario(io.cucumber.testng.PickleWrapper,io.cucumber.testng.FeatureWrapper)[pri:0, instance:runners.TestRunner@7e0b85f9]" started-at="2026-02-10T14:57:28 IST" name="runScenario" description="Runs Cucumber Scenarios" data-provider="scenarios" finished-at="2026-02-10T14:57:32 IST" duration-ms="4874" status="PASS">
          <params>
            <param index="0">
              <value>
                <![CDATA["Handle location popup"]]>
              </value>
            </param>
            <param index="1">
              <value>
                <![CDATA["Home Page Module"]]>
              </value>
            </param>
          </params>
          <reporter-output>
          </reporter-output>
        </test-method> <!-- runScenario -->
        <test-method signature="runScenario(io.cucumber.testng.PickleWrapper,io.cucumber.testng.FeatureWrapper)[pri:0, instance:runners.TestRunner@7e0b85f9]" started-at="2026-02-10T14:57:32 IST" name="runScenario" description="Runs Cucumber Scenarios" data-provider="scenarios" finished-at="2026-02-10T14:57:39 IST" duration-ms="6990" status="PASS">
          <params>
            <param index="0">
              <value>
                <![CDATA["Search using valid keyword"]]>
              </value>
            </param>
            <param index="1">
              <value>
                <![CDATA["Search Module"]]>
              </value>
            </param>
          </params>
          <reporter-output>
          </reporter-output>
        </test-method> <!-- runScenario -->
        <test-method signature="runScenario(io.cucumber.testng.PickleWrapper,io.cucumber.testng.FeatureWrapper)[pri:0, instance:runners.TestRunner@7e0b85f9]" started-at="2026-02-10T14:57:39 IST" name="runScenario" description="Runs Cucumber Scenarios" data-provider="scenarios" finished-at="2026-02-10T14:57:46 IST" duration-ms="6282" status="PASS">
          <params>
            <param index="0">
              <value>
                <![CDATA["Search using invalid keyword"]]>
              </value>
            </param>
            <param index="1">
              <value>
                <![CDATA["Search Module"]]>
              </value>
            </param>
          </params>
          <reporter-output>
          </reporter-output>
        </test-method> <!-- runScenario -->
        <test-method signature="runScenario(io.cucumber.testng.PickleWrapper,io.cucumber.testng.FeatureWrapper)[pri:0, instance:runners.TestRunner@7e0b85f9]" started-at="2026-02-10T14:57:46 IST" name="runScenario" description="Runs Cucumber Scenarios" data-provider="scenarios" finished-at="2026-02-10T14:57:53 IST" duration-ms="6777" status="PASS">
          <params>
            <param index="0">
              <value>
                <![CDATA["Search using special characters"]]>
              </value>
            </param>
            <param index="1">
              <value>
                <![CDATA["Search Module"]]>
              </value>
            </param>
          </params>
          <reporter-output>
          </reporter-output>
        </test-method> <!-- runScenario -->
        <test-method signature="runScenario(io.cucumber.testng.PickleWrapper,io.cucumber.testng.FeatureWrapper)[pri:0, instance:runners.TestRunner@7e0b85f9]" started-at="2026-02-10T14:57:53 IST" name="runScenario" description="Runs Cucumber Scenarios" data-provider="scenarios" finished-at="2026-02-10T14:57:59 IST" duration-ms="6185" status="PASS">
          <params>
            <param index="0">
              <value>
                <![CDATA["Verify search results page displayed"]]>
              </value>
            </param>
            <param index="1">
              <value>
                <![CDATA["Search Module"]]>
              </value>
            </param>
          </params>
          <reporter-output>
          </reporter-output>
        </test-method> <!-- runScenario -->
        <test-method signature="runScenario(io.cucumber.testng.PickleWrapper,io.cucumber.testng.FeatureWrapper)[pri:0, instance:runners.TestRunner@7e0b85f9]" started-at="2026-02-10T14:57:59 IST" name="runScenario" description="Runs Cucumber Scenarios" data-provider="scenarios" finished-at="2026-02-10T14:58:06 IST" duration-ms="7042" status="PASS">
          <params>
            <param index="0">
              <value>
                <![CDATA["Verify products are listed after search"]]>
              </value>
            </param>
            <param index="1">
              <value>
                <![CDATA["Search Module"]]>
              </value>
            </param>
          </params>
          <reporter-output>
          </reporter-output>
        </test-method> <!-- runScenario -->
        <test-method signature="runScenario(io.cucumber.testng.PickleWrapper,io.cucumber.testng.FeatureWrapper)[pri:0, instance:runners.TestRunner@7e0b85f9]" started-at="2026-02-10T14:58:06 IST" name="runScenario" description="Runs Cucumber Scenarios" data-provider="scenarios" finished-at="2026-02-10T14:58:13 IST" duration-ms="7062" status="PASS">
          <params>
            <param index="0">
              <value>
                <![CDATA["Verify product listing page displays multiple products"]]>
              </value>
            </param>
            <param index="1">
              <value>
                <![CDATA["Product Listing Module"]]>
              </value>
            </param>
          </params>
          <reporter-output>
          </reporter-output>
        </test-method> <!-- runScenario -->
        <test-method signature="runScenario(io.cucumber.testng.PickleWrapper,io.cucumber.testng.FeatureWrapper)[pri:0, instance:runners.TestRunner@7e0b85f9]" started-at="2026-02-10T14:58:13 IST" name="runScenario" description="Runs Cucumber Scenarios" data-provider="scenarios" finished-at="2026-02-10T14:58:20 IST" duration-ms="6943" status="PASS">
          <params>
            <param index="0">
              <value>
                <![CDATA["Apply price filter"]]>
              </value>
            </param>
            <param index="1">
              <value>
                <![CDATA["Product Listing Module"]]>
              </value>
            </param>
          </params>
          <reporter-output>
          </reporter-output>
        </test-method> <!-- runScenario -->
        <test-method signature="runScenario(io.cucumber.testng.PickleWrapper,io.cucumber.testng.FeatureWrapper)[pri:0, instance:runners.TestRunner@7e0b85f9]" started-at="2026-02-10T14:58:20 IST" name="runScenario" description="Runs Cucumber Scenarios" data-provider="scenarios" finished-at="2026-02-10T14:58:27 IST" duration-ms="7646" status="PASS">
          <params>
            <param index="0">
              <value>
                <![CDATA["Apply brand filter"]]>
              </value>
            </param>
            <param index="1">
              <value>
                <![CDATA["Product Listing Module"]]>
              </value>
            </param>
          </params>
          <reporter-output>
          </reporter-output>
        </test-method> <!-- runScenario -->
        <test-method signature="runScenario(io.cucumber.testng.PickleWrapper,io.cucumber.testng.FeatureWrapper)[pri:0, instance:runners.TestRunner@7e0b85f9]" started-at="2026-02-10T14:58:27 IST" name="runScenario" description="Runs Cucumber Scenarios" data-provider="scenarios" finished-at="2026-02-10T14:58:36 IST" duration-ms="8802" status="PASS">
          <params>
            <param index="0">
              <value>
                <![CDATA["Clear filters and verify results reset"]]>
              </value>
            </param>
            <param index="1">
              <value>
                <![CDATA["Product Listing Module"]]>
              </value>
            </param>
          </params>
          <reporter-output>
          </reporter-output>
        </test-method> <!-- runScenario -->
        <test-method signature="runScenario(io.cucumber.testng.PickleWrapper,io.cucumber.testng.FeatureWrapper)[pri:0, instance:runners.TestRunner@7e0b85f9]" started-at="2026-02-10T14:58:36 IST" name="runScenario" description="Runs Cucumber Scenarios" data-provider="scenarios" finished-at="2026-02-10T14:58:44 IST" duration-ms="8023" status="PASS">
          <params>
            <param index="0">
              <value>
                <![CDATA["Sort products by price low to high"]]>
              </value>
            </param>
            <param index="1">
              <value>
                <![CDATA["Sorting Module"]]>
              </value>
            </param>
          </params>
          <reporter-output>
          </reporter-output>
        </test-method> <!-- runScenario -->
        <test-method signature="runScenario(io.cucumber.testng.PickleWrapper,io.cucumber.testng.FeatureWrapper)[pri:0, instance:runners.TestRunner@7e0b85f9]" started-at="2026-02-10T14:58:44 IST" name="runScenario" description="Runs Cucumber Scenarios" data-provider="scenarios" finished-at="2026-02-10T14:58:52 IST" duration-ms="7699" status="PASS">
          <params>
            <param index="0">
              <value>
                <![CDATA["Sort products by customer review"]]>
              </value>
            </param>
            <param index="1">
              <value>
                <![CDATA["Sorting Module"]]>
              </value>
            </param>
          </params>
          <reporter-output>
          </reporter-output>
        </test-method> <!-- runScenario -->
        <test-method signature="runScenario(io.cucumber.testng.PickleWrapper,io.cucumber.testng.FeatureWrapper)[pri:0, instance:runners.TestRunner@7e0b85f9]" started-at="2026-02-10T14:58:52 IST" name="runScenario" description="Runs Cucumber Scenarios" data-provider="scenarios" finished-at="2026-02-10T14:59:00 IST" duration-ms="8052" status="PASS">
          <params>
            <param index="0">
              <value>
                <![CDATA["Verify sorting reflects correctly in product list"]]>
              </value>
            </param>
            <param index="1">
              <value>
                <![CDATA["Sorting Module"]]>
              </value>
            </param>
          </params>
          <reporter-output>
          </reporter-output>
        </test-method> <!-- runScenario -->
        <test-method signature="runScenario(io.cucumber.testng.PickleWrapper,io.cucumber.testng.FeatureWrapper)[pri:0, instance:runners.TestRunner@7e0b85f9]" started-at="2026-02-10T14:59:00 IST" name="runScenario" description="Runs Cucumber Scenarios" data-provider="scenarios" finished-at="2026-02-10T14:59:07 IST" duration-ms="7212" status="PASS">
          <params>
            <param index="0">
              <value>
                <![CDATA["Navigate to product details page"]]>
              </value>
            </param>
            <param index="1">
              <value>
                <![CDATA["Product Details Module"]]>
              </value>
            </param>
          </params>
          <reporter-output>
          </reporter-output>
        </test-method> <!-- runScenario -->
        <test-method signature="runScenario(io.cucumber.testng.PickleWrapper,io.cucumber.testng.FeatureWrapper)[pri:0, instance:runners.TestRunner@7e0b85f9]" started-at="2026-02-10T14:59:07 IST" name="runScenario" description="Runs Cucumber Scenarios" data-provider="scenarios" finished-at="2026-02-10T14:59:17 IST" duration-ms="9398" status="PASS">
          <params>
            <param index="0">
              <value>
                <![CDATA["Verify product title displayed"]]>
              </value>
            </param>
            <param index="1">
              <value>
                <![CDATA["Product Details Module"]]>
              </value>
            </param>
          </params>
          <reporter-output>
          </reporter-output>
        </test-method> <!-- runScenario -->
        <test-method signature="runScenario(io.cucumber.testng.PickleWrapper,io.cucumber.testng.FeatureWrapper)[pri:0, instance:runners.TestRunner@7e0b85f9]" started-at="2026-02-10T14:59:17 IST" name="runScenario" description="Runs Cucumber Scenarios" data-provider="scenarios" finished-at="2026-02-10T14:59:26 IST" duration-ms="9660" status="PASS">
          <params>
            <param index="0">
              <value>
                <![CDATA["Verify product price displayed"]]>
              </value>
            </param>
            <param index="1">
              <value>
                <![CDATA["Product Details Module"]]>
              </value>
            </param>
          </params>
          <reporter-output>
          </reporter-output>
        </test-method> <!-- runScenario -->
        <test-method signature="runScenario(io.cucumber.testng.PickleWrapper,io.cucumber.testng.FeatureWrapper)[pri:0, instance:runners.TestRunner@7e0b85f9]" started-at="2026-02-10T14:59:26 IST" name="runScenario" description="Runs Cucumber Scenarios" data-provider="scenarios" finished-at="2026-02-10T14:59:37 IST" duration-ms="10333" status="PASS">
          <params>
            <param index="0">
              <value>
                <![CDATA["Verify product image displayed"]]>
              </value>
            </param>
            <param index="1">
              <value>
                <![CDATA["Product Details Module"]]>
              </value>
            </param>
          </params>
          <reporter-output>
          </reporter-output>
        </test-method> <!-- runScenario -->
        <test-method signature="runScenario(io.cucumber.testng.PickleWrapper,io.cucumber.testng.FeatureWrapper)[pri:0, instance:runners.TestRunner@7e0b85f9]" started-at="2026-02-10T14:59:37 IST" name="runScenario" description="Runs Cucumber Scenarios" data-provider="scenarios" finished-at="2026-02-10T14:59:46 IST" duration-ms="9313" status="PASS">
          <params>
            <param index="0">
              <value>
                <![CDATA["Verify product description visible"]]>
              </value>
            </param>
            <param index="1">
              <value>
                <![CDATA["Product Details Module"]]>
              </value>
            </param>
          </params>
          <reporter-output>
          </reporter-output>
        </test-method> <!-- runScenario -->
        <test-method signature="runScenario(io.cucumber.testng.PickleWrapper,io.cucumber.testng.FeatureWrapper)[pri:0, instance:runners.TestRunner@7e0b85f9]" started-at="2026-02-10T14:59:46 IST" name="runScenario" description="Runs Cucumber Scenarios" data-provider="scenarios" finished-at="2026-02-10T14:59:58 IST" duration-ms="11898" status="PASS">
          <params>
            <param index="0">
              <value>
                <![CDATA["Add product to cart"]]>
              </value>
            </param>
            <param index="1">
              <value>
                <![CDATA["Cart Module"]]>
              </value>
            </param>
          </params>
          <reporter-output>
          </reporter-output>
        </test-method> <!-- runScenario -->
        <test-method signature="runScenario(io.cucumber.testng.PickleWrapper,io.cucumber.testng.FeatureWrapper)[pri:0, instance:runners.TestRunner@7e0b85f9]" started-at="2026-02-10T14:59:58 IST" name="runScenario" description="Runs Cucumber Scenarios" data-provider="scenarios" finished-at="2026-02-10T15:00:14 IST" duration-ms="15972" status="PASS">
          <params>
            <param index="0">
              <value>
                <![CDATA["Verify product added to cart successfully"]]>
              </value>
            </param>
            <param index="1">
              <value>
                <![CDATA["Cart Module"]]>
              </value>
            </param>
          </params>
          <reporter-output>
          </reporter-output>
        </test-method> <!-- runScenario -->
        <test-method signature="runScenario(io.cucumber.testng.PickleWrapper,io.cucumber.testng.FeatureWrapper)[pri:0, instance:runners.TestRunner@7e0b85f9]" started-at="2026-02-10T15:00:14 IST" name="runScenario" description="Runs Cucumber Scenarios" data-provider="scenarios" finished-at="2026-02-10T15:00:28 IST" duration-ms="14743" status="PASS">
          <params>
            <param index="0">
              <value>
                <![CDATA["Remove product from cart"]]>
              </value>
            </param>
            <param index="1">
              <value>
                <![CDATA["Cart Module"]]>
              </value>
            </param>
          </params>
          <reporter-output>
          </reporter-output>
        </test-method> <!-- runScenario -->
        <test-method signature="runScenario(io.cucumber.testng.PickleWrapper,io.cucumber.testng.FeatureWrapper)[pri:0, instance:runners.TestRunner@7e0b85f9]" started-at="2026-02-10T15:00:28 IST" name="runScenario" description="Runs Cucumber Scenarios" data-provider="scenarios" finished-at="2026-02-10T15:00:46 IST" duration-ms="17232" status="PASS">
          <params>
            <param index="0">
              <value>
                <![CDATA["Verify cart empty after removal"]]>
              </value>
            </param>
            <param index="1">
              <value>
                <![CDATA["Cart Module"]]>
              </value>
            </param>
          </params>
          <reporter-output>
          </reporter-output>
        </test-method> <!-- runScenario -->
        <test-method is-config="true" signature="tearDownClass()[pri:0, instance:runners.TestRunner@7e0b85f9]" started-at="2026-02-10T15:00:46 IST" name="tearDownClass" finished-at="2026-02-10T15:00:46 IST" duration-ms="51" status="PASS">
          <reporter-output>
          </reporter-output>
        </test-method> <!-- tearDownClass -->
      </class> <!-- runners.TestRunner -->
    </test> <!-- Chrome Execution -->
    <test started-at="2026-02-10T14:57:06 IST" name="Brave Execution" finished-at="2026-02-10T15:00:46 IST" duration-ms="220552">
      <class name="runners.TestRunner">
        <test-method is-config="true" signature="setUpClass(org.testng.ITestContext)[pri:0, instance:runners.TestRunner@7714e963]" started-at="2026-02-10T14:57:06 IST" name="setUpClass" finished-at="2026-02-10T14:57:06 IST" duration-ms="193" status="PASS">
          <params>
            <param index="0">
              <value>
                <![CDATA[org.testng.TestRunner@2f9f7dcf]]>
              </value>
            </param>
          </params>
          <reporter-output>
          </reporter-output>
        </test-method> <!-- setUpClass -->
        <test-method signature="runScenario(io.cucumber.testng.PickleWrapper,io.cucumber.testng.FeatureWrapper)[pri:0, instance:runners.TestRunner@7714e963]" started-at="2026-02-10T14:57:06 IST" name="runScenario" description="Runs Cucumber Scenarios" data-provider="scenarios" finished-at="2026-02-10T14:57:12 IST" duration-ms="6427" status="PASS">
          <params>
            <param index="0">
              <value>
                <![CDATA["Verify Amazon home page loads successfully"]]>
              </value>
            </param>
            <param index="1">
              <value>
                <![CDATA["Home Page Module"]]>
              </value>
            </param>
          </params>
          <reporter-output>
          </reporter-output>
        </test-method> <!-- runScenario -->
        <test-method signature="runScenario(io.cucumber.testng.PickleWrapper,io.cucumber.testng.FeatureWrapper)[pri:0, instance:runners.TestRunner@7714e963]" started-at="2026-02-10T14:57:12 IST" name="runScenario" description="Runs Cucumber Scenarios" data-provider="scenarios" finished-at="2026-02-10T14:57:18 IST" duration-ms="5197" status="PASS">
          <params>
            <param index="0">
              <value>
                <![CDATA["Verify search box present"]]>
              </value>
            </param>
            <param index="1">
              <value>
                <![CDATA["Home Page Module"]]>
              </value>
            </param>
          </params>
          <reporter-output>
          </reporter-output>
        </test-method> <!-- runScenario -->
        <test-method signature="runScenario(io.cucumber.testng.PickleWrapper,io.cucumber.testng.FeatureWrapper)[pri:0, instance:runners.TestRunner@7714e963]" started-at="2026-02-10T14:57:18 IST" name="runScenario" description="Runs Cucumber Scenarios" data-provider="scenarios" finished-at="2026-02-10T14:57:23 IST" duration-ms="5051" status="PASS">
          <params>
            <param index="0">
              <value>
                <![CDATA["Verify category navigation menu present"]]>
              </value>
            </param>
            <param index="1">
              <value>
                <![CDATA["Home Page Module"]]>
              </value>
            </param>
          </params>
          <reporter-output>
          </reporter-output>
        </test-method> <!-- runScenario -->
        <test-method signature="runScenario(io.cucumber.testng.PickleWrapper,io.cucumber.testng.FeatureWrapper)[pri:0, instance:runners.TestRunner@7714e963]" started-at="2026-02-10T14:57:23 IST" name="runScenario" description="Runs Cucumber Scenarios" data-provider="scenarios" finished-at="2026-02-10T14:57:28 IST" duration-ms="4811" status="PASS">
          <params>
            <param index="0">
              <value>
                <![CDATA["Verify banner section visible"]]>
              </value>
            </param>
            <param index="1">
              <value>
                <![CDATA["Home Page Module"]]>
              </value>
            </param>
          </params>
          <reporter-output>
          </reporter-output>
        </test-method> <!-- runScenario -->
        <test-method signature="runScenario(io.cucumber.testng.PickleWrapper,io.cucumber.testng.FeatureWrapper)[pri:0, instance:runners.TestRunner@7714e963]" started-at="2026-02-10T14:57:28 IST" name="runScenario" description="Runs Cucumber Scenarios" data-provider="scenarios" finished-at="2026-02-10T14:57:33 IST" duration-ms="5586" status="PASS">
          <params>
            <param index="0">
              <value>
                <![CDATA["Handle location popup"]]>
              </value>
            </param>
            <param index="1">
              <value>
                <![CDATA["Home Page Module"]]>
              </value>
            </param>
          </params>
          <reporter-output>
          </reporter-output>
        </test-method> <!-- runScenario -->
        <test-method signature="runScenario(io.cucumber.testng.PickleWrapper,io.cucumber.testng.FeatureWrapper)[pri:0, instance:runners.TestRunner@7714e963]" started-at="2026-02-10T14:57:33 IST" name="runScenario" description="Runs Cucumber Scenarios" data-provider="scenarios" finished-at="2026-02-10T14:57:39 IST" duration-ms="6318" status="PASS">
          <params>
            <param index="0">
              <value>
                <![CDATA["Search using valid keyword"]]>
              </value>
            </param>
            <param index="1">
              <value>
                <![CDATA["Search Module"]]>
              </value>
            </param>
          </params>
          <reporter-output>
          </reporter-output>
        </test-method> <!-- runScenario -->
        <test-method signature="runScenario(io.cucumber.testng.PickleWrapper,io.cucumber.testng.FeatureWrapper)[pri:0, instance:runners.TestRunner@7714e963]" started-at="2026-02-10T14:57:39 IST" name="runScenario" description="Runs Cucumber Scenarios" data-provider="scenarios" finished-at="2026-02-10T14:57:46 IST" duration-ms="6614" status="PASS">
          <params>
            <param index="0">
              <value>
                <![CDATA["Search using invalid keyword"]]>
              </value>
            </param>
            <param index="1">
              <value>
                <![CDATA["Search Module"]]>
              </value>
            </param>
          </params>
          <reporter-output>
          </reporter-output>
        </test-method> <!-- runScenario -->
        <test-method signature="runScenario(io.cucumber.testng.PickleWrapper,io.cucumber.testng.FeatureWrapper)[pri:0, instance:runners.TestRunner@7714e963]" started-at="2026-02-10T14:57:46 IST" name="runScenario" description="Runs Cucumber Scenarios" data-provider="scenarios" finished-at="2026-02-10T14:57:53 IST" duration-ms="6539" status="PASS">
          <params>
            <param index="0">
              <value>
                <![CDATA["Search using special characters"]]>
              </value>
            </param>
            <param index="1">
              <value>
                <![CDATA["Search Module"]]>
              </value>
            </param>
          </params>
          <reporter-output>
          </reporter-output>
        </test-method> <!-- runScenario -->
        <test-method signature="runScenario(io.cucumber.testng.PickleWrapper,io.cucumber.testng.FeatureWrapper)[pri:0, instance:runners.TestRunner@7714e963]" started-at="2026-02-10T14:57:53 IST" name="runScenario" description="Runs Cucumber Scenarios" data-provider="scenarios" finished-at="2026-02-10T14:57:59 IST" duration-ms="6396" status="PASS">
          <params>
            <param index="0">
              <value>
                <![CDATA["Verify search results page displayed"]]>
              </value>
            </param>
            <param index="1">
              <value>
                <![CDATA["Search Module"]]>
              </value>
            </param>
          </params>
          <reporter-output>
          </reporter-output>
        </test-method> <!-- runScenario -->
        <test-method signature="runScenario(io.cucumber.testng.PickleWrapper,io.cucumber.testng.FeatureWrapper)[pri:0, instance:runners.TestRunner@7714e963]" started-at="2026-02-10T14:57:59 IST" name="runScenario" description="Runs Cucumber Scenarios" data-provider="scenarios" finished-at="2026-02-10T14:58:06 IST" duration-ms="6728" status="PASS">
          <params>
            <param index="0">
              <value>
                <![CDATA["Verify products are listed after search"]]>
              </value>
            </param>
            <param index="1">
              <value>
                <![CDATA["Search Module"]]>
              </value>
            </param>
          </params>
          <reporter-output>
          </reporter-output>
        </test-method> <!-- runScenario -->
        <test-method signature="runScenario(io.cucumber.testng.PickleWrapper,io.cucumber.testng.FeatureWrapper)[pri:0, instance:runners.TestRunner@7714e963]" started-at="2026-02-10T14:58:06 IST" name="runScenario" description="Runs Cucumber Scenarios" data-provider="scenarios" finished-at="2026-02-10T14:58:13 IST" duration-ms="7037" status="PASS">
          <params>
            <param index="0">
              <value>
                <![CDATA["Verify product listing page displays multiple products"]]>
              </value>
            </param>
            <param index="1">
              <value>
                <![CDATA["Product Listing Module"]]>
              </value>
            </param>
          </params>
          <reporter-output>
          </reporter-output>
        </test-method> <!-- runScenario -->
        <test-method signature="runScenario(io.cucumber.testng.PickleWrapper,io.cucumber.testng.FeatureWrapper)[pri:0, instance:runners.TestRunner@7714e963]" started-at="2026-02-10T14:58:13 IST" name="runScenario" description="Runs Cucumber Scenarios" data-provider="scenarios" finished-at="2026-02-10T14:58:20 IST" duration-ms="7091" status="PASS">
          <params>
            <param index="0">
              <value>
                <![CDATA["Apply price filter"]]>
              </value>
            </param>
            <param index="1">
              <value>
                <![CDATA["Product Listing Module"]]>
              </value>
            </param>
          </params>
          <reporter-output>
          </reporter-output>
        </test-method> <!-- runScenario -->
        <test-method signature="runScenario(io.cucumber.testng.PickleWrapper,io.cucumber.testng.FeatureWrapper)[pri:0, instance:runners.TestRunner@7714e963]" started-at="2026-02-10T14:58:20 IST" name="runScenario" description="Runs Cucumber Scenarios" data-provider="scenarios" finished-at="2026-02-10T14:58:28 IST" duration-ms="8561" status="PASS">
          <params>
            <param index="0">
              <value>
                <![CDATA["Apply brand filter"]]>
              </value>
            </param>
            <param index="1">
              <value>
                <![CDATA["Product Listing Module"]]>
              </value>
            </param>
          </params>
          <reporter-output>
          </reporter-output>
        </test-method> <!-- runScenario -->
        <test-method signature="runScenario(io.cucumber.testng.PickleWrapper,io.cucumber.testng.FeatureWrapper)[pri:0, instance:runners.TestRunner@7714e963]" started-at="2026-02-10T14:58:28 IST" name="runScenario" description="Runs Cucumber Scenarios" data-provider="scenarios" finished-at="2026-02-10T14:58:36 IST" duration-ms="7939" status="PASS">
          <params>
            <param index="0">
              <value>
                <![CDATA["Clear filters and verify results reset"]]>
              </value>
            </param>
            <param index="1">
              <value>
                <![CDATA["Product Listing Module"]]>
              </value>
            </param>
          </params>
          <reporter-output>
          </reporter-output>
        </test-method> <!-- runScenario -->
        <test-method signature="runScenario(io.cucumber.testng.PickleWrapper,io.cucumber.testng.FeatureWrapper)[pri:0, instance:runners.TestRunner@7714e963]" started-at="2026-02-10T14:58:36 IST" name="runScenario" description="Runs Cucumber Scenarios" data-provider="scenarios" finished-at="2026-02-10T14:58:44 IST" duration-ms="7908" status="PASS">
          <params>
            <param index="0">
              <value>
                <![CDATA["Sort products by price low to high"]]>
              </value>
            </param>
            <param index="1">
              <value>
                <![CDATA["Sorting Module"]]>
              </value>
            </param>
          </params>
          <reporter-output>
          </reporter-output>
        </test-method> <!-- runScenario -->
        <test-method signature="runScenario(io.cucumber.testng.PickleWrapper,io.cucumber.testng.FeatureWrapper)[pri:0, instance:runners.TestRunner@7714e963]" started-at="2026-02-10T14:58:44 IST" name="runScenario" description="Runs Cucumber Scenarios" data-provider="scenarios" finished-at="2026-02-10T14:58:52 IST" duration-ms="7713" status="PASS">
          <params>
            <param index="0">
              <value>
                <![CDATA["Sort products by customer review"]]>
              </value>
            </param>
            <param index="1">
              <value>
                <![CDATA["Sorting Module"]]>
              </value>
            </param>
          </params>
          <reporter-output>
          </reporter-output>
        </test-method> <!-- runScenario -->
        <test-method signature="runScenario(io.cucumber.testng.PickleWrapper,io.cucumber.testng.FeatureWrapper)[pri:0, instance:runners.TestRunner@7714e963]" started-at="2026-02-10T14:58:52 IST" name="runScenario" description="Runs Cucumber Scenarios" data-provider="scenarios" finished-at="2026-02-10T14:58:59 IST" duration-ms="7481" status="PASS">
          <params>
            <param index="0">
              <value>
                <![CDATA["Verify sorting reflects correctly in product list"]]>
              </value>
            </param>
            <param index="1">
              <value>
                <![CDATA["Sorting Module"]]>
              </value>
            </param>
          </params>
          <reporter-output>
          </reporter-output>
        </test-method> <!-- runScenario -->
        <test-method signature="runScenario(io.cucumber.testng.PickleWrapper,io.cucumber.testng.FeatureWrapper)[pri:0, instance:runners.TestRunner@7714e963]" started-at="2026-02-10T14:58:59 IST" name="runScenario" description="Runs Cucumber Scenarios" data-provider="scenarios" finished-at="2026-02-10T14:59:07 IST" duration-ms="7869" status="PASS">
          <params>
            <param index="0">
              <value>
                <![CDATA["Navigate to product details page"]]>
              </value>
            </param>
            <param index="1">
              <value>
                <![CDATA["Product Details Module"]]>
              </value>
            </param>
          </params>
          <reporter-output>
          </reporter-output>
        </test-method> <!-- runScenario -->
        <test-method signature="runScenario(io.cucumber.testng.PickleWrapper,io.cucumber.testng.FeatureWrapper)[pri:0, instance:runners.TestRunner@7714e963]" started-at="2026-02-10T14:59:07 IST" name="runScenario" description="Runs Cucumber Scenarios" data-provider="scenarios" finished-at="2026-02-10T14:59:17 IST" duration-ms="9924" status="PASS">
          <params>
            <param index="0">
              <value>
                <![CDATA["Verify product title displayed"]]>
              </value>
            </param>
            <param index="1">
              <value>
                <![CDATA["Product Details Module"]]>
              </value>
            </param>
          </params>
          <reporter-output>
          </reporter-output>
        </test-method> <!-- runScenario -->
        <test-method signature="runScenario(io.cucumber.testng.PickleWrapper,io.cucumber.testng.FeatureWrapper)[pri:0, instance:runners.TestRunner@7714e963]" started-at="2026-02-10T14:59:17 IST" name="runScenario" description="Runs Cucumber Scenarios" data-provider="scenarios" finished-at="2026-02-10T14:59:27 IST" duration-ms="9982" status="PASS">
          <params>
            <param index="0">
              <value>
                <![CDATA["Verify product price displayed"]]>
              </value>
            </param>
            <param index="1">
              <value>
                <![CDATA["Product Details Module"]]>
              </value>
            </param>
          </params>
          <reporter-output>
          </reporter-output>
        </test-method> <!-- runScenario -->
        <test-method signature="runScenario(io.cucumber.testng.PickleWrapper,io.cucumber.testng.FeatureWrapper)[pri:0, instance:runners.TestRunner@7714e963]" started-at="2026-02-10T14:59:27 IST" name="runScenario" description="Runs Cucumber Scenarios" data-provider="scenarios" finished-at="2026-02-10T14:59:37 IST" duration-ms="10202" status="PASS">
          <params>
            <param index="0">
              <value>
                <![CDATA["Verify product image displayed"]]>
              </value>
            </param>
            <param index="1">
              <value>
                <![CDATA["Product Details Module"]]>
              </value>
            </param>
          </params>
          <reporter-output>
          </reporter-output>
        </test-method> <!-- runScenario -->
        <test-method signature="runScenario(io.cucumber.testng.PickleWrapper,io.cucumber.testng.FeatureWrapper)[pri:0, instance:runners.TestRunner@7714e963]" started-at="2026-02-10T14:59:37 IST" name="runScenario" description="Runs Cucumber Scenarios" data-provider="scenarios" finished-at="2026-02-10T14:59:48 IST" duration-ms="10636" status="PASS">
          <params>
            <param index="0">
              <value>
                <![CDATA["Verify product description visible"]]>
              </value>
            </param>
            <param index="1">
              <value>
                <![CDATA["Product Details Module"]]>
              </value>
            </param>
          </params>
          <reporter-output>
          </reporter-output>
        </test-method> <!-- runScenario -->
        <test-method signature="runScenario(io.cucumber.testng.PickleWrapper,io.cucumber.testng.FeatureWrapper)[pri:0, instance:runners.TestRunner@7714e963]" started-at="2026-02-10T14:59:48 IST" name="runScenario" description="Runs Cucumber Scenarios" data-provider="scenarios" finished-at="2026-02-10T15:00:02 IST" duration-ms="13871" status="PASS">
          <params>
            <param index="0">
              <value>
                <![CDATA["Add product to cart"]]>
              </value>
            </param>
            <param index="1">
              <value>
                <![CDATA["Cart Module"]]>
              </value>
            </param>
          </params>
          <reporter-output>
          </reporter-output>
        </test-method> <!-- runScenario -->
        <test-method signature="runScenario(io.cucumber.testng.PickleWrapper,io.cucumber.testng.FeatureWrapper)[pri:0, instance:runners.TestRunner@7714e963]" started-at="2026-02-10T15:00:02 IST" name="runScenario" description="Runs Cucumber Scenarios" data-provider="scenarios" finished-at="2026-02-10T15:00:18 IST" duration-ms="15770" status="PASS">
          <params>
            <param index="0">
              <value>
                <![CDATA["Verify product added to cart successfully"]]>
              </value>
            </param>
            <param index="1">
              <value>
                <![CDATA["Cart Module"]]>
              </value>
            </param>
          </params>
          <reporter-output>
          </reporter-output>
        </test-method> <!-- runScenario -->
        <test-method signature="runScenario(io.cucumber.testng.PickleWrapper,io.cucumber.testng.FeatureWrapper)[pri:0, instance:runners.TestRunner@7714e963]" started-at="2026-02-10T15:00:18 IST" name="runScenario" description="Runs Cucumber Scenarios" data-provider="scenarios" finished-at="2026-02-10T15:00:33 IST" duration-ms="15081" status="PASS">
          <params>
            <param index="0">
              <value>
                <![CDATA["Remove product from cart"]]>
              </value>
            </param>
            <param index="1">
              <value>
                <![CDATA["Cart Module"]]>
              </value>
            </param>
          </params>
          <reporter-output>
          </reporter-output>
        </test-method> <!-- runScenario -->
        <test-method signature="runScenario(io.cucumber.testng.PickleWrapper,io.cucumber.testng.FeatureWrapper)[pri:0, instance:runners.TestRunner@7714e963]" started-at="2026-02-10T15:00:33 IST" name="runScenario" description="Runs Cucumber Scenarios" data-provider="scenarios" finished-at="2026-02-10T15:00:46 IST" duration-ms="13591" status="PASS">
          <params>
            <param index="0">
              <value>
                <![CDATA["Verify cart empty after removal"]]>
              </value>
            </param>
            <param index="1">
              <value>
                <![CDATA["Cart Module"]]>
              </value>
            </param>
          </params>
          <reporter-output>
          </reporter-output>
        </test-method> <!-- runScenario -->
        <test-method is-config="true" signature="tearDownClass()[pri:0, instance:runners.TestRunner@7714e963]" started-at="2026-02-10T15:00:46 IST" name="tearDownClass" finished-at="2026-02-10T15:00:46 IST" duration-ms="13" status="PASS">
          <reporter-output>
          </reporter-output>
        </test-method> <!-- tearDownClass -->
      </class> <!-- runners.TestRunner -->
    </test> <!-- Brave Execution -->
  </suite> <!-- Amazon Suite -->
</testng-results>
