<?xml version="1.0" encoding="UTF-8"?>
<testsuite xmlns:xsi="http://www.w3.org/2001/XMLSchema-instance" xsi:noNamespaceSchemaLocation="https://maven.apache.org/surefire/maven-surefire-plugin/xsd/surefire-test-report-3.0.xsd" version="3.0" name="TestSuite" time="91.239" tests="12" errors="0" skipped="0" failures="0">
  <properties>
[...]
</properties>
  <testcase name="runScenario[&quot;Verify home page elements&quot;, &quot;Home Page Module&quot;](1)" classname="runners.TestRunner" time="11.47">
    <system-out><![CDATA[
@Home
Scenario: Verify home page elements           # src/test/resources/features/01_home.feature:4
  Given User is on Amazon home page           # stepDefinitions.HomePageSteps.verifyHomePage()
  Then Verify search box present              # stepDefinitions.HomePageSteps.verifySearch()
  And Verify category navigation menu present # stepDefinitions.HomePageSteps.verifyCategory()
  And Verify banner section visible           # stepDefinitions.HomePageSteps.verifyBanner()
]]></system-out>
    <system-err><![CDATA[SLF4J: Failed to load class "org.slf4j.impl.StaticLoggerBinder".
SLF4J: Defaulting to no-operation (NOP) logger implementation
SLF4J: See http://www.slf4j.org/codes.html#StaticLoggerBinder for further details.
Feb 10, 2026 9:11:30 AM org.openqa.selenium.manager.SeleniumManager lambda$runCommand$1
WARNING: The chromedriver version (143.0.7499.42) detected in PATH at /Users/froza/Documents/eclipse_workspace/Selenium/drivers/chromedriver might not be compatible with the detected chrome version (144.0.7559.110); currently, chromedriver 144.0.7559.133 is recommended for chrome 144.*, so it is advised to delete the driver in PATH and retry
Feb 10, 2026 9:11:31 AM org.openqa.selenium.devtools.CdpVersionFinder findNearestMatch
WARNING: Unable to find CDP implementation matching 144
Feb 10, 2026 9:11:31 AM org.openqa.selenium.chromium.ChromiumDriver lambda$new$5
WARNING: Unable to find version of CDP to use for 144.0.7559.110. You may need to include a dependency on a specific version of the CDP using something similar to `org.seleniumhq.selenium:selenium-devtools-v86:4.15.0` where the version ("v86") matches the version of the chromium-based browser you're using and the version number of the artifact is the same as Selenium's.
]]></system-err>
  </testcase>
  <testcase name="runScenario[&quot;Handle location popup&quot;, &quot;Home Page Module&quot;](2)" classname="runners.TestRunner" time="4.441">
    <system-out><![CDATA[
@Home
Scenario: Handle location popup     # src/test/resources/features/01_home.feature:10
  Given User is on Amazon home page # stepDefinitions.HomePageSteps.verifyHomePage()
  When User handles location popup  # stepDefinitions.HomePageSteps.locationPopup()
]]></system-out>
    <system-err><![CDATA[Feb 10, 2026 9:11:36 AM org.openqa.selenium.manager.SeleniumManager lambda$runCommand$1
WARNING: The chromedriver version (143.0.7499.42) detected in PATH at /Users/froza/Documents/eclipse_workspace/Selenium/drivers/chromedriver might not be compatible with the detected chrome version (144.0.7559.110); currently, chromedriver 144.0.7559.133 is recommended for chrome 144.*, so it is advised to delete the driver in PATH and retry
Feb 10, 2026 9:11:36 AM org.openqa.selenium.devtools.CdpVersionFinder findNearestMatch
WARNING: Unable to find CDP implementation matching 144
Feb 10, 2026 9:11:36 AM org.openqa.selenium.chromium.ChromiumDriver lambda$new$5
WARNING: Unable to find version of CDP to use for 144.0.7559.110. You may need to include a dependency on a specific version of the CDP using something similar to `org.seleniumhq.selenium:selenium-devtools-v86:4.15.0` where the version ("v86") matches the version of the chromium-based browser you're using and the version number of the artifact is the same as Selenium's.
]]></system-err>
  </testcase>
  <testcase name="runScenario[&quot;Valid search&quot;, &quot;Search Module&quot;](3)" classname="runners.TestRunner" time="6.214">
    <system-out><![CDATA[
@Search
Scenario: Valid search                      # src/test/resources/features/02_search.feature:4
  Given User is on Amazon home page         # stepDefinitions.HomePageSteps.verifyHomePage()
  When User searches valid product "iphone" # stepDefinitions.SearchSteps.validSearch(java.lang.String)
  Then Verify results page displayed        # stepDefinitions.SearchSteps.verifyResults()
  And Verify products are listed            # stepDefinitions.SearchSteps.verifyProducts()
]]></system-out>
    <system-err><![CDATA[Feb 10, 2026 9:11:40 AM org.openqa.selenium.manager.SeleniumManager lambda$runCommand$1
WARNING: The chromedriver version (143.0.7499.42) detected in PATH at /Users/froza/Documents/eclipse_workspace/Selenium/drivers/chromedriver might not be compatible with the detected chrome version (144.0.7559.110); currently, chromedriver 144.0.7559.133 is recommended for chrome 144.*, so it is advised to delete the driver in PATH and retry
Feb 10, 2026 9:11:41 AM org.openqa.selenium.devtools.CdpVersionFinder findNearestMatch
WARNING: Unable to find CDP implementation matching 144
Feb 10, 2026 9:11:41 AM org.openqa.selenium.chromium.ChromiumDriver lambda$new$5
WARNING: Unable to find version of CDP to use for 144.0.7559.110. You may need to include a dependency on a specific version of the CDP using something similar to `org.seleniumhq.selenium:selenium-devtools-v86:4.15.0` where the version ("v86") matches the version of the chromium-based browser you're using and the version number of the artifact is the same as Selenium's.
]]></system-err>
  </testcase>
  <testcase name="runScenario[&quot;Invalid search&quot;, &quot;Search Module&quot;](4)" classname="runners.TestRunner" time="6.209">
    <system-out><![CDATA[
@Search
Scenario: Invalid search                        # src/test/resources/features/02_search.feature:10
  Given User is on Amazon home page             # stepDefinitions.HomePageSteps.verifyHomePage()
  When User searches invalid product "zzzzzzzz" # stepDefinitions.SearchSteps.invalidSearch(java.lang.String)
  Then Verify results page displayed            # stepDefinitions.SearchSteps.verifyResults()
]]></system-out>
    <system-err><![CDATA[Feb 10, 2026 9:11:46 AM org.openqa.selenium.manager.SeleniumManager lambda$runCommand$1
WARNING: The chromedriver version (143.0.7499.42) detected in PATH at /Users/froza/Documents/eclipse_workspace/Selenium/drivers/chromedriver might not be compatible with the detected chrome version (144.0.7559.110); currently, chromedriver 144.0.7559.133 is recommended for chrome 144.*, so it is advised to delete the driver in PATH and retry
Feb 10, 2026 9:11:47 AM org.openqa.selenium.devtools.CdpVersionFinder findNearestMatch
WARNING: Unable to find CDP implementation matching 144
Feb 10, 2026 9:11:47 AM org.openqa.selenium.chromium.ChromiumDriver lambda$new$5
WARNING: Unable to find version of CDP to use for 144.0.7559.110. You may need to include a dependency on a specific version of the CDP using something similar to `org.seleniumhq.selenium:selenium-devtools-v86:4.15.0` where the version ("v86") matches the version of the chromium-based browser you're using and the version number of the artifact is the same as Selenium's.
]]></system-err>
  </testcase>
  <testcase name="runScenario[&quot;Special character search&quot;, &quot;Search Module&quot;](5)" classname="runners.TestRunner" time="6.147">
    <system-out><![CDATA[
@Search
Scenario: Special character search             # src/test/resources/features/02_search.feature:15
  Given User is on Amazon home page            # stepDefinitions.HomePageSteps.verifyHomePage()
  When User searches special characters "@@@@" # stepDefinitions.SearchSteps.specialSearch(java.lang.String)
  Then Verify results page displayed           # stepDefinitions.SearchSteps.verifyResults()
]]></system-out>
    <system-err><![CDATA[Feb 10, 2026 9:11:53 AM org.openqa.selenium.manager.SeleniumManager lambda$runCommand$1
WARNING: The chromedriver version (143.0.7499.42) detected in PATH at /Users/froza/Documents/eclipse_workspace/Selenium/drivers/chromedriver might not be compatible with the detected chrome version (144.0.7559.110); currently, chromedriver 144.0.7559.133 is recommended for chrome 144.*, so it is advised to delete the driver in PATH and retry
Feb 10, 2026 9:11:53 AM org.openqa.selenium.devtools.CdpVersionFinder findNearestMatch
WARNING: Unable to find CDP implementation matching 144
Feb 10, 2026 9:11:53 AM org.openqa.selenium.chromium.ChromiumDriver lambda$new$5
WARNING: Unable to find version of CDP to use for 144.0.7559.110. You may need to include a dependency on a specific version of the CDP using something similar to `org.seleniumhq.selenium:selenium-devtools-v86:4.15.0` where the version ("v86") matches the version of the chromium-based browser you're using and the version number of the artifact is the same as Selenium's.
]]></system-err>
  </testcase>
  <testcase name="runScenario[&quot;Verify product listing visible&quot;, &quot;Product Listing Module&quot;](6)" classname="runners.TestRunner" time="5.954">
    <system-out><![CDATA[
@Listing
Scenario: Verify product listing visible           # src/test/resources/features/03_listing.feature:4
  Given User is on Amazon home page                # stepDefinitions.HomePageSteps.verifyHomePage()
  When User searches valid product "samsung phone" # stepDefinitions.SearchSteps.validSearch(java.lang.String)
  Then Verify results page displayed               # stepDefinitions.SearchSteps.verifyResults()
  And Verify multiple products displayed           # stepDefinitions.ProductListingSteps.verifyProducts()
]]></system-out>
    <system-err><![CDATA[Feb 10, 2026 9:11:59 AM org.openqa.selenium.manager.SeleniumManager lambda$runCommand$1
WARNING: The chromedriver version (143.0.7499.42) detected in PATH at /Users/froza/Documents/eclipse_workspace/Selenium/drivers/chromedriver might not be compatible with the detected chrome version (144.0.7559.110); currently, chromedriver 144.0.7559.133 is recommended for chrome 144.*, so it is advised to delete the driver in PATH and retry
Feb 10, 2026 9:11:59 AM org.openqa.selenium.devtools.CdpVersionFinder findNearestMatch
WARNING: Unable to find CDP implementation matching 144
Feb 10, 2026 9:11:59 AM org.openqa.selenium.chromium.ChromiumDriver lambda$new$5
WARNING: Unable to find version of CDP to use for 144.0.7559.110. You may need to include a dependency on a specific version of the CDP using something similar to `org.seleniumhq.selenium:selenium-devtools-v86:4.15.0` where the version ("v86") matches the version of the chromium-based browser you're using and the version number of the artifact is the same as Selenium's.
]]></system-err>
  </testcase>
  <testcase name="runScenario[&quot;Apply filters&quot;, &quot;Product Listing Module&quot;](7)" classname="runners.TestRunner" time="7.266">
    <system-out><![CDATA[
@Listing
Scenario: Apply filters                            # src/test/resources/features/03_listing.feature:10
  Given User is on Amazon home page                # stepDefinitions.HomePageSteps.verifyHomePage()
  When User searches valid product "samsung phone" # stepDefinitions.SearchSteps.validSearch(java.lang.String)
  And User applies price filter                    # stepDefinitions.ProductListingSteps.priceFilter()
  And User applies brand filter                    # stepDefinitions.ProductListingSteps.brandFilter()
  Then Verify multiple products displayed          # stepDefinitions.ProductListingSteps.verifyProducts()
]]></system-out>
    <system-err><![CDATA[Feb 10, 2026 9:12:05 AM org.openqa.selenium.manager.SeleniumManager lambda$runCommand$1
WARNING: The chromedriver version (143.0.7499.42) detected in PATH at /Users/froza/Documents/eclipse_workspace/Selenium/drivers/chromedriver might not be compatible with the detected chrome version (144.0.7559.110); currently, chromedriver 144.0.7559.133 is recommended for chrome 144.*, so it is advised to delete the driver in PATH and retry
Feb 10, 2026 9:12:05 AM org.openqa.selenium.devtools.CdpVersionFinder findNearestMatch
WARNING: Unable to find CDP implementation matching 144
Feb 10, 2026 9:12:05 AM org.openqa.selenium.chromium.ChromiumDriver lambda$new$5
WARNING: Unable to find version of CDP to use for 144.0.7559.110. You may need to include a dependency on a specific version of the CDP using something similar to `org.seleniumhq.selenium:selenium-devtools-v86:4.15.0` where the version ("v86") matches the version of the chromium-based browser you're using and the version number of the artifact is the same as Selenium's.
]]></system-err>
  </testcase>
  <testcase name="runScenario[&quot;Clear filters&quot;, &quot;Product Listing Module&quot;](8)" classname="runners.TestRunner" time="8.634">
    <system-out><![CDATA[
@Listing
Scenario: Clear filters                            # src/test/resources/features/03_listing.feature:17
  Given User is on Amazon home page                # stepDefinitions.HomePageSteps.verifyHomePage()
  When User searches valid product "samsung phone" # stepDefinitions.SearchSteps.validSearch(java.lang.String)
  And User applies price filter                    # stepDefinitions.ProductListingSteps.priceFilter()
  When User clears filters                         # stepDefinitions.ProductListingSteps.clearFilters()
  Then Verify multiple products displayed          # stepDefinitions.ProductListingSteps.verifyProducts()
]]></system-out>
    <system-err><![CDATA[Feb 10, 2026 9:12:12 AM org.openqa.selenium.manager.SeleniumManager lambda$runCommand$1
WARNING: The chromedriver version (143.0.7499.42) detected in PATH at /Users/froza/Documents/eclipse_workspace/Selenium/drivers/chromedriver might not be compatible with the detected chrome version (144.0.7559.110); currently, chromedriver 144.0.7559.133 is recommended for chrome 144.*, so it is advised to delete the driver in PATH and retry
Feb 10, 2026 9:12:12 AM org.openqa.selenium.devtools.CdpVersionFinder findNearestMatch
WARNING: Unable to find CDP implementation matching 144
Feb 10, 2026 9:12:12 AM org.openqa.selenium.chromium.ChromiumDriver lambda$new$5
WARNING: Unable to find version of CDP to use for 144.0.7559.110. You may need to include a dependency on a specific version of the CDP using something similar to `org.seleniumhq.selenium:selenium-devtools-v86:4.15.0` where the version ("v86") matches the version of the chromium-based browser you're using and the version number of the artifact is the same as Selenium's.
]]></system-err>
  </testcase>
  <testcase name="runScenario[&quot;Sort by price low to high&quot;, &quot;Sorting Module&quot;](9)" classname="runners.TestRunner" time="7.693">
    <system-out><![CDATA[
@Sorting
Scenario: Sort by price low to high                # src/test/resources/features/04_sorting.feature:4
  Given User is on Amazon home page                # stepDefinitions.HomePageSteps.verifyHomePage()
  When User searches valid product "samsung phone" # stepDefinitions.SearchSteps.validSearch(java.lang.String)
  And User sorts by price low to high              # stepDefinitions.SortingSteps.sortLow()
  Then Verify sorting applied                      # stepDefinitions.SortingSteps.verifySorting()
]]></system-out>
    <system-err><![CDATA[Feb 10, 2026 9:12:21 AM org.openqa.selenium.manager.SeleniumManager lambda$runCommand$1
WARNING: The chromedriver version (143.0.7499.42) detected in PATH at /Users/froza/Documents/eclipse_workspace/Selenium/drivers/chromedriver might not be compatible with the detected chrome version (144.0.7559.110); currently, chromedriver 144.0.7559.133 is recommended for chrome 144.*, so it is advised to delete the driver in PATH and retry
Feb 10, 2026 9:12:21 AM org.openqa.selenium.devtools.CdpVersionFinder findNearestMatch
WARNING: Unable to find CDP implementation matching 144
Feb 10, 2026 9:12:21 AM org.openqa.selenium.chromium.ChromiumDriver lambda$new$5
WARNING: Unable to find version of CDP to use for 144.0.7559.110. You may need to include a dependency on a specific version of the CDP using something similar to `org.seleniumhq.selenium:selenium-devtools-v86:4.15.0` where the version ("v86") matches the version of the chromium-based browser you're using and the version number of the artifact is the same as Selenium's.
]]></system-err>
  </testcase>
  <testcase name="runScenario[&quot;Sort by customer review&quot;, &quot;Sorting Module&quot;](10)" classname="runners.TestRunner" time="6.724">
    <system-out><![CDATA[
@Sorting
Scenario: Sort by customer review                  # src/test/resources/features/04_sorting.feature:10
  Given User is on Amazon home page                # stepDefinitions.HomePageSteps.verifyHomePage()
  When User searches valid product "samsung phone" # stepDefinitions.SearchSteps.validSearch(java.lang.String)
  And User sorts by customer review                # stepDefinitions.SortingSteps.sortReview()
  Then Verify sorting applied                      # stepDefinitions.SortingSteps.verifySorting()
]]></system-out>
    <system-err><![CDATA[Feb 10, 2026 9:12:28 AM org.openqa.selenium.manager.SeleniumManager lambda$runCommand$1
WARNING: The chromedriver version (143.0.7499.42) detected in PATH at /Users/froza/Documents/eclipse_workspace/Selenium/drivers/chromedriver might not be compatible with the detected chrome version (144.0.7559.110); currently, chromedriver 144.0.7559.133 is recommended for chrome 144.*, so it is advised to delete the driver in PATH and retry
Feb 10, 2026 9:12:29 AM org.openqa.selenium.devtools.CdpVersionFinder findNearestMatch
WARNING: Unable to find CDP implementation matching 144
Feb 10, 2026 9:12:29 AM org.openqa.selenium.chromium.ChromiumDriver lambda$new$5
WARNING: Unable to find version of CDP to use for 144.0.7559.110. You may need to include a dependency on a specific version of the CDP using something similar to `org.seleniumhq.selenium:selenium-devtools-v86:4.15.0` where the version ("v86") matches the version of the chromium-based browser you're using and the version number of the artifact is the same as Selenium's.
]]></system-err>
  </testcase>
  <testcase name="runScenario[&quot;Verify product details page&quot;, &quot;Product Details Module&quot;](11)" classname="runners.TestRunner" time="8.716">
    <system-out><![CDATA[
@Details
Scenario: Verify product details page              # src/test/resources/features/05_details.feature:4
  Given User is on Amazon home page                # stepDefinitions.HomePageSteps.verifyHomePage()
  When User searches valid product "samsung phone" # stepDefinitions.SearchSteps.validSearch(java.lang.String)
  And User opens first product details             # stepDefinitions.ProductDetailsSteps.openProduct()
  Then Verify product title visible                # stepDefinitions.ProductDetailsSteps.verifyTitle()
  And Verify product price visible                 # stepDefinitions.ProductDetailsSteps.verifyPrice()
  And Verify product image visible                 # stepDefinitions.ProductDetailsSteps.verifyImage()
  And Verify product description visible           # stepDefinitions.ProductDetailsSteps.verifyDescription()
]]></system-out>
    <system-err><![CDATA[Feb 10, 2026 9:12:35 AM org.openqa.selenium.manager.SeleniumManager lambda$runCommand$1
WARNING: The chromedriver version (143.0.7499.42) detected in PATH at /Users/froza/Documents/eclipse_workspace/Selenium/drivers/chromedriver might not be compatible with the detected chrome version (144.0.7559.110); currently, chromedriver 144.0.7559.133 is recommended for chrome 144.*, so it is advised to delete the driver in PATH and retry
Feb 10, 2026 9:12:36 AM org.openqa.selenium.devtools.CdpVersionFinder findNearestMatch
WARNING: Unable to find CDP implementation matching 144
Feb 10, 2026 9:12:36 AM org.openqa.selenium.chromium.ChromiumDriver lambda$new$5
WARNING: Unable to find version of CDP to use for 144.0.7559.110. You may need to include a dependency on a specific version of the CDP using something similar to `org.seleniumhq.selenium:selenium-devtools-v86:4.15.0` where the version ("v86") matches the version of the chromium-based browser you're using and the version number of the artifact is the same as Selenium's.
]]></system-err>
  </testcase>
  <testcase name="runScenario[&quot;Add and remove product from cart&quot;, &quot;Cart Module&quot;](12)" classname="runners.TestRunner" time="11.354">
    <system-out><![CDATA[
@Cart
Scenario: Add and remove product from cart         # src/test/resources/features/06_cart.feature:4
  Given User is on Amazon home page                # stepDefinitions.HomePageSteps.verifyHomePage()
  When User searches valid product "samsung phone" # stepDefinitions.SearchSteps.validSearch(java.lang.String)
  And User opens first product details             # stepDefinitions.ProductDetailsSteps.openProduct()
  And User adds product to cart                    # stepDefinitions.CartSteps.addProduct()
  And User opens cart                              # stepDefinitions.CartSteps.openCart()
  Then Verify product added to cart                # stepDefinitions.CartSteps.verifyCart()
  When User removes product from cart              # stepDefinitions.CartSteps.removeProduct()
]]></system-out>
    <system-err><![CDATA[Feb 10, 2026 9:12:44 AM org.openqa.selenium.manager.SeleniumManager lambda$runCommand$1
WARNING: The chromedriver version (143.0.7499.42) detected in PATH at /Users/froza/Documents/eclipse_workspace/Selenium/drivers/chromedriver might not be compatible with the detected chrome version (144.0.7559.110); currently, chromedriver 144.0.7559.133 is recommended for chrome 144.*, so it is advised to delete the driver in PATH and retry
Feb 10, 2026 9:12:44 AM org.openqa.selenium.devtools.CdpVersionFinder findNearestMatch
WARNING: Unable to find CDP implementation matching 144
Feb 10, 2026 9:12:44 AM org.openqa.selenium.chromium.ChromiumDriver lambda$new$5
WARNING: Unable to find version of CDP to use for 144.0.7559.110. You may need to include a dependency on a specific version of the CDP using something similar to `org.seleniumhq.selenium:selenium-devtools-v86:4.15.0` where the version ("v86") matches the version of the chromium-based browser you're using and the version number of the artifact is the same as Selenium's.
]]></system-err>
  </testcase>
</testsuite>