<?xml version="1.0" encoding="UTF-8"?>
<testsuite xmlns:xsi="http://www.w3.org/2001/XMLSchema-instance" xsi:noNamespaceSchemaLocation="https://maven.apache.org/surefire/maven-surefire-plugin/xsd/surefire-test-report-3.0.xsd" version="3.0" name="TestSuite" time="220.707" tests="52" errors="0" skipped="0" failures="0">
  <properties>
[...]
</properties>
  <testcase name="runScenario[&quot;Verify Amazon home page loads successfully&quot;, &quot;Home Page Module&quot;](1)" classname="runners.TestRunner" time="6.44">
    <system-out><![CDATA[
@Home
Scenario: Verify Amazon home page loads successfully # src/test/resources/features/01_home.feature:4

@Home
Scenario: Verify Amazon home page loads successfully # src/test/resources/features/01_home.feature:4
  Given User is on Amazon home page                  # stepDefinitions.HomePageSteps.verifyHomePage()
  Given User is on Amazon home page                  # stepDefinitions.HomePageSteps.verifyHomePage()
]]></system-out>
    <system-err><![CDATA[SLF4J: Failed to load class "org.slf4j.impl.StaticLoggerBinder".
SLF4J: Defaulting to no-operation (NOP) logger implementation
SLF4J: See http://www.slf4j.org/codes.html#StaticLoggerBinder for further details.
Feb 10, 2026 2:57:07 PM org.openqa.selenium.manager.SeleniumManager lambda$runCommand$1
WARNING: The chromedriver version (143.0.7499.42) detected in PATH at /Users/froza/Documents/eclipse_workspace/Selenium/drivers/chromedriver might not be compatible with the detected chrome version (144.1.86.148); currently, chromedriver 144.0.7559.133 is recommended for chrome 144.*, so it is advised to delete the driver in PATH and retry
Feb 10, 2026 2:57:07 PM org.openqa.selenium.manager.SeleniumManager lambda$runCommand$1
WARNING: The chromedriver version (143.0.7499.42) detected in PATH at /Users/froza/Documents/eclipse_workspace/Selenium/drivers/chromedriver might not be compatible with the detected chrome version (144.0.7559.133); currently, chromedriver 144.0.7559.133 is recommended for chrome 144.*, so it is advised to delete the driver in PATH and retry
Feb 10, 2026 2:57:08 PM org.openqa.selenium.devtools.CdpVersionFinder findNearestMatch
WARNING: Unable to find CDP implementation matching 144
Feb 10, 2026 2:57:08 PM org.openqa.selenium.chromium.ChromiumDriver lambda$new$5
WARNING: Unable to find version of CDP to use for 144.0.7559.133. You may need to include a dependency on a specific version of the CDP using something similar to `org.seleniumhq.selenium:selenium-devtools-v86:4.15.0` where the version ("v86") matches the version of the chromium-based browser you're using and the version number of the artifact is the same as Selenium's.
Feb 10, 2026 2:57:08 PM org.openqa.selenium.devtools.CdpVersionFinder findNearestMatch
WARNING: Unable to find CDP implementation matching 144
Feb 10, 2026 2:57:08 PM org.openqa.selenium.chromium.ChromiumDriver lambda$new$5
WARNING: Unable to find version of CDP to use for 144.0.7559.133. You may need to include a dependency on a specific version of the CDP using something similar to `org.seleniumhq.selenium:selenium-devtools-v86:4.15.0` where the version ("v86") matches the version of the chromium-based browser you're using and the version number of the artifact is the same as Selenium's.
]]></system-err>
  </testcase>
  <testcase name="runScenario[&quot;Verify Amazon home page loads successfully&quot;, &quot;Home Page Module&quot;](1)" classname="runners.TestRunner" time="0.069">
    <system-out><![CDATA[
@Home
Scenario: Verify search box present # src/test/resources/features/01_home.feature:7
]]></system-out>
  </testcase>
  <testcase name="runScenario[&quot;Verify search box present&quot;, &quot;Home Page Module&quot;](2)" classname="runners.TestRunner" time="5.103">
    <system-out><![CDATA[
@Home
Scenario: Verify search box present # src/test/resources/features/01_home.feature:7
  Given User is on Amazon home page # stepDefinitions.HomePageSteps.verifyHomePage()
  Then Verify search box present    # stepDefinitions.HomePageSteps.verifySearch()
  Given User is on Amazon home page # stepDefinitions.HomePageSteps.verifyHomePage()
  Then Verify search box present    # stepDefinitions.HomePageSteps.verifySearch()
]]></system-out>
    <system-err><![CDATA[Feb 10, 2026 2:57:13 PM org.openqa.selenium.manager.SeleniumManager lambda$runCommand$1
WARNING: The chromedriver version (143.0.7499.42) detected in PATH at /Users/froza/Documents/eclipse_workspace/Selenium/drivers/chromedriver might not be compatible with the detected chrome version (144.1.86.148); currently, chromedriver 144.0.7559.133 is recommended for chrome 144.*, so it is advised to delete the driver in PATH and retry
Feb 10, 2026 2:57:13 PM org.openqa.selenium.manager.SeleniumManager lambda$runCommand$1
WARNING: The chromedriver version (143.0.7499.42) detected in PATH at /Users/froza/Documents/eclipse_workspace/Selenium/drivers/chromedriver might not be compatible with the detected chrome version (144.0.7559.133); currently, chromedriver 144.0.7559.133 is recommended for chrome 144.*, so it is advised to delete the driver in PATH and retry
Feb 10, 2026 2:57:14 PM org.openqa.selenium.devtools.CdpVersionFinder findNearestMatch
WARNING: Unable to find CDP implementation matching 144
Feb 10, 2026 2:57:14 PM org.openqa.selenium.chromium.ChromiumDriver lambda$new$5
WARNING: Unable to find version of CDP to use for 144.0.7559.133. You may need to include a dependency on a specific version of the CDP using something similar to `org.seleniumhq.selenium:selenium-devtools-v86:4.15.0` where the version ("v86") matches the version of the chromium-based browser you're using and the version number of the artifact is the same as Selenium's.
Feb 10, 2026 2:57:14 PM org.openqa.selenium.devtools.CdpVersionFinder findNearestMatch
WARNING: Unable to find CDP implementation matching 144
Feb 10, 2026 2:57:14 PM org.openqa.selenium.chromium.ChromiumDriver lambda$new$5
WARNING: Unable to find version of CDP to use for 144.0.7559.133. You may need to include a dependency on a specific version of the CDP using something similar to `org.seleniumhq.selenium:selenium-devtools-v86:4.15.0` where the version ("v86") matches the version of the chromium-based browser you're using and the version number of the artifact is the same as Selenium's.
]]></system-err>
  </testcase>
  <testcase name="runScenario[&quot;Verify search box present&quot;, &quot;Home Page Module&quot;](2)" classname="runners.TestRunner" time="0.058">
    <system-out><![CDATA[
@Home
Scenario: Verify category navigation menu present # src/test/resources/features/01_home.feature:11
]]></system-out>
  </testcase>
  <testcase name="runScenario[&quot;Verify category navigation menu present&quot;, &quot;Home Page Module&quot;](3)" classname="runners.TestRunner" time="4.702">
    <system-out><![CDATA[
@Home
Scenario: Verify category navigation menu present # src/test/resources/features/01_home.feature:11
  Given User is on Amazon home page               # stepDefinitions.HomePageSteps.verifyHomePage()
  Then Verify category navigation menu present    # stepDefinitions.HomePageSteps.verifyCategory()
]]></system-out>
    <system-err><![CDATA[Feb 10, 2026 2:57:18 PM org.openqa.selenium.manager.SeleniumManager lambda$runCommand$1
WARNING: The chromedriver version (143.0.7499.42) detected in PATH at /Users/froza/Documents/eclipse_workspace/Selenium/drivers/chromedriver might not be compatible with the detected chrome version (144.1.86.148); currently, chromedriver 144.0.7559.133 is recommended for chrome 144.*, so it is advised to delete the driver in PATH and retry
Feb 10, 2026 2:57:18 PM org.openqa.selenium.manager.SeleniumManager lambda$runCommand$1
WARNING: The chromedriver version (143.0.7499.42) detected in PATH at /Users/froza/Documents/eclipse_workspace/Selenium/drivers/chromedriver might not be compatible with the detected chrome version (144.0.7559.133); currently, chromedriver 144.0.7559.133 is recommended for chrome 144.*, so it is advised to delete the driver in PATH and retry
Feb 10, 2026 2:57:19 PM org.openqa.selenium.devtools.CdpVersionFinder findNearestMatch
WARNING: Unable to find CDP implementation matching 144
Feb 10, 2026 2:57:19 PM org.openqa.selenium.chromium.ChromiumDriver lambda$new$5
WARNING: Unable to find version of CDP to use for 144.0.7559.133. You may need to include a dependency on a specific version of the CDP using something similar to `org.seleniumhq.selenium:selenium-devtools-v86:4.15.0` where the version ("v86") matches the version of the chromium-based browser you're using and the version number of the artifact is the same as Selenium's.
Feb 10, 2026 2:57:19 PM org.openqa.selenium.devtools.CdpVersionFinder findNearestMatch
WARNING: Unable to find CDP implementation matching 144
Feb 10, 2026 2:57:19 PM org.openqa.selenium.chromium.ChromiumDriver lambda$new$5
WARNING: Unable to find version of CDP to use for 144.0.7559.133. You may need to include a dependency on a specific version of the CDP using something similar to `org.seleniumhq.selenium:selenium-devtools-v86:4.15.0` where the version ("v86") matches the version of the chromium-based browser you're using and the version number of the artifact is the same as Selenium's.
]]></system-err>
  </testcase>
  <testcase name="runScenario[&quot;Verify category navigation menu present&quot;, &quot;Home Page Module&quot;](3)" classname="runners.TestRunner" time="0.29">
    <system-out><![CDATA[
@Home
Scenario: Verify banner section visible # src/test/resources/features/01_home.feature:15
  Given User is on Amazon home page               # stepDefinitions.HomePageSteps.verifyHomePage()
  Then Verify category navigation menu present    # stepDefinitions.HomePageSteps.verifyCategory()
]]></system-out>
  </testcase>
  <testcase name="runScenario[&quot;Verify banner section visible&quot;, &quot;Home Page Module&quot;](4)" classname="runners.TestRunner" time="4.812">
    <system-out><![CDATA[
@Home
Scenario: Verify banner section visible # src/test/resources/features/01_home.feature:15
  Given User is on Amazon home page     # stepDefinitions.HomePageSteps.verifyHomePage()
  Then Verify banner section visible    # stepDefinitions.HomePageSteps.verifyBanner()
  Given User is on Amazon home page     # stepDefinitions.HomePageSteps.verifyHomePage()
  Then Verify banner section visible    # stepDefinitions.HomePageSteps.verifyBanner()
]]></system-out>
    <system-err><![CDATA[Feb 10, 2026 2:57:23 PM org.openqa.selenium.manager.SeleniumManager lambda$runCommand$1
WARNING: The chromedriver version (143.0.7499.42) detected in PATH at /Users/froza/Documents/eclipse_workspace/Selenium/drivers/chromedriver might not be compatible with the detected chrome version (144.0.7559.133); currently, chromedriver 144.0.7559.133 is recommended for chrome 144.*, so it is advised to delete the driver in PATH and retry
Feb 10, 2026 2:57:23 PM org.openqa.selenium.manager.SeleniumManager lambda$runCommand$1
WARNING: The chromedriver version (143.0.7499.42) detected in PATH at /Users/froza/Documents/eclipse_workspace/Selenium/drivers/chromedriver might not be compatible with the detected chrome version (144.1.86.148); currently, chromedriver 144.0.7559.133 is recommended for chrome 144.*, so it is advised to delete the driver in PATH and retry
Feb 10, 2026 2:57:23 PM org.openqa.selenium.devtools.CdpVersionFinder findNearestMatch
WARNING: Unable to find CDP implementation matching 144
Feb 10, 2026 2:57:23 PM org.openqa.selenium.chromium.ChromiumDriver lambda$new$5
WARNING: Unable to find version of CDP to use for 144.0.7559.133. You may need to include a dependency on a specific version of the CDP using something similar to `org.seleniumhq.selenium:selenium-devtools-v86:4.15.0` where the version ("v86") matches the version of the chromium-based browser you're using and the version number of the artifact is the same as Selenium's.
Feb 10, 2026 2:57:23 PM org.openqa.selenium.devtools.CdpVersionFinder findNearestMatch
WARNING: Unable to find CDP implementation matching 144
Feb 10, 2026 2:57:23 PM org.openqa.selenium.chromium.ChromiumDriver lambda$new$5
WARNING: Unable to find version of CDP to use for 144.0.7559.133. You may need to include a dependency on a specific version of the CDP using something similar to `org.seleniumhq.selenium:selenium-devtools-v86:4.15.0` where the version ("v86") matches the version of the chromium-based browser you're using and the version number of the artifact is the same as Selenium's.
]]></system-err>
  </testcase>
  <testcase name="runScenario[&quot;Verify banner section visible&quot;, &quot;Home Page Module&quot;](4)" classname="runners.TestRunner" time="0.041">
    <system-out><![CDATA[
@Home
Scenario: Handle location popup     # src/test/resources/features/01_home.feature:19
]]></system-out>
  </testcase>
  <testcase name="runScenario[&quot;Handle location popup&quot;, &quot;Home Page Module&quot;](5)" classname="runners.TestRunner" time="4.874">
    <system-out><![CDATA[
@Home
Scenario: Handle location popup     # src/test/resources/features/01_home.feature:19
  Given User is on Amazon home page # stepDefinitions.HomePageSteps.verifyHomePage()
  Given User is on Amazon home page # stepDefinitions.HomePageSteps.verifyHomePage()
  When User handles location popup  # stepDefinitions.HomePageSteps.locationPopup()
]]></system-out>
    <system-err><![CDATA[Feb 10, 2026 2:57:28 PM org.openqa.selenium.manager.SeleniumManager lambda$runCommand$1
WARNING: The chromedriver version (143.0.7499.42) detected in PATH at /Users/froza/Documents/eclipse_workspace/Selenium/drivers/chromedriver might not be compatible with the detected chrome version (144.1.86.148); currently, chromedriver 144.0.7559.133 is recommended for chrome 144.*, so it is advised to delete the driver in PATH and retry
Feb 10, 2026 2:57:28 PM org.openqa.selenium.manager.SeleniumManager lambda$runCommand$1
WARNING: The chromedriver version (143.0.7499.42) detected in PATH at /Users/froza/Documents/eclipse_workspace/Selenium/drivers/chromedriver might not be compatible with the detected chrome version (144.0.7559.133); currently, chromedriver 144.0.7559.133 is recommended for chrome 144.*, so it is advised to delete the driver in PATH and retry
Feb 10, 2026 2:57:28 PM org.openqa.selenium.devtools.CdpVersionFinder findNearestMatch
WARNING: Unable to find CDP implementation matching 144
Feb 10, 2026 2:57:28 PM org.openqa.selenium.chromium.ChromiumDriver lambda$new$5
WARNING: Unable to find version of CDP to use for 144.0.7559.133. You may need to include a dependency on a specific version of the CDP using something similar to `org.seleniumhq.selenium:selenium-devtools-v86:4.15.0` where the version ("v86") matches the version of the chromium-based browser you're using and the version number of the artifact is the same as Selenium's.
Feb 10, 2026 2:57:28 PM org.openqa.selenium.devtools.CdpVersionFinder findNearestMatch
WARNING: Unable to find CDP implementation matching 144
Feb 10, 2026 2:57:28 PM org.openqa.selenium.chromium.ChromiumDriver lambda$new$5
WARNING: Unable to find version of CDP to use for 144.0.7559.133. You may need to include a dependency on a specific version of the CDP using something similar to `org.seleniumhq.selenium:selenium-devtools-v86:4.15.0` where the version ("v86") matches the version of the chromium-based browser you're using and the version number of the artifact is the same as Selenium's.
]]></system-err>
  </testcase>
  <testcase name="runScenario[&quot;Handle location popup&quot;, &quot;Home Page Module&quot;](5)" classname="runners.TestRunner" time="0.672">
    <system-out><![CDATA[
@Search
Scenario: Search using valid keyword        # src/test/resources/features/02_search.feature:4
  When User handles location popup  # stepDefinitions.HomePageSteps.locationPopup()
]]></system-out>
    <system-err><![CDATA[Feb 10, 2026 2:57:33 PM org.openqa.selenium.manager.SeleniumManager lambda$runCommand$1
WARNING: The chromedriver version (143.0.7499.42) detected in PATH at /Users/froza/Documents/eclipse_workspace/Selenium/drivers/chromedriver might not be compatible with the detected chrome version (144.0.7559.133); currently, chromedriver 144.0.7559.133 is recommended for chrome 144.*, so it is advised to delete the driver in PATH and retry
]]></system-err>
  </testcase>
  <testcase name="runScenario[&quot;Search using valid keyword&quot;, &quot;Search Module&quot;](6)" classname="runners.TestRunner" time="6.318">
    <system-out><![CDATA[
@Search
Scenario: Search using valid keyword        # src/test/resources/features/02_search.feature:4
  Given User is on Amazon home page         # stepDefinitions.HomePageSteps.verifyHomePage()
  Given User is on Amazon home page         # stepDefinitions.HomePageSteps.verifyHomePage()
  When User searches valid product "iphone" # stepDefinitions.SearchSteps.validSearch(java.lang.String)
  When User searches valid product "iphone" # stepDefinitions.SearchSteps.validSearch(java.lang.String)
]]></system-out>
    <system-err><![CDATA[Feb 10, 2026 2:57:33 PM org.openqa.selenium.manager.SeleniumManager lambda$runCommand$1
WARNING: The chromedriver version (143.0.7499.42) detected in PATH at /Users/froza/Documents/eclipse_workspace/Selenium/drivers/chromedriver might not be compatible with the detected chrome version (144.1.86.148); currently, chromedriver 144.0.7559.133 is recommended for chrome 144.*, so it is advised to delete the driver in PATH and retry
Feb 10, 2026 2:57:33 PM org.openqa.selenium.devtools.CdpVersionFinder findNearestMatch
WARNING: Unable to find CDP implementation matching 144
Feb 10, 2026 2:57:33 PM org.openqa.selenium.chromium.ChromiumDriver lambda$new$5
WARNING: Unable to find version of CDP to use for 144.0.7559.133. You may need to include a dependency on a specific version of the CDP using something similar to `org.seleniumhq.selenium:selenium-devtools-v86:4.15.0` where the version ("v86") matches the version of the chromium-based browser you're using and the version number of the artifact is the same as Selenium's.
Feb 10, 2026 2:57:34 PM org.openqa.selenium.devtools.CdpVersionFinder findNearestMatch
WARNING: Unable to find CDP implementation matching 144
Feb 10, 2026 2:57:34 PM org.openqa.selenium.chromium.ChromiumDriver lambda$new$5
WARNING: Unable to find version of CDP to use for 144.0.7559.133. You may need to include a dependency on a specific version of the CDP using something similar to `org.seleniumhq.selenium:selenium-devtools-v86:4.15.0` where the version ("v86") matches the version of the chromium-based browser you're using and the version number of the artifact is the same as Selenium's.
]]></system-err>
  </testcase>
  <testcase name="runScenario[&quot;Search using valid keyword&quot;, &quot;Search Module&quot;](6)" classname="runners.TestRunner" time="6.318"/>
  <testcase name="runScenario[&quot;Search using invalid keyword&quot;, &quot;Search Module&quot;](7)" classname="runners.TestRunner" time="6.283">
    <system-out><![CDATA[
@Search
Scenario: Search using invalid keyword          # src/test/resources/features/02_search.feature:8

@Search
Scenario: Search using invalid keyword          # src/test/resources/features/02_search.feature:8
  Given User is on Amazon home page             # stepDefinitions.HomePageSteps.verifyHomePage()
  Given User is on Amazon home page             # stepDefinitions.HomePageSteps.verifyHomePage()
  When User searches invalid product "zzzzzzzz" # stepDefinitions.SearchSteps.invalidSearch(java.lang.String)
]]></system-out>
    <system-err><![CDATA[Feb 10, 2026 2:57:40 PM org.openqa.selenium.manager.SeleniumManager lambda$runCommand$1
WARNING: The chromedriver version (143.0.7499.42) detected in PATH at /Users/froza/Documents/eclipse_workspace/Selenium/drivers/chromedriver might not be compatible with the detected chrome version (144.0.7559.133); currently, chromedriver 144.0.7559.133 is recommended for chrome 144.*, so it is advised to delete the driver in PATH and retry
Feb 10, 2026 2:57:40 PM org.openqa.selenium.manager.SeleniumManager lambda$runCommand$1
WARNING: The chromedriver version (143.0.7499.42) detected in PATH at /Users/froza/Documents/eclipse_workspace/Selenium/drivers/chromedriver might not be compatible with the detected chrome version (144.1.86.148); currently, chromedriver 144.0.7559.133 is recommended for chrome 144.*, so it is advised to delete the driver in PATH and retry
Feb 10, 2026 2:57:40 PM org.openqa.selenium.devtools.CdpVersionFinder findNearestMatch
WARNING: Unable to find CDP implementation matching 144
Feb 10, 2026 2:57:40 PM org.openqa.selenium.chromium.ChromiumDriver lambda$new$5
WARNING: Unable to find version of CDP to use for 144.0.7559.133. You may need to include a dependency on a specific version of the CDP using something similar to `org.seleniumhq.selenium:selenium-devtools-v86:4.15.0` where the version ("v86") matches the version of the chromium-based browser you're using and the version number of the artifact is the same as Selenium's.
Feb 10, 2026 2:57:40 PM org.openqa.selenium.devtools.CdpVersionFinder findNearestMatch
WARNING: Unable to find CDP implementation matching 144
Feb 10, 2026 2:57:40 PM org.openqa.selenium.chromium.ChromiumDriver lambda$new$5
WARNING: Unable to find version of CDP to use for 144.0.7559.133. You may need to include a dependency on a specific version of the CDP using something similar to `org.seleniumhq.selenium:selenium-devtools-v86:4.15.0` where the version ("v86") matches the version of the chromium-based browser you're using and the version number of the artifact is the same as Selenium's.
]]></system-err>
  </testcase>
  <testcase name="runScenario[&quot;Search using invalid keyword&quot;, &quot;Search Module&quot;](7)" classname="runners.TestRunner" time="0.331">
    <system-out><![CDATA[
@Search
Scenario: Search using special characters      # src/test/resources/features/02_search.feature:12
  When User searches invalid product "zzzzzzzz" # stepDefinitions.SearchSteps.invalidSearch(java.lang.String)
]]></system-out>
  </testcase>
  <testcase name="runScenario[&quot;Search using special characters&quot;, &quot;Search Module&quot;](8)" classname="runners.TestRunner" time="6.445">
    <system-out><![CDATA[
@Search
Scenario: Search using special characters      # src/test/resources/features/02_search.feature:12
  Given User is on Amazon home page            # stepDefinitions.HomePageSteps.verifyHomePage()
  Given User is on Amazon home page            # stepDefinitions.HomePageSteps.verifyHomePage()
  When User searches special characters "@@@@" # stepDefinitions.SearchSteps.specialSearch(java.lang.String)
  When User searches special characters "@@@@" # stepDefinitions.SearchSteps.specialSearch(java.lang.String)
]]></system-out>
    <system-err><![CDATA[Feb 10, 2026 2:57:46 PM org.openqa.selenium.manager.SeleniumManager lambda$runCommand$1
WARNING: The chromedriver version (143.0.7499.42) detected in PATH at /Users/froza/Documents/eclipse_workspace/Selenium/drivers/chromedriver might not be compatible with the detected chrome version (144.0.7559.133); currently, chromedriver 144.0.7559.133 is recommended for chrome 144.*, so it is advised to delete the driver in PATH and retry
Feb 10, 2026 2:57:46 PM org.openqa.selenium.manager.SeleniumManager lambda$runCommand$1
WARNING: The chromedriver version (143.0.7499.42) detected in PATH at /Users/froza/Documents/eclipse_workspace/Selenium/drivers/chromedriver might not be compatible with the detected chrome version (144.1.86.148); currently, chromedriver 144.0.7559.133 is recommended for chrome 144.*, so it is advised to delete the driver in PATH and retry
Feb 10, 2026 2:57:47 PM org.openqa.selenium.devtools.CdpVersionFinder findNearestMatch
WARNING: Unable to find CDP implementation matching 144
Feb 10, 2026 2:57:47 PM org.openqa.selenium.chromium.ChromiumDriver lambda$new$5
WARNING: Unable to find version of CDP to use for 144.0.7559.133. You may need to include a dependency on a specific version of the CDP using something similar to `org.seleniumhq.selenium:selenium-devtools-v86:4.15.0` where the version ("v86") matches the version of the chromium-based browser you're using and the version number of the artifact is the same as Selenium's.
Feb 10, 2026 2:57:47 PM org.openqa.selenium.devtools.CdpVersionFinder findNearestMatch
WARNING: Unable to find CDP implementation matching 144
Feb 10, 2026 2:57:47 PM org.openqa.selenium.chromium.ChromiumDriver lambda$new$5
WARNING: Unable to find version of CDP to use for 144.0.7559.133. You may need to include a dependency on a specific version of the CDP using something similar to `org.seleniumhq.selenium:selenium-devtools-v86:4.15.0` where the version ("v86") matches the version of the chromium-based browser you're using and the version number of the artifact is the same as Selenium's.
]]></system-err>
  </testcase>
  <testcase name="runScenario[&quot;Search using special characters&quot;, &quot;Search Module&quot;](8)" classname="runners.TestRunner" time="0.092">
    <system-out><![CDATA[
@Search
Scenario: Verify search results page displayed # src/test/resources/features/02_search.feature:16
]]></system-out>
  </testcase>
  <testcase name="runScenario[&quot;Verify search results page displayed&quot;, &quot;Search Module&quot;](9)" classname="runners.TestRunner" time="6.093">
    <system-out><![CDATA[
@Search
Scenario: Verify search results page displayed # src/test/resources/features/02_search.feature:16
  Given User is on Amazon home page            # stepDefinitions.HomePageSteps.verifyHomePage()
  Given User is on Amazon home page            # stepDefinitions.HomePageSteps.verifyHomePage()
  When User searches valid product "iphone"    # stepDefinitions.SearchSteps.validSearch(java.lang.String)
  Then Verify results page displayed           # stepDefinitions.SearchSteps.verifyResults()
]]></system-out>
    <system-err><![CDATA[Feb 10, 2026 2:57:53 PM org.openqa.selenium.manager.SeleniumManager lambda$runCommand$1
WARNING: The chromedriver version (143.0.7499.42) detected in PATH at /Users/froza/Documents/eclipse_workspace/Selenium/drivers/chromedriver might not be compatible with the detected chrome version (144.0.7559.133); currently, chromedriver 144.0.7559.133 is recommended for chrome 144.*, so it is advised to delete the driver in PATH and retry
Feb 10, 2026 2:57:53 PM org.openqa.selenium.manager.SeleniumManager lambda$runCommand$1
WARNING: The chromedriver version (143.0.7499.42) detected in PATH at /Users/froza/Documents/eclipse_workspace/Selenium/drivers/chromedriver might not be compatible with the detected chrome version (144.1.86.148); currently, chromedriver 144.0.7559.133 is recommended for chrome 144.*, so it is advised to delete the driver in PATH and retry
Feb 10, 2026 2:57:53 PM org.openqa.selenium.devtools.CdpVersionFinder findNearestMatch
WARNING: Unable to find CDP implementation matching 144
Feb 10, 2026 2:57:53 PM org.openqa.selenium.chromium.ChromiumDriver lambda$new$5
WARNING: Unable to find version of CDP to use for 144.0.7559.133. You may need to include a dependency on a specific version of the CDP using something similar to `org.seleniumhq.selenium:selenium-devtools-v86:4.15.0` where the version ("v86") matches the version of the chromium-based browser you're using and the version number of the artifact is the same as Selenium's.
Feb 10, 2026 2:57:53 PM org.openqa.selenium.devtools.CdpVersionFinder findNearestMatch
WARNING: Unable to find CDP implementation matching 144
Feb 10, 2026 2:57:53 PM org.openqa.selenium.chromium.ChromiumDriver lambda$new$5
WARNING: Unable to find version of CDP to use for 144.0.7559.133. You may need to include a dependency on a specific version of the CDP using something similar to `org.seleniumhq.selenium:selenium-devtools-v86:4.15.0` where the version ("v86") matches the version of the chromium-based browser you're using and the version number of the artifact is the same as Selenium's.
]]></system-err>
  </testcase>
  <testcase name="runScenario[&quot;Verify search results page displayed&quot;, &quot;Search Module&quot;](9)" classname="runners.TestRunner" time="0.303">
    <system-out><![CDATA[
@Search
Scenario: Verify products are listed after search # src/test/resources/features/02_search.feature:21
  When User searches valid product "iphone"    # stepDefinitions.SearchSteps.validSearch(java.lang.String)
  Then Verify results page displayed           # stepDefinitions.SearchSteps.verifyResults()
]]></system-out>
  </testcase>
  <testcase name="runScenario[&quot;Verify products are listed after search&quot;, &quot;Search Module&quot;](10)" classname="runners.TestRunner" time="6.728">
    <system-out><![CDATA[
@Search
Scenario: Verify products are listed after search # src/test/resources/features/02_search.feature:21
  Given User is on Amazon home page               # stepDefinitions.HomePageSteps.verifyHomePage()
  Given User is on Amazon home page               # stepDefinitions.HomePageSteps.verifyHomePage()
  When User searches valid product "iphone"       # stepDefinitions.SearchSteps.validSearch(java.lang.String)
  When User searches valid product "iphone"       # stepDefinitions.SearchSteps.validSearch(java.lang.String)
  Then Verify products are listed                 # stepDefinitions.SearchSteps.verifyProducts()
  Then Verify products are listed                 # stepDefinitions.SearchSteps.verifyProducts()
]]></system-out>
    <system-err><![CDATA[Feb 10, 2026 2:57:59 PM org.openqa.selenium.manager.SeleniumManager lambda$runCommand$1
WARNING: The chromedriver version (143.0.7499.42) detected in PATH at /Users/froza/Documents/eclipse_workspace/Selenium/drivers/chromedriver might not be compatible with the detected chrome version (144.0.7559.133); currently, chromedriver 144.0.7559.133 is recommended for chrome 144.*, so it is advised to delete the driver in PATH and retry
Feb 10, 2026 2:57:59 PM org.openqa.selenium.manager.SeleniumManager lambda$runCommand$1
WARNING: The chromedriver version (143.0.7499.42) detected in PATH at /Users/froza/Documents/eclipse_workspace/Selenium/drivers/chromedriver might not be compatible with the detected chrome version (144.1.86.148); currently, chromedriver 144.0.7559.133 is recommended for chrome 144.*, so it is advised to delete the driver in PATH and retry
Feb 10, 2026 2:58:00 PM org.openqa.selenium.devtools.CdpVersionFinder findNearestMatch
WARNING: Unable to find CDP implementation matching 144
Feb 10, 2026 2:58:00 PM org.openqa.selenium.chromium.ChromiumDriver lambda$new$5
WARNING: Unable to find version of CDP to use for 144.0.7559.133. You may need to include a dependency on a specific version of the CDP using something similar to `org.seleniumhq.selenium:selenium-devtools-v86:4.15.0` where the version ("v86") matches the version of the chromium-based browser you're using and the version number of the artifact is the same as Selenium's.
Feb 10, 2026 2:58:00 PM org.openqa.selenium.devtools.CdpVersionFinder findNearestMatch
WARNING: Unable to find CDP implementation matching 144
Feb 10, 2026 2:58:00 PM org.openqa.selenium.chromium.ChromiumDriver lambda$new$5
WARNING: Unable to find version of CDP to use for 144.0.7559.133. You may need to include a dependency on a specific version of the CDP using something similar to `org.seleniumhq.selenium:selenium-devtools-v86:4.15.0` where the version ("v86") matches the version of the chromium-based browser you're using and the version number of the artifact is the same as Selenium's.
]]></system-err>
  </testcase>
  <testcase name="runScenario[&quot;Verify products are listed after search&quot;, &quot;Search Module&quot;](10)" classname="runners.TestRunner" time="0.011">
    <system-out><![CDATA[
@Listing
Scenario: Verify product listing page displays multiple products # src/test/resources/features/03_listing.feature:4
]]></system-out>
  </testcase>
  <testcase name="runScenario[&quot;Verify product listing page displays multiple products&quot;, &quot;Product Listing Module&quot;](11)" classname="runners.TestRunner" time="7.026">
    <system-out><![CDATA[
@Listing
Scenario: Verify product listing page displays multiple products # src/test/resources/features/03_listing.feature:4
  Given User is on Amazon home page                              # stepDefinitions.HomePageSteps.verifyHomePage()
  Given User is on Amazon home page                              # stepDefinitions.HomePageSteps.verifyHomePage()
  When User searches valid product "samsung phone"               # stepDefinitions.SearchSteps.validSearch(java.lang.String)
  Then Verify multiple products displayed                        # stepDefinitions.ProductListingSteps.verifyProducts()
  When User searches valid product "samsung phone"               # stepDefinitions.SearchSteps.validSearch(java.lang.String)
  Then Verify multiple products displayed                        # stepDefinitions.ProductListingSteps.verifyProducts()
]]></system-out>
    <system-err><![CDATA[Feb 10, 2026 2:58:06 PM org.openqa.selenium.manager.SeleniumManager lambda$runCommand$1
WARNING: The chromedriver version (143.0.7499.42) detected in PATH at /Users/froza/Documents/eclipse_workspace/Selenium/drivers/chromedriver might not be compatible with the detected chrome version (144.0.7559.133); currently, chromedriver 144.0.7559.133 is recommended for chrome 144.*, so it is advised to delete the driver in PATH and retry
Feb 10, 2026 2:58:06 PM org.openqa.selenium.manager.SeleniumManager lambda$runCommand$1
WARNING: The chromedriver version (143.0.7499.42) detected in PATH at /Users/froza/Documents/eclipse_workspace/Selenium/drivers/chromedriver might not be compatible with the detected chrome version (144.1.86.148); currently, chromedriver 144.0.7559.133 is recommended for chrome 144.*, so it is advised to delete the driver in PATH and retry
Feb 10, 2026 2:58:07 PM org.openqa.selenium.devtools.CdpVersionFinder findNearestMatch
WARNING: Unable to find CDP implementation matching 144
Feb 10, 2026 2:58:07 PM org.openqa.selenium.chromium.ChromiumDriver lambda$new$5
WARNING: Unable to find version of CDP to use for 144.0.7559.133. You may need to include a dependency on a specific version of the CDP using something similar to `org.seleniumhq.selenium:selenium-devtools-v86:4.15.0` where the version ("v86") matches the version of the chromium-based browser you're using and the version number of the artifact is the same as Selenium's.
Feb 10, 2026 2:58:07 PM org.openqa.selenium.devtools.CdpVersionFinder findNearestMatch
WARNING: Unable to find CDP implementation matching 144
Feb 10, 2026 2:58:07 PM org.openqa.selenium.chromium.ChromiumDriver lambda$new$5
WARNING: Unable to find version of CDP to use for 144.0.7559.133. You may need to include a dependency on a specific version of the CDP using something similar to `org.seleniumhq.selenium:selenium-devtools-v86:4.15.0` where the version ("v86") matches the version of the chromium-based browser you're using and the version number of the artifact is the same as Selenium's.
]]></system-err>
  </testcase>
  <testcase name="runScenario[&quot;Verify product listing page displays multiple products&quot;, &quot;Product Listing Module&quot;](11)" classname="runners.TestRunner" time="0.036">
    <system-out><![CDATA[
@Listing
Scenario: Apply price filter                       # src/test/resources/features/03_listing.feature:9
]]></system-out>
  </testcase>
  <testcase name="runScenario[&quot;Apply price filter&quot;, &quot;Product Listing Module&quot;](12)" classname="runners.TestRunner" time="6.943">
    <system-out><![CDATA[
@Listing
Scenario: Apply price filter                       # src/test/resources/features/03_listing.feature:9
  Given User is on Amazon home page                # stepDefinitions.HomePageSteps.verifyHomePage()
  Given User is on Amazon home page                # stepDefinitions.HomePageSteps.verifyHomePage()
  When User searches valid product "samsung phone" # stepDefinitions.SearchSteps.validSearch(java.lang.String)
  When User searches valid product "samsung phone" # stepDefinitions.SearchSteps.validSearch(java.lang.String)
  And User applies price filter                    # stepDefinitions.ProductListingSteps.priceFilter()
  Then Verify multiple products displayed          # stepDefinitions.ProductListingSteps.verifyProducts()
  And User applies price filter                    # stepDefinitions.ProductListingSteps.priceFilter()
]]></system-out>
    <system-err><![CDATA[Feb 10, 2026 2:58:13 PM org.openqa.selenium.manager.SeleniumManager lambda$runCommand$1
WARNING: The chromedriver version (143.0.7499.42) detected in PATH at /Users/froza/Documents/eclipse_workspace/Selenium/drivers/chromedriver might not be compatible with the detected chrome version (144.1.86.148); currently, chromedriver 144.0.7559.133 is recommended for chrome 144.*, so it is advised to delete the driver in PATH and retry
Feb 10, 2026 2:58:13 PM org.openqa.selenium.manager.SeleniumManager lambda$runCommand$1
WARNING: The chromedriver version (143.0.7499.42) detected in PATH at /Users/froza/Documents/eclipse_workspace/Selenium/drivers/chromedriver might not be compatible with the detected chrome version (144.0.7559.133); currently, chromedriver 144.0.7559.133 is recommended for chrome 144.*, so it is advised to delete the driver in PATH and retry
Feb 10, 2026 2:58:14 PM org.openqa.selenium.devtools.CdpVersionFinder findNearestMatch
WARNING: Unable to find CDP implementation matching 144
Feb 10, 2026 2:58:14 PM org.openqa.selenium.chromium.ChromiumDriver lambda$new$5
WARNING: Unable to find version of CDP to use for 144.0.7559.133. You may need to include a dependency on a specific version of the CDP using something similar to `org.seleniumhq.selenium:selenium-devtools-v86:4.15.0` where the version ("v86") matches the version of the chromium-based browser you're using and the version number of the artifact is the same as Selenium's.
Feb 10, 2026 2:58:14 PM org.openqa.selenium.devtools.CdpVersionFinder findNearestMatch
WARNING: Unable to find CDP implementation matching 144
Feb 10, 2026 2:58:14 PM org.openqa.selenium.chromium.ChromiumDriver lambda$new$5
WARNING: Unable to find version of CDP to use for 144.0.7559.133. You may need to include a dependency on a specific version of the CDP using something similar to `org.seleniumhq.selenium:selenium-devtools-v86:4.15.0` where the version ("v86") matches the version of the chromium-based browser you're using and the version number of the artifact is the same as Selenium's.
]]></system-err>
  </testcase>
  <testcase name="runScenario[&quot;Apply price filter&quot;, &quot;Product Listing Module&quot;](12)" classname="runners.TestRunner" time="0.112">
    <system-out><![CDATA[
@Listing
Scenario: Apply brand filter                       # src/test/resources/features/03_listing.feature:15
  Then Verify multiple products displayed          # stepDefinitions.ProductListingSteps.verifyProducts()
]]></system-out>
  </testcase>
  <testcase name="runScenario[&quot;Apply brand filter&quot;, &quot;Product Listing Module&quot;](13)" classname="runners.TestRunner" time="7.534">
    <system-out><![CDATA[
@Listing
Scenario: Apply brand filter                       # src/test/resources/features/03_listing.feature:15
  Given User is on Amazon home page                # stepDefinitions.HomePageSteps.verifyHomePage()
  Given User is on Amazon home page                # stepDefinitions.HomePageSteps.verifyHomePage()
  When User searches valid product "samsung phone" # stepDefinitions.SearchSteps.validSearch(java.lang.String)
  And User applies brand filter                    # stepDefinitions.ProductListingSteps.brandFilter()
  When User searches valid product "samsung phone" # stepDefinitions.SearchSteps.validSearch(java.lang.String)
  Then Verify multiple products displayed          # stepDefinitions.ProductListingSteps.verifyProducts()
]]></system-out>
    <system-err><![CDATA[Feb 10, 2026 2:58:20 PM org.openqa.selenium.manager.SeleniumManager lambda$runCommand$1
WARNING: The chromedriver version (143.0.7499.42) detected in PATH at /Users/froza/Documents/eclipse_workspace/Selenium/drivers/chromedriver might not be compatible with the detected chrome version (144.0.7559.133); currently, chromedriver 144.0.7559.133 is recommended for chrome 144.*, so it is advised to delete the driver in PATH and retry
Feb 10, 2026 2:58:20 PM org.openqa.selenium.manager.SeleniumManager lambda$runCommand$1
WARNING: The chromedriver version (143.0.7499.42) detected in PATH at /Users/froza/Documents/eclipse_workspace/Selenium/drivers/chromedriver might not be compatible with the detected chrome version (144.1.86.148); currently, chromedriver 144.0.7559.133 is recommended for chrome 144.*, so it is advised to delete the driver in PATH and retry
Feb 10, 2026 2:58:21 PM org.openqa.selenium.devtools.CdpVersionFinder findNearestMatch
WARNING: Unable to find CDP implementation matching 144
Feb 10, 2026 2:58:21 PM org.openqa.selenium.chromium.ChromiumDriver lambda$new$5
WARNING: Unable to find version of CDP to use for 144.0.7559.133. You may need to include a dependency on a specific version of the CDP using something similar to `org.seleniumhq.selenium:selenium-devtools-v86:4.15.0` where the version ("v86") matches the version of the chromium-based browser you're using and the version number of the artifact is the same as Selenium's.
Feb 10, 2026 2:58:21 PM org.openqa.selenium.devtools.CdpVersionFinder findNearestMatch
WARNING: Unable to find CDP implementation matching 144
Feb 10, 2026 2:58:21 PM org.openqa.selenium.chromium.ChromiumDriver lambda$new$5
WARNING: Unable to find version of CDP to use for 144.0.7559.133. You may need to include a dependency on a specific version of the CDP using something similar to `org.seleniumhq.selenium:selenium-devtools-v86:4.15.0` where the version ("v86") matches the version of the chromium-based browser you're using and the version number of the artifact is the same as Selenium's.
]]></system-err>
  </testcase>
  <testcase name="runScenario[&quot;Apply brand filter&quot;, &quot;Product Listing Module&quot;](13)" classname="runners.TestRunner" time="1.026">
    <system-out><![CDATA[
@Listing
Scenario: Clear filters and verify results reset   # src/test/resources/features/03_listing.feature:21
  And User applies brand filter                    # stepDefinitions.ProductListingSteps.brandFilter()
  Then Verify multiple products displayed          # stepDefinitions.ProductListingSteps.verifyProducts()
]]></system-out>
    <system-err><![CDATA[Feb 10, 2026 2:58:28 PM org.openqa.selenium.manager.SeleniumManager lambda$runCommand$1
WARNING: The chromedriver version (143.0.7499.42) detected in PATH at /Users/froza/Documents/eclipse_workspace/Selenium/drivers/chromedriver might not be compatible with the detected chrome version (144.0.7559.133); currently, chromedriver 144.0.7559.133 is recommended for chrome 144.*, so it is advised to delete the driver in PATH and retry
Feb 10, 2026 2:58:28 PM org.openqa.selenium.devtools.CdpVersionFinder findNearestMatch
WARNING: Unable to find CDP implementation matching 144
Feb 10, 2026 2:58:28 PM org.openqa.selenium.chromium.ChromiumDriver lambda$new$5
WARNING: Unable to find version of CDP to use for 144.0.7559.133. You may need to include a dependency on a specific version of the CDP using something similar to `org.seleniumhq.selenium:selenium-devtools-v86:4.15.0` where the version ("v86") matches the version of the chromium-based browser you're using and the version number of the artifact is the same as Selenium's.
]]></system-err>
  </testcase>
  <testcase name="runScenario[&quot;Clear filters and verify results reset&quot;, &quot;Product Listing Module&quot;](14)" classname="runners.TestRunner" time="7.776">
    <system-out><![CDATA[
@Listing
Scenario: Clear filters and verify results reset   # src/test/resources/features/03_listing.feature:21
  Given User is on Amazon home page                # stepDefinitions.HomePageSteps.verifyHomePage()
  Given User is on Amazon home page                # stepDefinitions.HomePageSteps.verifyHomePage()
  When User searches valid product "samsung phone" # stepDefinitions.SearchSteps.validSearch(java.lang.String)
  And User applies price filter                    # stepDefinitions.ProductListingSteps.priceFilter()
  When User searches valid product "samsung phone" # stepDefinitions.SearchSteps.validSearch(java.lang.String)
  And User applies price filter                    # stepDefinitions.ProductListingSteps.priceFilter()
  When User clears filters                         # stepDefinitions.ProductListingSteps.clearFilters()
  Then Verify multiple products displayed          # stepDefinitions.ProductListingSteps.verifyProducts()
]]></system-out>
    <system-err><![CDATA[Feb 10, 2026 2:58:29 PM org.openqa.selenium.manager.SeleniumManager lambda$runCommand$1
WARNING: The chromedriver version (143.0.7499.42) detected in PATH at /Users/froza/Documents/eclipse_workspace/Selenium/drivers/chromedriver might not be compatible with the detected chrome version (144.1.86.148); currently, chromedriver 144.0.7559.133 is recommended for chrome 144.*, so it is advised to delete the driver in PATH and retry
Feb 10, 2026 2:58:29 PM org.openqa.selenium.devtools.CdpVersionFinder findNearestMatch
WARNING: Unable to find CDP implementation matching 144
Feb 10, 2026 2:58:29 PM org.openqa.selenium.chromium.ChromiumDriver lambda$new$5
WARNING: Unable to find version of CDP to use for 144.0.7559.133. You may need to include a dependency on a specific version of the CDP using something similar to `org.seleniumhq.selenium:selenium-devtools-v86:4.15.0` where the version ("v86") matches the version of the chromium-based browser you're using and the version number of the artifact is the same as Selenium's.
]]></system-err>
  </testcase>
  <testcase name="runScenario[&quot;Clear filters and verify results reset&quot;, &quot;Product Listing Module&quot;](14)" classname="runners.TestRunner" time="0.164">
    <system-out><![CDATA[
@Sorting
Scenario: Sort products by price low to high       # src/test/resources/features/04_sorting.feature:4
  When User clears filters                         # stepDefinitions.ProductListingSteps.clearFilters()
  Then Verify multiple products displayed          # stepDefinitions.ProductListingSteps.verifyProducts()
]]></system-out>
  </testcase>
  <testcase name="runScenario[&quot;Sort products by price low to high&quot;, &quot;Sorting Module&quot;](15)" classname="runners.TestRunner" time="7.859">
    <system-out><![CDATA[
@Sorting
Scenario: Sort products by price low to high       # src/test/resources/features/04_sorting.feature:4
  Given User is on Amazon home page                # stepDefinitions.HomePageSteps.verifyHomePage()
  Given User is on Amazon home page                # stepDefinitions.HomePageSteps.verifyHomePage()
  When User searches valid product "samsung phone" # stepDefinitions.SearchSteps.validSearch(java.lang.String)
  And User sorts by price low to high              # stepDefinitions.SortingSteps.sortLow()
  When User searches valid product "samsung phone" # stepDefinitions.SearchSteps.validSearch(java.lang.String)
  And User sorts by price low to high              # stepDefinitions.SortingSteps.sortLow()
  Then Verify sorting applied                      # stepDefinitions.SortingSteps.verifySorting()
  Then Verify sorting applied                      # stepDefinitions.SortingSteps.verifySorting()
]]></system-out>
    <system-err><![CDATA[Feb 10, 2026 2:58:36 PM org.openqa.selenium.manager.SeleniumManager lambda$runCommand$1
WARNING: The chromedriver version (143.0.7499.42) detected in PATH at /Users/froza/Documents/eclipse_workspace/Selenium/drivers/chromedriver might not be compatible with the detected chrome version (144.0.7559.133); currently, chromedriver 144.0.7559.133 is recommended for chrome 144.*, so it is advised to delete the driver in PATH and retry
Feb 10, 2026 2:58:37 PM org.openqa.selenium.manager.SeleniumManager lambda$runCommand$1
WARNING: The chromedriver version (143.0.7499.42) detected in PATH at /Users/froza/Documents/eclipse_workspace/Selenium/drivers/chromedriver might not be compatible with the detected chrome version (144.1.86.148); currently, chromedriver 144.0.7559.133 is recommended for chrome 144.*, so it is advised to delete the driver in PATH and retry
Feb 10, 2026 2:58:37 PM org.openqa.selenium.devtools.CdpVersionFinder findNearestMatch
WARNING: Unable to find CDP implementation matching 144
Feb 10, 2026 2:58:37 PM org.openqa.selenium.chromium.ChromiumDriver lambda$new$5
WARNING: Unable to find version of CDP to use for 144.0.7559.133. You may need to include a dependency on a specific version of the CDP using something similar to `org.seleniumhq.selenium:selenium-devtools-v86:4.15.0` where the version ("v86") matches the version of the chromium-based browser you're using and the version number of the artifact is the same as Selenium's.
Feb 10, 2026 2:58:37 PM org.openqa.selenium.devtools.CdpVersionFinder findNearestMatch
WARNING: Unable to find CDP implementation matching 144
Feb 10, 2026 2:58:37 PM org.openqa.selenium.chromium.ChromiumDriver lambda$new$5
WARNING: Unable to find version of CDP to use for 144.0.7559.133. You may need to include a dependency on a specific version of the CDP using something similar to `org.seleniumhq.selenium:selenium-devtools-v86:4.15.0` where the version ("v86") matches the version of the chromium-based browser you're using and the version number of the artifact is the same as Selenium's.
]]></system-err>
  </testcase>
  <testcase name="runScenario[&quot;Sort products by price low to high&quot;, &quot;Sorting Module&quot;](15)" classname="runners.TestRunner" time="0.049">
    <system-out><![CDATA[
@Sorting
Scenario: Sort products by customer review         # src/test/resources/features/04_sorting.feature:10
]]></system-out>
  </testcase>
  <testcase name="runScenario[&quot;Sort products by customer review&quot;, &quot;Sorting Module&quot;](16)" classname="runners.TestRunner" time="7.65">
    <system-out><![CDATA[
@Sorting
Scenario: Sort products by customer review         # src/test/resources/features/04_sorting.feature:10
  Given User is on Amazon home page                # stepDefinitions.HomePageSteps.verifyHomePage()
  Given User is on Amazon home page                # stepDefinitions.HomePageSteps.verifyHomePage()
  When User searches valid product "samsung phone" # stepDefinitions.SearchSteps.validSearch(java.lang.String)
  When User searches valid product "samsung phone" # stepDefinitions.SearchSteps.validSearch(java.lang.String)
  And User sorts by customer review                # stepDefinitions.SortingSteps.sortReview()
  And User sorts by customer review                # stepDefinitions.SortingSteps.sortReview()
  Then Verify sorting applied                      # stepDefinitions.SortingSteps.verifySorting()
  Then Verify sorting applied                      # stepDefinitions.SortingSteps.verifySorting()
]]></system-out>
    <system-err><![CDATA[Feb 10, 2026 2:58:45 PM org.openqa.selenium.manager.SeleniumManager lambda$runCommand$1
WARNING: The chromedriver version (143.0.7499.42) detected in PATH at /Users/froza/Documents/eclipse_workspace/Selenium/drivers/chromedriver might not be compatible with the detected chrome version (144.1.86.148); currently, chromedriver 144.0.7559.133 is recommended for chrome 144.*, so it is advised to delete the driver in PATH and retry
Feb 10, 2026 2:58:45 PM org.openqa.selenium.manager.SeleniumManager lambda$runCommand$1
WARNING: The chromedriver version (143.0.7499.42) detected in PATH at /Users/froza/Documents/eclipse_workspace/Selenium/drivers/chromedriver might not be compatible with the detected chrome version (144.0.7559.133); currently, chromedriver 144.0.7559.133 is recommended for chrome 144.*, so it is advised to delete the driver in PATH and retry
Feb 10, 2026 2:58:45 PM org.openqa.selenium.devtools.CdpVersionFinder findNearestMatch
WARNING: Unable to find CDP implementation matching 144
Feb 10, 2026 2:58:45 PM org.openqa.selenium.chromium.ChromiumDriver lambda$new$5
WARNING: Unable to find version of CDP to use for 144.0.7559.133. You may need to include a dependency on a specific version of the CDP using something similar to `org.seleniumhq.selenium:selenium-devtools-v86:4.15.0` where the version ("v86") matches the version of the chromium-based browser you're using and the version number of the artifact is the same as Selenium's.
Feb 10, 2026 2:58:45 PM org.openqa.selenium.devtools.CdpVersionFinder findNearestMatch
WARNING: Unable to find CDP implementation matching 144
Feb 10, 2026 2:58:45 PM org.openqa.selenium.chromium.ChromiumDriver lambda$new$5
WARNING: Unable to find version of CDP to use for 144.0.7559.133. You may need to include a dependency on a specific version of the CDP using something similar to `org.seleniumhq.selenium:selenium-devtools-v86:4.15.0` where the version ("v86") matches the version of the chromium-based browser you're using and the version number of the artifact is the same as Selenium's.
]]></system-err>
  </testcase>
  <testcase name="runScenario[&quot;Sort products by customer review&quot;, &quot;Sorting Module&quot;](16)" classname="runners.TestRunner" time="0.063">
    <system-out><![CDATA[
@Sorting
Scenario: Verify sorting reflects correctly in product list # src/test/resources/features/04_sorting.feature:16
]]></system-out>
  </testcase>
  <testcase name="runScenario[&quot;Verify sorting reflects correctly in product list&quot;, &quot;Sorting Module&quot;](17)" classname="runners.TestRunner" time="7.481">
    <system-out><![CDATA[
@Sorting
Scenario: Verify sorting reflects correctly in product list # src/test/resources/features/04_sorting.feature:16
  Given User is on Amazon home page                         # stepDefinitions.HomePageSteps.verifyHomePage()
  Given User is on Amazon home page                         # stepDefinitions.HomePageSteps.verifyHomePage()
  When User searches valid product "samsung phone"          # stepDefinitions.SearchSteps.validSearch(java.lang.String)
  And User sorts by price low to high                       # stepDefinitions.SortingSteps.sortLow()
  When User searches valid product "samsung phone"          # stepDefinitions.SearchSteps.validSearch(java.lang.String)
  And User sorts by price low to high                       # stepDefinitions.SortingSteps.sortLow()
  Then Verify sorting applied                               # stepDefinitions.SortingSteps.verifySorting()
]]></system-out>
    <system-err><![CDATA[Feb 10, 2026 2:58:52 PM org.openqa.selenium.manager.SeleniumManager lambda$runCommand$1
WARNING: The chromedriver version (143.0.7499.42) detected in PATH at /Users/froza/Documents/eclipse_workspace/Selenium/drivers/chromedriver might not be compatible with the detected chrome version (144.0.7559.133); currently, chromedriver 144.0.7559.133 is recommended for chrome 144.*, so it is advised to delete the driver in PATH and retry
Feb 10, 2026 2:58:52 PM org.openqa.selenium.manager.SeleniumManager lambda$runCommand$1
WARNING: The chromedriver version (143.0.7499.42) detected in PATH at /Users/froza/Documents/eclipse_workspace/Selenium/drivers/chromedriver might not be compatible with the detected chrome version (144.1.86.148); currently, chromedriver 144.0.7559.133 is recommended for chrome 144.*, so it is advised to delete the driver in PATH and retry
Feb 10, 2026 2:58:53 PM org.openqa.selenium.devtools.CdpVersionFinder findNearestMatch
WARNING: Unable to find CDP implementation matching 144
Feb 10, 2026 2:58:53 PM org.openqa.selenium.chromium.ChromiumDriver lambda$new$5
WARNING: Unable to find version of CDP to use for 144.0.7559.133. You may need to include a dependency on a specific version of the CDP using something similar to `org.seleniumhq.selenium:selenium-devtools-v86:4.15.0` where the version ("v86") matches the version of the chromium-based browser you're using and the version number of the artifact is the same as Selenium's.
Feb 10, 2026 2:58:53 PM org.openqa.selenium.devtools.CdpVersionFinder findNearestMatch
WARNING: Unable to find CDP implementation matching 144
Feb 10, 2026 2:58:53 PM org.openqa.selenium.chromium.ChromiumDriver lambda$new$5
WARNING: Unable to find version of CDP to use for 144.0.7559.133. You may need to include a dependency on a specific version of the CDP using something similar to `org.seleniumhq.selenium:selenium-devtools-v86:4.15.0` where the version ("v86") matches the version of the chromium-based browser you're using and the version number of the artifact is the same as Selenium's.
]]></system-err>
  </testcase>
  <testcase name="runScenario[&quot;Verify sorting reflects correctly in product list&quot;, &quot;Sorting Module&quot;](17)" classname="runners.TestRunner" time="0.509">
    <system-out><![CDATA[
@Details
Scenario: Navigate to product details page         # src/test/resources/features/05_details.feature:4
  Then Verify sorting applied                               # stepDefinitions.SortingSteps.verifySorting()
]]></system-out>
    <system-err><![CDATA[Feb 10, 2026 2:59:00 PM org.openqa.selenium.manager.SeleniumManager lambda$runCommand$1
WARNING: The chromedriver version (143.0.7499.42) detected in PATH at /Users/froza/Documents/eclipse_workspace/Selenium/drivers/chromedriver might not be compatible with the detected chrome version (144.1.86.148); currently, chromedriver 144.0.7559.133 is recommended for chrome 144.*, so it is advised to delete the driver in PATH and retry
]]></system-err>
  </testcase>
  <testcase name="runScenario[&quot;Navigate to product details page&quot;, &quot;Product Details Module&quot;](18)" classname="runners.TestRunner" time="7.21">
    <system-out><![CDATA[
@Details
Scenario: Navigate to product details page         # src/test/resources/features/05_details.feature:4
  Given User is on Amazon home page                # stepDefinitions.HomePageSteps.verifyHomePage()
  Given User is on Amazon home page                # stepDefinitions.HomePageSteps.verifyHomePage()
  When User searches valid product "samsung phone" # stepDefinitions.SearchSteps.validSearch(java.lang.String)
  When User searches valid product "samsung phone" # stepDefinitions.SearchSteps.validSearch(java.lang.String)
  And User opens first product details             # stepDefinitions.ProductDetailsSteps.openProduct()
]]></system-out>
    <system-err><![CDATA[Feb 10, 2026 2:59:00 PM org.openqa.selenium.manager.SeleniumManager lambda$runCommand$1
WARNING: The chromedriver version (143.0.7499.42) detected in PATH at /Users/froza/Documents/eclipse_workspace/Selenium/drivers/chromedriver might not be compatible with the detected chrome version (144.0.7559.133); currently, chromedriver 144.0.7559.133 is recommended for chrome 144.*, so it is advised to delete the driver in PATH and retry
Feb 10, 2026 2:59:00 PM org.openqa.selenium.devtools.CdpVersionFinder findNearestMatch
WARNING: Unable to find CDP implementation matching 144
Feb 10, 2026 2:59:00 PM org.openqa.selenium.chromium.ChromiumDriver lambda$new$5
WARNING: Unable to find version of CDP to use for 144.0.7559.133. You may need to include a dependency on a specific version of the CDP using something similar to `org.seleniumhq.selenium:selenium-devtools-v86:4.15.0` where the version ("v86") matches the version of the chromium-based browser you're using and the version number of the artifact is the same as Selenium's.
Feb 10, 2026 2:59:01 PM org.openqa.selenium.devtools.CdpVersionFinder findNearestMatch
WARNING: Unable to find CDP implementation matching 144
Feb 10, 2026 2:59:01 PM org.openqa.selenium.chromium.ChromiumDriver lambda$new$5
WARNING: Unable to find version of CDP to use for 144.0.7559.133. You may need to include a dependency on a specific version of the CDP using something similar to `org.seleniumhq.selenium:selenium-devtools-v86:4.15.0` where the version ("v86") matches the version of the chromium-based browser you're using and the version number of the artifact is the same as Selenium's.
]]></system-err>
  </testcase>
  <testcase name="runScenario[&quot;Navigate to product details page&quot;, &quot;Product Details Module&quot;](18)" classname="runners.TestRunner" time="0.147">
    <system-out><![CDATA[
@Details
Scenario: Verify product title displayed           # src/test/resources/features/05_details.feature:9
  And User opens first product details             # stepDefinitions.ProductDetailsSteps.openProduct()
]]></system-out>
  </testcase>
  <testcase name="runScenario[&quot;Verify product title displayed&quot;, &quot;Product Details Module&quot;](19)" classname="runners.TestRunner" time="9.25">
    <system-out><![CDATA[
@Details
Scenario: Verify product title displayed           # src/test/resources/features/05_details.feature:9
  Given User is on Amazon home page                # stepDefinitions.HomePageSteps.verifyHomePage()
  Given User is on Amazon home page                # stepDefinitions.HomePageSteps.verifyHomePage()
  When User searches valid product "samsung phone" # stepDefinitions.SearchSteps.validSearch(java.lang.String)
  And User opens first product details             # stepDefinitions.ProductDetailsSteps.openProduct()
  When User searches valid product "samsung phone" # stepDefinitions.SearchSteps.validSearch(java.lang.String)
  And User opens first product details             # stepDefinitions.ProductDetailsSteps.openProduct()
  Then Verify product title visible                # stepDefinitions.ProductDetailsSteps.verifyTitle()
]]></system-out>
    <system-err><![CDATA[Feb 10, 2026 2:59:07 PM org.openqa.selenium.manager.SeleniumManager lambda$runCommand$1
WARNING: The chromedriver version (143.0.7499.42) detected in PATH at /Users/froza/Documents/eclipse_workspace/Selenium/drivers/chromedriver might not be compatible with the detected chrome version (144.0.7559.133); currently, chromedriver 144.0.7559.133 is recommended for chrome 144.*, so it is advised to delete the driver in PATH and retry
Feb 10, 2026 2:59:08 PM org.openqa.selenium.manager.SeleniumManager lambda$runCommand$1
WARNING: The chromedriver version (143.0.7499.42) detected in PATH at /Users/froza/Documents/eclipse_workspace/Selenium/drivers/chromedriver might not be compatible with the detected chrome version (144.1.86.148); currently, chromedriver 144.0.7559.133 is recommended for chrome 144.*, so it is advised to delete the driver in PATH and retry
Feb 10, 2026 2:59:08 PM org.openqa.selenium.devtools.CdpVersionFinder findNearestMatch
WARNING: Unable to find CDP implementation matching 144
Feb 10, 2026 2:59:08 PM org.openqa.selenium.chromium.ChromiumDriver lambda$new$5
WARNING: Unable to find version of CDP to use for 144.0.7559.133. You may need to include a dependency on a specific version of the CDP using something similar to `org.seleniumhq.selenium:selenium-devtools-v86:4.15.0` where the version ("v86") matches the version of the chromium-based browser you're using and the version number of the artifact is the same as Selenium's.
Feb 10, 2026 2:59:08 PM org.openqa.selenium.devtools.CdpVersionFinder findNearestMatch
WARNING: Unable to find CDP implementation matching 144
Feb 10, 2026 2:59:08 PM org.openqa.selenium.chromium.ChromiumDriver lambda$new$5
WARNING: Unable to find version of CDP to use for 144.0.7559.133. You may need to include a dependency on a specific version of the CDP using something similar to `org.seleniumhq.selenium:selenium-devtools-v86:4.15.0` where the version ("v86") matches the version of the chromium-based browser you're using and the version number of the artifact is the same as Selenium's.
]]></system-err>
  </testcase>
  <testcase name="runScenario[&quot;Verify product title displayed&quot;, &quot;Product Details Module&quot;](19)" classname="runners.TestRunner" time="0.673">
    <system-out><![CDATA[
@Details
Scenario: Verify product price displayed           # src/test/resources/features/05_details.feature:15
  Then Verify product title visible                # stepDefinitions.ProductDetailsSteps.verifyTitle()
]]></system-out>
    <system-err><![CDATA[Feb 10, 2026 2:59:17 PM org.openqa.selenium.manager.SeleniumManager lambda$runCommand$1
WARNING: The chromedriver version (143.0.7499.42) detected in PATH at /Users/froza/Documents/eclipse_workspace/Selenium/drivers/chromedriver might not be compatible with the detected chrome version (144.0.7559.133); currently, chromedriver 144.0.7559.133 is recommended for chrome 144.*, so it is advised to delete the driver in PATH and retry
]]></system-err>
  </testcase>
  <testcase name="runScenario[&quot;Verify product price displayed&quot;, &quot;Product Details Module&quot;](20)" classname="runners.TestRunner" time="8.987">
    <system-out><![CDATA[
@Details
Scenario: Verify product price displayed           # src/test/resources/features/05_details.feature:15
  Given User is on Amazon home page                # stepDefinitions.HomePageSteps.verifyHomePage()
  Given User is on Amazon home page                # stepDefinitions.HomePageSteps.verifyHomePage()
  When User searches valid product "samsung phone" # stepDefinitions.SearchSteps.validSearch(java.lang.String)
  And User opens first product details             # stepDefinitions.ProductDetailsSteps.openProduct()
  When User searches valid product "samsung phone" # stepDefinitions.SearchSteps.validSearch(java.lang.String)
  And User opens first product details             # stepDefinitions.ProductDetailsSteps.openProduct()
  Then Verify product price visible                # stepDefinitions.ProductDetailsSteps.verifyPrice()
]]></system-out>
    <system-err><![CDATA[Feb 10, 2026 2:59:17 PM org.openqa.selenium.manager.SeleniumManager lambda$runCommand$1
WARNING: The chromedriver version (143.0.7499.42) detected in PATH at /Users/froza/Documents/eclipse_workspace/Selenium/drivers/chromedriver might not be compatible with the detected chrome version (144.1.86.148); currently, chromedriver 144.0.7559.133 is recommended for chrome 144.*, so it is advised to delete the driver in PATH and retry
Feb 10, 2026 2:59:17 PM org.openqa.selenium.devtools.CdpVersionFinder findNearestMatch
WARNING: Unable to find CDP implementation matching 144
Feb 10, 2026 2:59:17 PM org.openqa.selenium.chromium.ChromiumDriver lambda$new$5
WARNING: Unable to find version of CDP to use for 144.0.7559.133. You may need to include a dependency on a specific version of the CDP using something similar to `org.seleniumhq.selenium:selenium-devtools-v86:4.15.0` where the version ("v86") matches the version of the chromium-based browser you're using and the version number of the artifact is the same as Selenium's.
Feb 10, 2026 2:59:18 PM org.openqa.selenium.devtools.CdpVersionFinder findNearestMatch
WARNING: Unable to find CDP implementation matching 144
Feb 10, 2026 2:59:18 PM org.openqa.selenium.chromium.ChromiumDriver lambda$new$5
WARNING: Unable to find version of CDP to use for 144.0.7559.133. You may need to include a dependency on a specific version of the CDP using something similar to `org.seleniumhq.selenium:selenium-devtools-v86:4.15.0` where the version ("v86") matches the version of the chromium-based browser you're using and the version number of the artifact is the same as Selenium's.
]]></system-err>
  </testcase>
  <testcase name="runScenario[&quot;Verify product price displayed&quot;, &quot;Product Details Module&quot;](20)" classname="runners.TestRunner" time="0.994">
    <system-out><![CDATA[
@Details
Scenario: Verify product image displayed           # src/test/resources/features/05_details.feature:21
  Then Verify product price visible                # stepDefinitions.ProductDetailsSteps.verifyPrice()
]]></system-out>
    <system-err><![CDATA[Feb 10, 2026 2:59:27 PM org.openqa.selenium.manager.SeleniumManager lambda$runCommand$1
WARNING: The chromedriver version (143.0.7499.42) detected in PATH at /Users/froza/Documents/eclipse_workspace/Selenium/drivers/chromedriver might not be compatible with the detected chrome version (144.0.7559.133); currently, chromedriver 144.0.7559.133 is recommended for chrome 144.*, so it is advised to delete the driver in PATH and retry
Feb 10, 2026 2:59:27 PM org.openqa.selenium.devtools.CdpVersionFinder findNearestMatch
WARNING: Unable to find CDP implementation matching 144
Feb 10, 2026 2:59:27 PM org.openqa.selenium.chromium.ChromiumDriver lambda$new$5
WARNING: Unable to find version of CDP to use for 144.0.7559.133. You may need to include a dependency on a specific version of the CDP using something similar to `org.seleniumhq.selenium:selenium-devtools-v86:4.15.0` where the version ("v86") matches the version of the chromium-based browser you're using and the version number of the artifact is the same as Selenium's.
]]></system-err>
  </testcase>
  <testcase name="runScenario[&quot;Verify product image displayed&quot;, &quot;Product Details Module&quot;](21)" classname="runners.TestRunner" time="9.34">
    <system-out><![CDATA[
@Details
Scenario: Verify product image displayed           # src/test/resources/features/05_details.feature:21
  Given User is on Amazon home page                # stepDefinitions.HomePageSteps.verifyHomePage()
  Given User is on Amazon home page                # stepDefinitions.HomePageSteps.verifyHomePage()
  When User searches valid product "samsung phone" # stepDefinitions.SearchSteps.validSearch(java.lang.String)
  And User opens first product details             # stepDefinitions.ProductDetailsSteps.openProduct()
  When User searches valid product "samsung phone" # stepDefinitions.SearchSteps.validSearch(java.lang.String)
  And User opens first product details             # stepDefinitions.ProductDetailsSteps.openProduct()
  Then Verify product image visible                # stepDefinitions.ProductDetailsSteps.verifyImage()
]]></system-out>
    <system-err><![CDATA[Feb 10, 2026 2:59:28 PM org.openqa.selenium.manager.SeleniumManager lambda$runCommand$1
WARNING: The chromedriver version (143.0.7499.42) detected in PATH at /Users/froza/Documents/eclipse_workspace/Selenium/drivers/chromedriver might not be compatible with the detected chrome version (144.1.86.148); currently, chromedriver 144.0.7559.133 is recommended for chrome 144.*, so it is advised to delete the driver in PATH and retry
Feb 10, 2026 2:59:28 PM org.openqa.selenium.devtools.CdpVersionFinder findNearestMatch
WARNING: Unable to find CDP implementation matching 144
Feb 10, 2026 2:59:28 PM org.openqa.selenium.chromium.ChromiumDriver lambda$new$5
WARNING: Unable to find version of CDP to use for 144.0.7559.133. You may need to include a dependency on a specific version of the CDP using something similar to `org.seleniumhq.selenium:selenium-devtools-v86:4.15.0` where the version ("v86") matches the version of the chromium-based browser you're using and the version number of the artifact is the same as Selenium's.
]]></system-err>
  </testcase>
  <testcase name="runScenario[&quot;Verify product image displayed&quot;, &quot;Product Details Module&quot;](21)" classname="runners.TestRunner" time="0.82">
    <system-out><![CDATA[
@Details
Scenario: Verify product description visible       # src/test/resources/features/05_details.feature:27
  Then Verify product image visible                # stepDefinitions.ProductDetailsSteps.verifyImage()
]]></system-out>
    <system-err><![CDATA[Feb 10, 2026 2:59:37 PM org.openqa.selenium.manager.SeleniumManager lambda$runCommand$1
WARNING: The chromedriver version (143.0.7499.42) detected in PATH at /Users/froza/Documents/eclipse_workspace/Selenium/drivers/chromedriver might not be compatible with the detected chrome version (144.0.7559.133); currently, chromedriver 144.0.7559.133 is recommended for chrome 144.*, so it is advised to delete the driver in PATH and retry
]]></system-err>
  </testcase>
  <testcase name="runScenario[&quot;Verify product description visible&quot;, &quot;Product Details Module&quot;](22)" classname="runners.TestRunner" time="8.447">
    <system-out><![CDATA[
@Details
Scenario: Verify product description visible       # src/test/resources/features/05_details.feature:27
  Given User is on Amazon home page                # stepDefinitions.HomePageSteps.verifyHomePage()
  Given User is on Amazon home page                # stepDefinitions.HomePageSteps.verifyHomePage()
  When User searches valid product "samsung phone" # stepDefinitions.SearchSteps.validSearch(java.lang.String)
  And User opens first product details             # stepDefinitions.ProductDetailsSteps.openProduct()
  When User searches valid product "samsung phone" # stepDefinitions.SearchSteps.validSearch(java.lang.String)
  And User opens first product details             # stepDefinitions.ProductDetailsSteps.openProduct()
  Then Verify product description visible          # stepDefinitions.ProductDetailsSteps.verifyDescription()
]]></system-out>
    <system-err><![CDATA[Feb 10, 2026 2:59:38 PM org.openqa.selenium.devtools.CdpVersionFinder findNearestMatch
WARNING: Unable to find CDP implementation matching 144
Feb 10, 2026 2:59:38 PM org.openqa.selenium.chromium.ChromiumDriver lambda$new$5
WARNING: Unable to find version of CDP to use for 144.0.7559.133. You may need to include a dependency on a specific version of the CDP using something similar to `org.seleniumhq.selenium:selenium-devtools-v86:4.15.0` where the version ("v86") matches the version of the chromium-based browser you're using and the version number of the artifact is the same as Selenium's.
Feb 10, 2026 2:59:38 PM org.openqa.selenium.manager.SeleniumManager lambda$runCommand$1
WARNING: The chromedriver version (143.0.7499.42) detected in PATH at /Users/froza/Documents/eclipse_workspace/Selenium/drivers/chromedriver might not be compatible with the detected chrome version (144.1.86.148); currently, chromedriver 144.0.7559.133 is recommended for chrome 144.*, so it is advised to delete the driver in PATH and retry
Feb 10, 2026 2:59:38 PM org.openqa.selenium.devtools.CdpVersionFinder findNearestMatch
WARNING: Unable to find CDP implementation matching 144
Feb 10, 2026 2:59:38 PM org.openqa.selenium.chromium.ChromiumDriver lambda$new$5
WARNING: Unable to find version of CDP to use for 144.0.7559.133. You may need to include a dependency on a specific version of the CDP using something similar to `org.seleniumhq.selenium:selenium-devtools-v86:4.15.0` where the version ("v86") matches the version of the chromium-based browser you're using and the version number of the artifact is the same as Selenium's.
]]></system-err>
  </testcase>
  <testcase name="runScenario[&quot;Verify product description visible&quot;, &quot;Product Details Module&quot;](22)" classname="runners.TestRunner" time="2.184">
    <system-out><![CDATA[
@Cart
Scenario: Add product to cart                      # src/test/resources/features/06_cart.feature:4
  Then Verify product description visible          # stepDefinitions.ProductDetailsSteps.verifyDescription()
]]></system-out>
    <system-err><![CDATA[Feb 10, 2026 2:59:46 PM org.openqa.selenium.manager.SeleniumManager lambda$runCommand$1
WARNING: The chromedriver version (143.0.7499.42) detected in PATH at /Users/froza/Documents/eclipse_workspace/Selenium/drivers/chromedriver might not be compatible with the detected chrome version (144.0.7559.133); currently, chromedriver 144.0.7559.133 is recommended for chrome 144.*, so it is advised to delete the driver in PATH and retry
Feb 10, 2026 2:59:47 PM org.openqa.selenium.devtools.CdpVersionFinder findNearestMatch
WARNING: Unable to find CDP implementation matching 144
Feb 10, 2026 2:59:47 PM org.openqa.selenium.chromium.ChromiumDriver lambda$new$5
WARNING: Unable to find version of CDP to use for 144.0.7559.133. You may need to include a dependency on a specific version of the CDP using something similar to `org.seleniumhq.selenium:selenium-devtools-v86:4.15.0` where the version ("v86") matches the version of the chromium-based browser you're using and the version number of the artifact is the same as Selenium's.
]]></system-err>
  </testcase>
  <testcase name="runScenario[&quot;Add product to cart&quot;, &quot;Cart Module&quot;](23)" classname="runners.TestRunner" time="9.715">
    <system-out><![CDATA[
@Cart
Scenario: Add product to cart                      # src/test/resources/features/06_cart.feature:4
  Given User is on Amazon home page                # stepDefinitions.HomePageSteps.verifyHomePage()
  Given User is on Amazon home page                # stepDefinitions.HomePageSteps.verifyHomePage()
  When User searches valid product "samsung phone" # stepDefinitions.SearchSteps.validSearch(java.lang.String)
  And User opens first product details             # stepDefinitions.ProductDetailsSteps.openProduct()
  When User searches valid product "samsung phone" # stepDefinitions.SearchSteps.validSearch(java.lang.String)
  And User opens first product details             # stepDefinitions.ProductDetailsSteps.openProduct()
  And User adds product to cart                    # stepDefinitions.CartSteps.addProduct()
]]></system-out>
    <system-err><![CDATA[Feb 10, 2026 2:59:48 PM org.openqa.selenium.manager.SeleniumManager lambda$runCommand$1
WARNING: The chromedriver version (143.0.7499.42) detected in PATH at /Users/froza/Documents/eclipse_workspace/Selenium/drivers/chromedriver might not be compatible with the detected chrome version (144.1.86.148); currently, chromedriver 144.0.7559.133 is recommended for chrome 144.*, so it is advised to delete the driver in PATH and retry
Feb 10, 2026 2:59:49 PM org.openqa.selenium.devtools.CdpVersionFinder findNearestMatch
WARNING: Unable to find CDP implementation matching 144
Feb 10, 2026 2:59:49 PM org.openqa.selenium.chromium.ChromiumDriver lambda$new$5
WARNING: Unable to find version of CDP to use for 144.0.7559.133. You may need to include a dependency on a specific version of the CDP using something similar to `org.seleniumhq.selenium:selenium-devtools-v86:4.15.0` where the version ("v86") matches the version of the chromium-based browser you're using and the version number of the artifact is the same as Selenium's.
]]></system-err>
  </testcase>
  <testcase name="runScenario[&quot;Add product to cart&quot;, &quot;Cart Module&quot;](23)" classname="runners.TestRunner" time="4.156">
    <system-out><![CDATA[
@Cart
Scenario: Verify product added to cart successfully # src/test/resources/features/06_cart.feature:10
  And User adds product to cart                    # stepDefinitions.CartSteps.addProduct()
]]></system-out>
    <system-err><![CDATA[Feb 10, 2026 2:59:58 PM org.openqa.selenium.manager.SeleniumManager lambda$runCommand$1
WARNING: The chromedriver version (143.0.7499.42) detected in PATH at /Users/froza/Documents/eclipse_workspace/Selenium/drivers/chromedriver might not be compatible with the detected chrome version (144.0.7559.133); currently, chromedriver 144.0.7559.133 is recommended for chrome 144.*, so it is advised to delete the driver in PATH and retry
Feb 10, 2026 2:59:59 PM org.openqa.selenium.devtools.CdpVersionFinder findNearestMatch
WARNING: Unable to find CDP implementation matching 144
Feb 10, 2026 2:59:59 PM org.openqa.selenium.chromium.ChromiumDriver lambda$new$5
WARNING: Unable to find version of CDP to use for 144.0.7559.133. You may need to include a dependency on a specific version of the CDP using something similar to `org.seleniumhq.selenium:selenium-devtools-v86:4.15.0` where the version ("v86") matches the version of the chromium-based browser you're using and the version number of the artifact is the same as Selenium's.
]]></system-err>
  </testcase>
  <testcase name="runScenario[&quot;Verify product added to cart successfully&quot;, &quot;Cart Module&quot;](24)" classname="runners.TestRunner" time="11.814">
    <system-out><![CDATA[
@Cart
Scenario: Verify product added to cart successfully # src/test/resources/features/06_cart.feature:10
  Given User is on Amazon home page                 # stepDefinitions.HomePageSteps.verifyHomePage()
  When User searches valid product "samsung phone"  # stepDefinitions.SearchSteps.validSearch(java.lang.String)
  And User opens first product details              # stepDefinitions.ProductDetailsSteps.openProduct()
  Given User is on Amazon home page                 # stepDefinitions.HomePageSteps.verifyHomePage()
  When User searches valid product "samsung phone"  # stepDefinitions.SearchSteps.validSearch(java.lang.String)
  And User opens first product details              # stepDefinitions.ProductDetailsSteps.openProduct()
  And User adds product to cart                     # stepDefinitions.CartSteps.addProduct()
  And User opens cart                               # stepDefinitions.CartSteps.openCart()
  Then Verify product added to cart                 # stepDefinitions.CartSteps.verifyCart()
]]></system-out>
    <system-err><![CDATA[Feb 10, 2026 3:00:02 PM org.openqa.selenium.manager.SeleniumManager lambda$runCommand$1
WARNING: The chromedriver version (143.0.7499.42) detected in PATH at /Users/froza/Documents/eclipse_workspace/Selenium/drivers/chromedriver might not be compatible with the detected chrome version (144.1.86.148); currently, chromedriver 144.0.7559.133 is recommended for chrome 144.*, so it is advised to delete the driver in PATH and retry
Feb 10, 2026 3:00:03 PM org.openqa.selenium.devtools.CdpVersionFinder findNearestMatch
WARNING: Unable to find CDP implementation matching 144
Feb 10, 2026 3:00:03 PM org.openqa.selenium.chromium.ChromiumDriver lambda$new$5
WARNING: Unable to find version of CDP to use for 144.0.7559.133. You may need to include a dependency on a specific version of the CDP using something similar to `org.seleniumhq.selenium:selenium-devtools-v86:4.15.0` where the version ("v86") matches the version of the chromium-based browser you're using and the version number of the artifact is the same as Selenium's.
]]></system-err>
  </testcase>
  <testcase name="runScenario[&quot;Verify product added to cart successfully&quot;, &quot;Cart Module&quot;](24)" classname="runners.TestRunner" time="3.954">
    <system-out><![CDATA[
@Cart
Scenario: Remove product from cart                 # src/test/resources/features/06_cart.feature:18
  And User adds product to cart                     # stepDefinitions.CartSteps.addProduct()
  And User opens cart                               # stepDefinitions.CartSteps.openCart()
  Then Verify product added to cart                 # stepDefinitions.CartSteps.verifyCart()
]]></system-out>
    <system-err><![CDATA[Feb 10, 2026 3:00:14 PM org.openqa.selenium.manager.SeleniumManager lambda$runCommand$1
WARNING: The chromedriver version (143.0.7499.42) detected in PATH at /Users/froza/Documents/eclipse_workspace/Selenium/drivers/chromedriver might not be compatible with the detected chrome version (144.0.7559.133); currently, chromedriver 144.0.7559.133 is recommended for chrome 144.*, so it is advised to delete the driver in PATH and retry
Feb 10, 2026 3:00:15 PM org.openqa.selenium.devtools.CdpVersionFinder findNearestMatch
WARNING: Unable to find CDP implementation matching 144
Feb 10, 2026 3:00:15 PM org.openqa.selenium.chromium.ChromiumDriver lambda$new$5
WARNING: Unable to find version of CDP to use for 144.0.7559.133. You may need to include a dependency on a specific version of the CDP using something similar to `org.seleniumhq.selenium:selenium-devtools-v86:4.15.0` where the version ("v86") matches the version of the chromium-based browser you're using and the version number of the artifact is the same as Selenium's.
]]></system-err>
  </testcase>
  <testcase name="runScenario[&quot;Remove product from cart&quot;, &quot;Cart Module&quot;](25)" classname="runners.TestRunner" time="10.788">
    <system-out><![CDATA[
@Cart
Scenario: Remove product from cart                 # src/test/resources/features/06_cart.feature:18
  Given User is on Amazon home page                # stepDefinitions.HomePageSteps.verifyHomePage()
  When User searches valid product "samsung phone" # stepDefinitions.SearchSteps.validSearch(java.lang.String)
  And User opens first product details             # stepDefinitions.ProductDetailsSteps.openProduct()
  Given User is on Amazon home page                # stepDefinitions.HomePageSteps.verifyHomePage()
  When User searches valid product "samsung phone" # stepDefinitions.SearchSteps.validSearch(java.lang.String)
  And User opens first product details             # stepDefinitions.ProductDetailsSteps.openProduct()
  And User adds product to cart                    # stepDefinitions.CartSteps.addProduct()
  And User opens cart                              # stepDefinitions.CartSteps.openCart()
  When User removes product from cart              # stepDefinitions.CartSteps.removeProduct()
]]></system-out>
    <system-err><![CDATA[Feb 10, 2026 3:00:18 PM org.openqa.selenium.manager.SeleniumManager lambda$runCommand$1
WARNING: The chromedriver version (143.0.7499.42) detected in PATH at /Users/froza/Documents/eclipse_workspace/Selenium/drivers/chromedriver might not be compatible with the detected chrome version (144.1.86.148); currently, chromedriver 144.0.7559.133 is recommended for chrome 144.*, so it is advised to delete the driver in PATH and retry
Feb 10, 2026 3:00:19 PM org.openqa.selenium.devtools.CdpVersionFinder findNearestMatch
WARNING: Unable to find CDP implementation matching 144
Feb 10, 2026 3:00:19 PM org.openqa.selenium.chromium.ChromiumDriver lambda$new$5
WARNING: Unable to find version of CDP to use for 144.0.7559.133. You may need to include a dependency on a specific version of the CDP using something similar to `org.seleniumhq.selenium:selenium-devtools-v86:4.15.0` where the version ("v86") matches the version of the chromium-based browser you're using and the version number of the artifact is the same as Selenium's.
]]></system-err>
  </testcase>
  <testcase name="runScenario[&quot;Remove product from cart&quot;, &quot;Cart Module&quot;](25)" classname="runners.TestRunner" time="4.29">
    <system-out><![CDATA[
@Cart
Scenario: Verify cart empty after removal          # src/test/resources/features/06_cart.feature:26
  And User adds product to cart                    # stepDefinitions.CartSteps.addProduct()
  And User opens cart                              # stepDefinitions.CartSteps.openCart()
  When User removes product from cart              # stepDefinitions.CartSteps.removeProduct()
]]></system-out>
    <system-err><![CDATA[Feb 10, 2026 3:00:29 PM org.openqa.selenium.manager.SeleniumManager lambda$runCommand$1
WARNING: The chromedriver version (143.0.7499.42) detected in PATH at /Users/froza/Documents/eclipse_workspace/Selenium/drivers/chromedriver might not be compatible with the detected chrome version (144.0.7559.133); currently, chromedriver 144.0.7559.133 is recommended for chrome 144.*, so it is advised to delete the driver in PATH and retry
Feb 10, 2026 3:00:29 PM org.openqa.selenium.devtools.CdpVersionFinder findNearestMatch
WARNING: Unable to find CDP implementation matching 144
Feb 10, 2026 3:00:29 PM org.openqa.selenium.chromium.ChromiumDriver lambda$new$5
WARNING: Unable to find version of CDP to use for 144.0.7559.133. You may need to include a dependency on a specific version of the CDP using something similar to `org.seleniumhq.selenium:selenium-devtools-v86:4.15.0` where the version ("v86") matches the version of the chromium-based browser you're using and the version number of the artifact is the same as Selenium's.
]]></system-err>
  </testcase>
  <testcase name="runScenario[&quot;Verify cart empty after removal&quot;, &quot;Cart Module&quot;](26)" classname="runners.TestRunner" time="12.94">
    <system-out><![CDATA[
@Cart
Scenario: Verify cart empty after removal          # src/test/resources/features/06_cart.feature:26
  Given User is on Amazon home page                # stepDefinitions.HomePageSteps.verifyHomePage()
  When User searches valid product "samsung phone" # stepDefinitions.SearchSteps.validSearch(java.lang.String)
  And User opens first product details             # stepDefinitions.ProductDetailsSteps.openProduct()
  Given User is on Amazon home page                # stepDefinitions.HomePageSteps.verifyHomePage()
  When User searches valid product "samsung phone" # stepDefinitions.SearchSteps.validSearch(java.lang.String)
  And User opens first product details             # stepDefinitions.ProductDetailsSteps.openProduct()
  And User adds product to cart                    # stepDefinitions.CartSteps.addProduct()
  And User adds product to cart                    # stepDefinitions.CartSteps.addProduct()
  And User opens cart                              # stepDefinitions.CartSteps.openCart()
  When User removes product from cart              # stepDefinitions.CartSteps.removeProduct()
  Then Verify product added to cart                # stepDefinitions.CartSteps.verifyCart()
]]></system-out>
    <system-err><![CDATA[Feb 10, 2026 3:00:33 PM org.openqa.selenium.manager.SeleniumManager lambda$runCommand$1
WARNING: The chromedriver version (143.0.7499.42) detected in PATH at /Users/froza/Documents/eclipse_workspace/Selenium/drivers/chromedriver might not be compatible with the detected chrome version (144.1.86.148); currently, chromedriver 144.0.7559.133 is recommended for chrome 144.*, so it is advised to delete the driver in PATH and retry
Feb 10, 2026 3:00:34 PM org.openqa.selenium.devtools.CdpVersionFinder findNearestMatch
WARNING: Unable to find CDP implementation matching 144
Feb 10, 2026 3:00:34 PM org.openqa.selenium.chromium.ChromiumDriver lambda$new$5
WARNING: Unable to find version of CDP to use for 144.0.7559.133. You may need to include a dependency on a specific version of the CDP using something similar to `org.seleniumhq.selenium:selenium-devtools-v86:4.15.0` where the version ("v86") matches the version of the chromium-based browser you're using and the version number of the artifact is the same as Selenium's.
]]></system-err>
  </testcase>
  <testcase name="runScenario[&quot;Verify cart empty after removal&quot;, &quot;Cart Module&quot;](26)" classname="runners.TestRunner" time="13.591">
    <system-out><![CDATA[
26 Scenarios (26 passed)
91 Steps (91 passed)
3m39.718s


  And User opens cart                              # stepDefinitions.CartSteps.openCart()
  When User removes product from cart              # stepDefinitions.CartSteps.removeProduct()
  Then Verify product added to cart                # stepDefinitions.CartSteps.verifyCart()
]]></system-out>
  </testcase>
</testsuite>