<?xml version="1.0" encoding="UTF-8"?>
<testng-results ignored="0" total="52" passed="52" failed="0" skipped="0">
  <reporter-output>
  </reporter-output>
  <suite started-at="2026-02-10T14:41:26 IST" name="Amazon Suite" finished-at="2026-02-10T14:45:36 IST" duration-ms="250558">
    <groups>
      <group name="cucumber">
        <method signature="AbstractTestNGCucumberTests.runScenario(io.cucumber.testng.PickleWrapper,io.cucumber.testng.FeatureWrapper)[pri:0, instance:runners.TestRunner@f5958c9]" name="runScenario" class="io.cucumber.testng.AbstractTestNGCucumberTests"/>
        <method signature="AbstractTestNGCucumberTests.runScenario(io.cucumber.testng.PickleWrapper,io.cucumber.testng.FeatureWrapper)[pri:0, instance:runners.TestRunner@22fcf7ab]" name="runScenario" class="io.cucumber.testng.AbstractTestNGCucumberTests"/>
      </group> <!-- cucumber -->
    </groups>
    <test started-at="2026-02-10T14:41:26 IST" name="Brave Execution" finished-at="2026-02-10T14:45:35 IST" duration-ms="249595">
      <class name="runners.TestRunner">
        <test-method is-config="true" signature="setUpClass(org.testng.ITestContext)[pri:0, instance:runners.TestRunner@22fcf7ab]" started-at="2026-02-10T14:41:26 IST" name="setUpClass" finished-at="2026-02-10T14:41:26 IST" duration-ms="217" status="PASS">
          <params>
            <param index="0">
              <value>
                <![CDATA[org.testng.TestRunner@2892dae4]]>
              </value>
            </param>
          </params>
          <reporter-output>
          </reporter-output>
        </test-method> <!-- setUpClass -->
        <test-method signature="runScenario(io.cucumber.testng.PickleWrapper,io.cucumber.testng.FeatureWrapper)[pri:0, instance:runners.TestRunner@22fcf7ab]" started-at="2026-02-10T14:41:26 IST" name="runScenario" description="Runs Cucumber Scenarios" data-provider="scenarios" finished-at="2026-02-10T14:41:33 IST" duration-ms="7131" status="PASS">
          <params>
            <param index="0">
              <value>
                <![CDATA["Verify Amazon home page loads successfully"]]>
              </value>
            </param>
            <param index="1">
              <value>
                <![CDATA["Home Page Module"]]>
              </value>
            </param>
          </params>
          <reporter-output>
          </reporter-output>
        </test-method> <!-- runScenario -->
        <test-method signature="runScenario(io.cucumber.testng.PickleWrapper,io.cucumber.testng.FeatureWrapper)[pri:0, instance:runners.TestRunner@22fcf7ab]" started-at="2026-02-10T14:41:33 IST" name="runScenario" description="Runs Cucumber Scenarios" data-provider="scenarios" finished-at="2026-02-10T14:41:39 IST" duration-ms="6174" status="PASS">
          <params>
            <param index="0">
              <value>
                <![CDATA["Verify search box present"]]>
              </value>
            </param>
            <param index="1">
              <value>
                <![CDATA["Home Page Module"]]>
              </value>
            </param>
          </params>
          <reporter-output>
          </reporter-output>
        </test-method> <!-- runScenario -->
        <test-method signature="runScenario(io.cucumber.testng.PickleWrapper,io.cucumber.testng.FeatureWrapper)[pri:0, instance:runners.TestRunner@22fcf7ab]" started-at="2026-02-10T14:41:39 IST" name="runScenario" description="Runs Cucumber Scenarios" data-provider="scenarios" finished-at="2026-02-10T14:41:45 IST" duration-ms="5686" status="PASS">
          <params>
            <param index="0">
              <value>
                <![CDATA["Verify category navigation menu present"]]>
              </value>
            </param>
            <param index="1">
              <value>
                <![CDATA["Home Page Module"]]>
              </value>
            </param>
          </params>
          <reporter-output>
          </reporter-output>
        </test-method> <!-- runScenario -->
        <test-method signature="runScenario(io.cucumber.testng.PickleWrapper,io.cucumber.testng.FeatureWrapper)[pri:0, instance:runners.TestRunner@22fcf7ab]" started-at="2026-02-10T14:41:45 IST" name="runScenario" description="Runs Cucumber Scenarios" data-provider="scenarios" finished-at="2026-02-10T14:41:50 IST" duration-ms="5200" status="PASS">
          <params>
            <param index="0">
              <value>
                <![CDATA["Verify banner section visible"]]>
              </value>
            </param>
            <param index="1">
              <value>
                <![CDATA["Home Page Module"]]>
              </value>
            </param>
          </params>
          <reporter-output>
          </reporter-output>
        </test-method> <!-- runScenario -->
        <test-method signature="runScenario(io.cucumber.testng.PickleWrapper,io.cucumber.testng.FeatureWrapper)[pri:0, instance:runners.TestRunner@22fcf7ab]" started-at="2026-02-10T14:41:50 IST" name="runScenario" description="Runs Cucumber Scenarios" data-provider="scenarios" finished-at="2026-02-10T14:41:55 IST" duration-ms="5150" status="PASS">
          <params>
            <param index="0">
              <value>
                <![CDATA["Handle location popup"]]>
              </value>
            </param>
            <param index="1">
              <value>
                <![CDATA["Home Page Module"]]>
              </value>
            </param>
          </params>
          <reporter-output>
          </reporter-output>
        </test-method> <!-- runScenario -->
        <test-method signature="runScenario(io.cucumber.testng.PickleWrapper,io.cucumber.testng.FeatureWrapper)[pri:0, instance:runners.TestRunner@22fcf7ab]" started-at="2026-02-10T14:41:55 IST" name="runScenario" description="Runs Cucumber Scenarios" data-provider="scenarios" finished-at="2026-02-10T14:42:02 IST" duration-ms="6927" status="PASS">
          <params>
            <param index="0">
              <value>
                <![CDATA["Search using valid keyword"]]>
              </value>
            </param>
            <param index="1">
              <value>
                <![CDATA["Search Module"]]>
              </value>
            </param>
          </params>
          <reporter-output>
          </reporter-output>
        </test-method> <!-- runScenario -->
        <test-method signature="runScenario(io.cucumber.testng.PickleWrapper,io.cucumber.testng.FeatureWrapper)[pri:0, instance:runners.TestRunner@22fcf7ab]" started-at="2026-02-10T14:42:02 IST" name="runScenario" description="Runs Cucumber Scenarios" data-provider="scenarios" finished-at="2026-02-10T14:42:10 IST" duration-ms="7354" status="PASS">
          <params>
            <param index="0">
              <value>
                <![CDATA["Search using invalid keyword"]]>
              </value>
            </param>
            <param index="1">
              <value>
                <![CDATA["Search Module"]]>
              </value>
            </param>
          </params>
          <reporter-output>
          </reporter-output>
        </test-method> <!-- runScenario -->
        <test-method signature="runScenario(io.cucumber.testng.PickleWrapper,io.cucumber.testng.FeatureWrapper)[pri:0, instance:runners.TestRunner@22fcf7ab]" started-at="2026-02-10T14:42:10 IST" name="runScenario" description="Runs Cucumber Scenarios" data-provider="scenarios" finished-at="2026-02-10T14:42:16 IST" duration-ms="6603" status="PASS">
          <params>
            <param index="0">
              <value>
                <![CDATA["Search using special characters"]]>
              </value>
            </param>
            <param index="1">
              <value>
                <![CDATA["Search Module"]]>
              </value>
            </param>
          </params>
          <reporter-output>
          </reporter-output>
        </test-method> <!-- runScenario -->
        <test-method signature="runScenario(io.cucumber.testng.PickleWrapper,io.cucumber.testng.FeatureWrapper)[pri:0, instance:runners.TestRunner@22fcf7ab]" started-at="2026-02-10T14:42:16 IST" name="runScenario" description="Runs Cucumber Scenarios" data-provider="scenarios" finished-at="2026-02-10T14:42:23 IST" duration-ms="7040" status="PASS">
          <params>
            <param index="0">
              <value>
                <![CDATA["Verify search results page displayed"]]>
              </value>
            </param>
            <param index="1">
              <value>
                <![CDATA["Search Module"]]>
              </value>
            </param>
          </params>
          <reporter-output>
          </reporter-output>
        </test-method> <!-- runScenario -->
        <test-method signature="runScenario(io.cucumber.testng.PickleWrapper,io.cucumber.testng.FeatureWrapper)[pri:0, instance:runners.TestRunner@22fcf7ab]" started-at="2026-02-10T14:42:23 IST" name="runScenario" description="Runs Cucumber Scenarios" data-provider="scenarios" finished-at="2026-02-10T14:42:30 IST" duration-ms="6873" status="PASS">
          <params>
            <param index="0">
              <value>
                <![CDATA["Verify products are listed after search"]]>
              </value>
            </param>
            <param index="1">
              <value>
                <![CDATA["Search Module"]]>
              </value>
            </param>
          </params>
          <reporter-output>
          </reporter-output>
        </test-method> <!-- runScenario -->
        <test-method signature="runScenario(io.cucumber.testng.PickleWrapper,io.cucumber.testng.FeatureWrapper)[pri:0, instance:runners.TestRunner@22fcf7ab]" started-at="2026-02-10T14:42:30 IST" name="runScenario" description="Runs Cucumber Scenarios" data-provider="scenarios" finished-at="2026-02-10T14:42:38 IST" duration-ms="8309" status="PASS">
          <params>
            <param index="0">
              <value>
                <![CDATA["Verify product listing page displays multiple products"]]>
              </value>
            </param>
            <param index="1">
              <value>
                <![CDATA["Product Listing Module"]]>
              </value>
            </param>
          </params>
          <reporter-output>
          </reporter-output>
        </test-method> <!-- runScenario -->
        <test-method signature="runScenario(io.cucumber.testng.PickleWrapper,io.cucumber.testng.FeatureWrapper)[pri:0, instance:runners.TestRunner@22fcf7ab]" started-at="2026-02-10T14:42:38 IST" name="runScenario" description="Runs Cucumber Scenarios" data-provider="scenarios" finished-at="2026-02-10T14:42:47 IST" duration-ms="8606" status="PASS">
          <params>
            <param index="0">
              <value>
                <![CDATA["Apply price filter"]]>
              </value>
            </param>
            <param index="1">
              <value>
                <![CDATA["Product Listing Module"]]>
              </value>
            </param>
          </params>
          <reporter-output>
          </reporter-output>
        </test-method> <!-- runScenario -->
        <test-method signature="runScenario(io.cucumber.testng.PickleWrapper,io.cucumber.testng.FeatureWrapper)[pri:0, instance:runners.TestRunner@22fcf7ab]" started-at="2026-02-10T14:42:47 IST" name="runScenario" description="Runs Cucumber Scenarios" data-provider="scenarios" finished-at="2026-02-10T14:42:55 IST" duration-ms="8228" status="PASS">
          <params>
            <param index="0">
              <value>
                <![CDATA["Apply brand filter"]]>
              </value>
            </param>
            <param index="1">
              <value>
                <![CDATA["Product Listing Module"]]>
              </value>
            </param>
          </params>
          <reporter-output>
          </reporter-output>
        </test-method> <!-- runScenario -->
        <test-method signature="runScenario(io.cucumber.testng.PickleWrapper,io.cucumber.testng.FeatureWrapper)[pri:0, instance:runners.TestRunner@22fcf7ab]" started-at="2026-02-10T14:42:55 IST" name="runScenario" description="Runs Cucumber Scenarios" data-provider="scenarios" finished-at="2026-02-10T14:43:08 IST" duration-ms="12673" status="PASS">
          <params>
            <param index="0">
              <value>
                <![CDATA["Clear filters and verify results reset"]]>
              </value>
            </param>
            <param index="1">
              <value>
                <![CDATA["Product Listing Module"]]>
              </value>
            </param>
          </params>
          <reporter-output>
          </reporter-output>
        </test-method> <!-- runScenario -->
        <test-method signature="runScenario(io.cucumber.testng.PickleWrapper,io.cucumber.testng.FeatureWrapper)[pri:0, instance:runners.TestRunner@22fcf7ab]" started-at="2026-02-10T14:43:08 IST" name="runScenario" description="Runs Cucumber Scenarios" data-provider="scenarios" finished-at="2026-02-10T14:43:17 IST" duration-ms="8843" status="PASS">
          <params>
            <param index="0">
              <value>
                <![CDATA["Sort products by price low to high"]]>
              </value>
            </param>
            <param index="1">
              <value>
                <![CDATA["Sorting Module"]]>
              </value>
            </param>
          </params>
          <reporter-output>
          </reporter-output>
        </test-method> <!-- runScenario -->
        <test-method signature="runScenario(io.cucumber.testng.PickleWrapper,io.cucumber.testng.FeatureWrapper)[pri:0, instance:runners.TestRunner@22fcf7ab]" started-at="2026-02-10T14:43:17 IST" name="runScenario" description="Runs Cucumber Scenarios" data-provider="scenarios" finished-at="2026-02-10T14:43:25 IST" duration-ms="8688" status="PASS">
          <params>
            <param index="0">
              <value>
                <![CDATA["Sort products by customer review"]]>
              </value>
            </param>
            <param index="1">
              <value>
                <![CDATA["Sorting Module"]]>
              </value>
            </param>
          </params>
          <reporter-output>
          </reporter-output>
        </test-method> <!-- runScenario -->
        <test-method signature="runScenario(io.cucumber.testng.PickleWrapper,io.cucumber.testng.FeatureWrapper)[pri:0, instance:runners.TestRunner@22fcf7ab]" started-at="2026-02-10T14:43:25 IST" name="runScenario" description="Runs Cucumber Scenarios" data-provider="scenarios" finished-at="2026-02-10T14:43:33 IST" duration-ms="7988" status="PASS">
          <params>
            <param index="0">
              <value>
                <![CDATA["Verify sorting reflects correctly in product list"]]>
              </value>
            </param>
            <param index="1">
              <value>
                <![CDATA["Sorting Module"]]>
              </value>
            </param>
          </params>
          <reporter-output>
          </reporter-output>
        </test-method> <!-- runScenario -->
        <test-method signature="runScenario(io.cucumber.testng.PickleWrapper,io.cucumber.testng.FeatureWrapper)[pri:0, instance:runners.TestRunner@22fcf7ab]" started-at="2026-02-10T14:43:33 IST" name="runScenario" description="Runs Cucumber Scenarios" data-provider="scenarios" finished-at="2026-02-10T14:43:41 IST" duration-ms="7386" status="PASS">
          <params>
            <param index="0">
              <value>
                <![CDATA["Navigate to product details page"]]>
              </value>
            </param>
            <param index="1">
              <value>
                <![CDATA["Product Details Module"]]>
              </value>
            </param>
          </params>
          <reporter-output>
          </reporter-output>
        </test-method> <!-- runScenario -->
        <test-method signature="runScenario(io.cucumber.testng.PickleWrapper,io.cucumber.testng.FeatureWrapper)[pri:0, instance:runners.TestRunner@22fcf7ab]" started-at="2026-02-10T14:43:41 IST" name="runScenario" description="Runs Cucumber Scenarios" data-provider="scenarios" finished-at="2026-02-10T14:43:53 IST" duration-ms="11927" status="PASS">
          <params>
            <param index="0">
              <value>
                <![CDATA["Verify product title displayed"]]>
              </value>
            </param>
            <param index="1">
              <value>
                <![CDATA["Product Details Module"]]>
              </value>
            </param>
          </params>
          <reporter-output>
          </reporter-output>
        </test-method> <!-- runScenario -->
        <test-method signature="runScenario(io.cucumber.testng.PickleWrapper,io.cucumber.testng.FeatureWrapper)[pri:0, instance:runners.TestRunner@22fcf7ab]" started-at="2026-02-10T14:43:53 IST" name="runScenario" description="Runs Cucumber Scenarios" data-provider="scenarios" finished-at="2026-02-10T14:44:05 IST" duration-ms="12303" status="PASS">
          <params>
            <param index="0">
              <value>
                <![CDATA["Verify product price displayed"]]>
              </value>
            </param>
            <param index="1">
              <value>
                <![CDATA["Product Details Module"]]>
              </value>
            </param>
          </params>
          <reporter-output>
          </reporter-output>
        </test-method> <!-- runScenario -->
        <test-method signature="runScenario(io.cucumber.testng.PickleWrapper,io.cucumber.testng.FeatureWrapper)[pri:0, instance:runners.TestRunner@22fcf7ab]" started-at="2026-02-10T14:44:05 IST" name="runScenario" description="Runs Cucumber Scenarios" data-provider="scenarios" finished-at="2026-02-10T14:44:17 IST" duration-ms="12363" status="PASS">
          <params>
            <param index="0">
              <value>
                <![CDATA["Verify product image displayed"]]>
              </value>
            </param>
            <param index="1">
              <value>
                <![CDATA["Product Details Module"]]>
              </value>
            </param>
          </params>
          <reporter-output>
          </reporter-output>
        </test-method> <!-- runScenario -->
        <test-method signature="runScenario(io.cucumber.testng.PickleWrapper,io.cucumber.testng.FeatureWrapper)[pri:0, instance:runners.TestRunner@22fcf7ab]" started-at="2026-02-10T14:44:17 IST" name="runScenario" description="Runs Cucumber Scenarios" data-provider="scenarios" finished-at="2026-02-10T14:44:29 IST" duration-ms="11447" status="PASS">
          <params>
            <param index="0">
              <value>
                <![CDATA["Verify product description visible"]]>
              </value>
            </param>
            <param index="1">
              <value>
                <![CDATA["Product Details Module"]]>
              </value>
            </param>
          </params>
          <reporter-output>
          </reporter-output>
        </test-method> <!-- runScenario -->
        <test-method signature="runScenario(io.cucumber.testng.PickleWrapper,io.cucumber.testng.FeatureWrapper)[pri:0, instance:runners.TestRunner@22fcf7ab]" started-at="2026-02-10T14:44:29 IST" name="runScenario" description="Runs Cucumber Scenarios" data-provider="scenarios" finished-at="2026-02-10T14:44:41 IST" duration-ms="12056" status="PASS">
          <params>
            <param index="0">
              <value>
                <![CDATA["Add product to cart"]]>
              </value>
            </param>
            <param index="1">
              <value>
                <![CDATA["Cart Module"]]>
              </value>
            </param>
          </params>
          <reporter-output>
          </reporter-output>
        </test-method> <!-- runScenario -->
        <test-method signature="runScenario(io.cucumber.testng.PickleWrapper,io.cucumber.testng.FeatureWrapper)[pri:0, instance:runners.TestRunner@22fcf7ab]" started-at="2026-02-10T14:44:41 IST" name="runScenario" description="Runs Cucumber Scenarios" data-provider="scenarios" finished-at="2026-02-10T14:44:59 IST" duration-ms="18469" status="PASS">
          <params>
            <param index="0">
              <value>
                <![CDATA["Verify product added to cart successfully"]]>
              </value>
            </param>
            <param index="1">
              <value>
                <![CDATA["Cart Module"]]>
              </value>
            </param>
          </params>
          <reporter-output>
          </reporter-output>
        </test-method> <!-- runScenario -->
        <test-method signature="runScenario(io.cucumber.testng.PickleWrapper,io.cucumber.testng.FeatureWrapper)[pri:0, instance:runners.TestRunner@22fcf7ab]" started-at="2026-02-10T14:44:59 IST" name="runScenario" description="Runs Cucumber Scenarios" data-provider="scenarios" finished-at="2026-02-10T14:45:18 IST" duration-ms="18276" status="PASS">
          <params>
            <param index="0">
              <value>
                <![CDATA["Remove product from cart"]]>
              </value>
            </param>
            <param index="1">
              <value>
                <![CDATA["Cart Module"]]>
              </value>
            </param>
          </params>
          <reporter-output>
          </reporter-output>
        </test-method> <!-- runScenario -->
        <test-method signature="runScenario(io.cucumber.testng.PickleWrapper,io.cucumber.testng.FeatureWrapper)[pri:0, instance:runners.TestRunner@22fcf7ab]" started-at="2026-02-10T14:45:18 IST" name="runScenario" description="Runs Cucumber Scenarios" data-provider="scenarios" finished-at="2026-02-10T14:45:35 IST" duration-ms="17549" status="PASS">
          <params>
            <param index="0">
              <value>
                <![CDATA["Verify cart empty after removal"]]>
              </value>
            </param>
            <param index="1">
              <value>
                <![CDATA["Cart Module"]]>
              </value>
            </param>
          </params>
          <reporter-output>
          </reporter-output>
        </test-method> <!-- runScenario -->
        <test-method is-config="true" signature="tearDownClass()[pri:0, instance:runners.TestRunner@22fcf7ab]" started-at="2026-02-10T14:45:35 IST" name="tearDownClass" finished-at="2026-02-10T14:45:35 IST" duration-ms="63" status="PASS">
          <reporter-output>
          </reporter-output>
        </test-method> <!-- tearDownClass -->
      </class> <!-- runners.TestRunner -->
    </test> <!-- Brave Execution -->
    <test started-at="2026-02-10T14:41:26 IST" name="Chrome Execution" finished-at="2026-02-10T14:45:36 IST" duration-ms="250558">
      <class name="runners.TestRunner">
        <test-method is-config="true" signature="setUpClass(org.testng.ITestContext)[pri:0, instance:runners.TestRunner@f5958c9]" started-at="2026-02-10T14:41:26 IST" name="setUpClass" finished-at="2026-02-10T14:41:26 IST" duration-ms="217" status="PASS">
          <params>
            <param index="0">
              <value>
                <![CDATA[org.testng.TestRunner@13b13b5d]]>
              </value>
            </param>
          </params>
          <reporter-output>
          </reporter-output>
        </test-method> <!-- setUpClass -->
        <test-method signature="runScenario(io.cucumber.testng.PickleWrapper,io.cucumber.testng.FeatureWrapper)[pri:0, instance:runners.TestRunner@f5958c9]" started-at="2026-02-10T14:41:26 IST" name="runScenario" description="Runs Cucumber Scenarios" data-provider="scenarios" finished-at="2026-02-10T14:41:33 IST" duration-ms="7131" status="PASS">
          <params>
            <param index="0">
              <value>
                <![CDATA["Verify Amazon home page loads successfully"]]>
              </value>
            </param>
            <param index="1">
              <value>
                <![CDATA["Home Page Module"]]>
              </value>
            </param>
          </params>
          <reporter-output>
          </reporter-output>
        </test-method> <!-- runScenario -->
        <test-method signature="runScenario(io.cucumber.testng.PickleWrapper,io.cucumber.testng.FeatureWrapper)[pri:0, instance:runners.TestRunner@f5958c9]" started-at="2026-02-10T14:41:33 IST" name="runScenario" description="Runs Cucumber Scenarios" data-provider="scenarios" finished-at="2026-02-10T14:41:39 IST" duration-ms="6034" status="PASS">
          <params>
            <param index="0">
              <value>
                <![CDATA["Verify search box present"]]>
              </value>
            </param>
            <param index="1">
              <value>
                <![CDATA["Home Page Module"]]>
              </value>
            </param>
          </params>
          <reporter-output>
          </reporter-output>
        </test-method> <!-- runScenario -->
        <test-method signature="runScenario(io.cucumber.testng.PickleWrapper,io.cucumber.testng.FeatureWrapper)[pri:0, instance:runners.TestRunner@f5958c9]" started-at="2026-02-10T14:41:39 IST" name="runScenario" description="Runs Cucumber Scenarios" data-provider="scenarios" finished-at="2026-02-10T14:41:45 IST" duration-ms="5750" status="PASS">
          <params>
            <param index="0">
              <value>
                <![CDATA["Verify category navigation menu present"]]>
              </value>
            </param>
            <param index="1">
              <value>
                <![CDATA["Home Page Module"]]>
              </value>
            </param>
          </params>
          <reporter-output>
          </reporter-output>
        </test-method> <!-- runScenario -->
        <test-method signature="runScenario(io.cucumber.testng.PickleWrapper,io.cucumber.testng.FeatureWrapper)[pri:0, instance:runners.TestRunner@f5958c9]" started-at="2026-02-10T14:41:45 IST" name="runScenario" description="Runs Cucumber Scenarios" data-provider="scenarios" finished-at="2026-02-10T14:41:50 IST" duration-ms="5475" status="PASS">
          <params>
            <param index="0">
              <value>
                <![CDATA["Verify banner section visible"]]>
              </value>
            </param>
            <param index="1">
              <value>
                <![CDATA["Home Page Module"]]>
              </value>
            </param>
          </params>
          <reporter-output>
          </reporter-output>
        </test-method> <!-- runScenario -->
        <test-method signature="runScenario(io.cucumber.testng.PickleWrapper,io.cucumber.testng.FeatureWrapper)[pri:0, instance:runners.TestRunner@f5958c9]" started-at="2026-02-10T14:41:50 IST" name="runScenario" description="Runs Cucumber Scenarios" data-provider="scenarios" finished-at="2026-02-10T14:41:55 IST" duration-ms="4756" status="PASS">
          <params>
            <param index="0">
              <value>
                <![CDATA["Handle location popup"]]>
              </value>
            </param>
            <param index="1">
              <value>
                <![CDATA["Home Page Module"]]>
              </value>
            </param>
          </params>
          <reporter-output>
          </reporter-output>
        </test-method> <!-- runScenario -->
        <test-method signature="runScenario(io.cucumber.testng.PickleWrapper,io.cucumber.testng.FeatureWrapper)[pri:0, instance:runners.TestRunner@f5958c9]" started-at="2026-02-10T14:41:55 IST" name="runScenario" description="Runs Cucumber Scenarios" data-provider="scenarios" finished-at="2026-02-10T14:42:02 IST" duration-ms="7074" status="PASS">
          <params>
            <param index="0">
              <value>
                <![CDATA["Search using valid keyword"]]>
              </value>
            </param>
            <param index="1">
              <value>
                <![CDATA["Search Module"]]>
              </value>
            </param>
          </params>
          <reporter-output>
          </reporter-output>
        </test-method> <!-- runScenario -->
        <test-method signature="runScenario(io.cucumber.testng.PickleWrapper,io.cucumber.testng.FeatureWrapper)[pri:0, instance:runners.TestRunner@f5958c9]" started-at="2026-02-10T14:42:02 IST" name="runScenario" description="Runs Cucumber Scenarios" data-provider="scenarios" finished-at="2026-02-10T14:42:12 IST" duration-ms="9708" status="PASS">
          <params>
            <param index="0">
              <value>
                <![CDATA["Search using invalid keyword"]]>
              </value>
            </param>
            <param index="1">
              <value>
                <![CDATA["Search Module"]]>
              </value>
            </param>
          </params>
          <reporter-output>
          </reporter-output>
        </test-method> <!-- runScenario -->
        <test-method signature="runScenario(io.cucumber.testng.PickleWrapper,io.cucumber.testng.FeatureWrapper)[pri:0, instance:runners.TestRunner@f5958c9]" started-at="2026-02-10T14:42:12 IST" name="runScenario" description="Runs Cucumber Scenarios" data-provider="scenarios" finished-at="2026-02-10T14:42:19 IST" duration-ms="7157" status="PASS">
          <params>
            <param index="0">
              <value>
                <![CDATA["Search using special characters"]]>
              </value>
            </param>
            <param index="1">
              <value>
                <![CDATA["Search Module"]]>
              </value>
            </param>
          </params>
          <reporter-output>
          </reporter-output>
        </test-method> <!-- runScenario -->
        <test-method signature="runScenario(io.cucumber.testng.PickleWrapper,io.cucumber.testng.FeatureWrapper)[pri:0, instance:runners.TestRunner@f5958c9]" started-at="2026-02-10T14:42:19 IST" name="runScenario" description="Runs Cucumber Scenarios" data-provider="scenarios" finished-at="2026-02-10T14:42:26 IST" duration-ms="6594" status="PASS">
          <params>
            <param index="0">
              <value>
                <![CDATA["Verify search results page displayed"]]>
              </value>
            </param>
            <param index="1">
              <value>
                <![CDATA["Search Module"]]>
              </value>
            </param>
          </params>
          <reporter-output>
          </reporter-output>
        </test-method> <!-- runScenario -->
        <test-method signature="runScenario(io.cucumber.testng.PickleWrapper,io.cucumber.testng.FeatureWrapper)[pri:0, instance:runners.TestRunner@f5958c9]" started-at="2026-02-10T14:42:26 IST" name="runScenario" description="Runs Cucumber Scenarios" data-provider="scenarios" finished-at="2026-02-10T14:42:32 IST" duration-ms="6802" status="PASS">
          <params>
            <param index="0">
              <value>
                <![CDATA["Verify products are listed after search"]]>
              </value>
            </param>
            <param index="1">
              <value>
                <![CDATA["Search Module"]]>
              </value>
            </param>
          </params>
          <reporter-output>
          </reporter-output>
        </test-method> <!-- runScenario -->
        <test-method signature="runScenario(io.cucumber.testng.PickleWrapper,io.cucumber.testng.FeatureWrapper)[pri:0, instance:runners.TestRunner@f5958c9]" started-at="2026-02-10T14:42:32 IST" name="runScenario" description="Runs Cucumber Scenarios" data-provider="scenarios" finished-at="2026-02-10T14:42:39 IST" duration-ms="7061" status="PASS">
          <params>
            <param index="0">
              <value>
                <![CDATA["Verify product listing page displays multiple products"]]>
              </value>
            </param>
            <param index="1">
              <value>
                <![CDATA["Product Listing Module"]]>
              </value>
            </param>
          </params>
          <reporter-output>
          </reporter-output>
        </test-method> <!-- runScenario -->
        <test-method signature="runScenario(io.cucumber.testng.PickleWrapper,io.cucumber.testng.FeatureWrapper)[pri:0, instance:runners.TestRunner@f5958c9]" started-at="2026-02-10T14:42:39 IST" name="runScenario" description="Runs Cucumber Scenarios" data-provider="scenarios" finished-at="2026-02-10T14:42:47 IST" duration-ms="7478" status="PASS">
          <params>
            <param index="0">
              <value>
                <![CDATA["Apply price filter"]]>
              </value>
            </param>
            <param index="1">
              <value>
                <![CDATA["Product Listing Module"]]>
              </value>
            </param>
          </params>
          <reporter-output>
          </reporter-output>
        </test-method> <!-- runScenario -->
        <test-method signature="runScenario(io.cucumber.testng.PickleWrapper,io.cucumber.testng.FeatureWrapper)[pri:0, instance:runners.TestRunner@f5958c9]" started-at="2026-02-10T14:42:47 IST" name="runScenario" description="Runs Cucumber Scenarios" data-provider="scenarios" finished-at="2026-02-10T14:42:55 IST" duration-ms="8251" status="PASS">
          <params>
            <param index="0">
              <value>
                <![CDATA["Apply brand filter"]]>
              </value>
            </param>
            <param index="1">
              <value>
                <![CDATA["Product Listing Module"]]>
              </value>
            </param>
          </params>
          <reporter-output>
          </reporter-output>
        </test-method> <!-- runScenario -->
        <test-method signature="runScenario(io.cucumber.testng.PickleWrapper,io.cucumber.testng.FeatureWrapper)[pri:0, instance:runners.TestRunner@f5958c9]" started-at="2026-02-10T14:42:55 IST" name="runScenario" description="Runs Cucumber Scenarios" data-provider="scenarios" finished-at="2026-02-10T14:43:08 IST" duration-ms="12682" status="PASS">
          <params>
            <param index="0">
              <value>
                <![CDATA["Clear filters and verify results reset"]]>
              </value>
            </param>
            <param index="1">
              <value>
                <![CDATA["Product Listing Module"]]>
              </value>
            </param>
          </params>
          <reporter-output>
          </reporter-output>
        </test-method> <!-- runScenario -->
        <test-method signature="runScenario(io.cucumber.testng.PickleWrapper,io.cucumber.testng.FeatureWrapper)[pri:0, instance:runners.TestRunner@f5958c9]" started-at="2026-02-10T14:43:08 IST" name="runScenario" description="Runs Cucumber Scenarios" data-provider="scenarios" finished-at="2026-02-10T14:43:17 IST" duration-ms="8753" status="PASS">
          <params>
            <param index="0">
              <value>
                <![CDATA["Sort products by price low to high"]]>
              </value>
            </param>
            <param index="1">
              <value>
                <![CDATA["Sorting Module"]]>
              </value>
            </param>
          </params>
          <reporter-output>
          </reporter-output>
        </test-method> <!-- runScenario -->
        <test-method signature="runScenario(io.cucumber.testng.PickleWrapper,io.cucumber.testng.FeatureWrapper)[pri:0, instance:runners.TestRunner@f5958c9]" started-at="2026-02-10T14:43:17 IST" name="runScenario" description="Runs Cucumber Scenarios" data-provider="scenarios" finished-at="2026-02-10T14:43:25 IST" duration-ms="8629" status="PASS">
          <params>
            <param index="0">
              <value>
                <![CDATA["Sort products by customer review"]]>
              </value>
            </param>
            <param index="1">
              <value>
                <![CDATA["Sorting Module"]]>
              </value>
            </param>
          </params>
          <reporter-output>
          </reporter-output>
        </test-method> <!-- runScenario -->
        <test-method signature="runScenario(io.cucumber.testng.PickleWrapper,io.cucumber.testng.FeatureWrapper)[pri:0, instance:runners.TestRunner@f5958c9]" started-at="2026-02-10T14:43:25 IST" name="runScenario" description="Runs Cucumber Scenarios" data-provider="scenarios" finished-at="2026-02-10T14:43:33 IST" duration-ms="8165" status="PASS">
          <params>
            <param index="0">
              <value>
                <![CDATA["Verify sorting reflects correctly in product list"]]>
              </value>
            </param>
            <param index="1">
              <value>
                <![CDATA["Sorting Module"]]>
              </value>
            </param>
          </params>
          <reporter-output>
          </reporter-output>
        </test-method> <!-- runScenario -->
        <test-method signature="runScenario(io.cucumber.testng.PickleWrapper,io.cucumber.testng.FeatureWrapper)[pri:0, instance:runners.TestRunner@f5958c9]" started-at="2026-02-10T14:43:33 IST" name="runScenario" description="Runs Cucumber Scenarios" data-provider="scenarios" finished-at="2026-02-10T14:43:41 IST" duration-ms="7267" status="PASS">
          <params>
            <param index="0">
              <value>
                <![CDATA["Navigate to product details page"]]>
              </value>
            </param>
            <param index="1">
              <value>
                <![CDATA["Product Details Module"]]>
              </value>
            </param>
          </params>
          <reporter-output>
          </reporter-output>
        </test-method> <!-- runScenario -->
        <test-method signature="runScenario(io.cucumber.testng.PickleWrapper,io.cucumber.testng.FeatureWrapper)[pri:0, instance:runners.TestRunner@f5958c9]" started-at="2026-02-10T14:43:41 IST" name="runScenario" description="Runs Cucumber Scenarios" data-provider="scenarios" finished-at="2026-02-10T14:43:52 IST" duration-ms="11270" status="PASS">
          <params>
            <param index="0">
              <value>
                <![CDATA["Verify product title displayed"]]>
              </value>
            </param>
            <param index="1">
              <value>
                <![CDATA["Product Details Module"]]>
              </value>
            </param>
          </params>
          <reporter-output>
          </reporter-output>
        </test-method> <!-- runScenario -->
        <test-method signature="runScenario(io.cucumber.testng.PickleWrapper,io.cucumber.testng.FeatureWrapper)[pri:0, instance:runners.TestRunner@f5958c9]" started-at="2026-02-10T14:43:52 IST" name="runScenario" description="Runs Cucumber Scenarios" data-provider="scenarios" finished-at="2026-02-10T14:44:05 IST" duration-ms="13198" status="PASS">
          <params>
            <param index="0">
              <value>
                <![CDATA["Verify product price displayed"]]>
              </value>
            </param>
            <param index="1">
              <value>
                <![CDATA["Product Details Module"]]>
              </value>
            </param>
          </params>
          <reporter-output>
          </reporter-output>
        </test-method> <!-- runScenario -->
        <test-method signature="runScenario(io.cucumber.testng.PickleWrapper,io.cucumber.testng.FeatureWrapper)[pri:0, instance:runners.TestRunner@f5958c9]" started-at="2026-02-10T14:44:05 IST" name="runScenario" description="Runs Cucumber Scenarios" data-provider="scenarios" finished-at="2026-02-10T14:44:17 IST" duration-ms="11963" status="PASS">
          <params>
            <param index="0">
              <value>
                <![CDATA["Verify product image displayed"]]>
              </value>
            </param>
            <param index="1">
              <value>
                <![CDATA["Product Details Module"]]>
              </value>
            </param>
          </params>
          <reporter-output>
          </reporter-output>
        </test-method> <!-- runScenario -->
        <test-method signature="runScenario(io.cucumber.testng.PickleWrapper,io.cucumber.testng.FeatureWrapper)[pri:0, instance:runners.TestRunner@f5958c9]" started-at="2026-02-10T14:44:17 IST" name="runScenario" description="Runs Cucumber Scenarios" data-provider="scenarios" finished-at="2026-02-10T14:44:28 IST" duration-ms="10871" status="PASS">
          <params>
            <param index="0">
              <value>
                <![CDATA["Verify product description visible"]]>
              </value>
            </param>
            <param index="1">
              <value>
                <![CDATA["Product Details Module"]]>
              </value>
            </param>
          </params>
          <reporter-output>
          </reporter-output>
        </test-method> <!-- runScenario -->
        <test-method signature="runScenario(io.cucumber.testng.PickleWrapper,io.cucumber.testng.FeatureWrapper)[pri:0, instance:runners.TestRunner@f5958c9]" started-at="2026-02-10T14:44:28 IST" name="runScenario" description="Runs Cucumber Scenarios" data-provider="scenarios" finished-at="2026-02-10T14:44:44 IST" duration-ms="16317" status="PASS">
          <params>
            <param index="0">
              <value>
                <![CDATA["Add product to cart"]]>
              </value>
            </param>
            <param index="1">
              <value>
                <![CDATA["Cart Module"]]>
              </value>
            </param>
          </params>
          <reporter-output>
          </reporter-output>
        </test-method> <!-- runScenario -->
        <test-method signature="runScenario(io.cucumber.testng.PickleWrapper,io.cucumber.testng.FeatureWrapper)[pri:0, instance:runners.TestRunner@f5958c9]" started-at="2026-02-10T14:44:44 IST" name="runScenario" description="Runs Cucumber Scenarios" data-provider="scenarios" finished-at="2026-02-10T14:45:01 IST" duration-ms="17087" status="PASS">
          <params>
            <param index="0">
              <value>
                <![CDATA["Verify product added to cart successfully"]]>
              </value>
            </param>
            <param index="1">
              <value>
                <![CDATA["Cart Module"]]>
              </value>
            </param>
          </params>
          <reporter-output>
          </reporter-output>
        </test-method> <!-- runScenario -->
        <test-method signature="runScenario(io.cucumber.testng.PickleWrapper,io.cucumber.testng.FeatureWrapper)[pri:0, instance:runners.TestRunner@f5958c9]" started-at="2026-02-10T14:45:01 IST" name="runScenario" description="Runs Cucumber Scenarios" data-provider="scenarios" finished-at="2026-02-10T14:45:19 IST" duration-ms="17641" status="PASS">
          <params>
            <param index="0">
              <value>
                <![CDATA["Remove product from cart"]]>
              </value>
            </param>
            <param index="1">
              <value>
                <![CDATA["Cart Module"]]>
              </value>
            </param>
          </params>
          <reporter-output>
          </reporter-output>
        </test-method> <!-- runScenario -->
        <test-method signature="runScenario(io.cucumber.testng.PickleWrapper,io.cucumber.testng.FeatureWrapper)[pri:0, instance:runners.TestRunner@f5958c9]" started-at="2026-02-10T14:45:19 IST" name="runScenario" description="Runs Cucumber Scenarios" data-provider="scenarios" finished-at="2026-02-10T14:45:36 IST" duration-ms="17135" status="PASS">
          <params>
            <param index="0">
              <value>
                <![CDATA["Verify cart empty after removal"]]>
              </value>
            </param>
            <param index="1">
              <value>
                <![CDATA["Cart Module"]]>
              </value>
            </param>
          </params>
          <reporter-output>
          </reporter-output>
        </test-method> <!-- runScenario -->
        <test-method is-config="true" signature="tearDownClass()[pri:0, instance:runners.TestRunner@f5958c9]" started-at="2026-02-10T14:45:36 IST" name="tearDownClass" finished-at="2026-02-10T14:45:36 IST" duration-ms="18" status="PASS">
          <reporter-output>
          </reporter-output>
        </test-method> <!-- tearDownClass -->
      </class> <!-- runners.TestRunner -->
    </test> <!-- Chrome Execution -->
  </suite> <!-- Amazon Suite -->
</testng-results>
