<?xml version="1.0" encoding="UTF-8"?>
<testng-results ignored="0" total="12" passed="12" failed="0" skipped="0">
  <reporter-output>
  </reporter-output>
  <suite started-at="2026-02-09T15:06:56 IST" name="Amazon Suite" finished-at="2026-02-09T15:12:26 IST" duration-ms="329985">
    <groups>
      <group name="cucumber">
        <method signature="AbstractTestNGCucumberTests.runScenario(io.cucumber.testng.PickleWrapper,io.cucumber.testng.FeatureWrapper)[pri:0, instance:runners.TestRunner@1aafa419]" name="runScenario" class="io.cucumber.testng.AbstractTestNGCucumberTests"/>
      </group> <!-- cucumber -->
    </groups>
    <test started-at="2026-02-09T15:06:56 IST" name="Test" finished-at="2026-02-09T15:12:26 IST" duration-ms="329985">
      <class name="runners.TestRunner">
        <test-method is-config="true" signature="setUpClass(org.testng.ITestContext)[pri:0, instance:runners.TestRunner@1aafa419]" started-at="2026-02-09T15:06:56 IST" name="setUpClass" finished-at="2026-02-09T15:06:57 IST" duration-ms="219" status="PASS">
          <params>
            <param index="0">
              <value>
                <![CDATA[org.testng.TestRunner@350323a0]]>
              </value>
            </param>
          </params>
          <reporter-output>
          </reporter-output>
        </test-method> <!-- setUpClass -->
        <test-method signature="runScenario(io.cucumber.testng.PickleWrapper,io.cucumber.testng.FeatureWrapper)[pri:0, instance:runners.TestRunner@1aafa419]" started-at="2026-02-09T15:06:57 IST" name="runScenario" description="Runs Cucumber Scenarios" data-provider="scenarios" finished-at="2026-02-09T15:07:21 IST" duration-ms="24303" status="PASS">
          <params>
            <param index="0">
              <value>
                <![CDATA["Verify home page elements"]]>
              </value>
            </param>
            <param index="1">
              <value>
                <![CDATA["Home Page Module"]]>
              </value>
            </param>
          </params>
          <reporter-output>
          </reporter-output>
        </test-method> <!-- runScenario -->
        <test-method signature="runScenario(io.cucumber.testng.PickleWrapper,io.cucumber.testng.FeatureWrapper)[pri:0, instance:runners.TestRunner@1aafa419]" started-at="2026-02-09T15:07:21 IST" name="runScenario" description="Runs Cucumber Scenarios" data-provider="scenarios" finished-at="2026-02-09T15:07:34 IST" duration-ms="12774" status="PASS">
          <params>
            <param index="0">
              <value>
                <![CDATA["Handle location popup"]]>
              </value>
            </param>
            <param index="1">
              <value>
                <![CDATA["Home Page Module"]]>
              </value>
            </param>
          </params>
          <reporter-output>
          </reporter-output>
        </test-method> <!-- runScenario -->
        <test-method signature="runScenario(io.cucumber.testng.PickleWrapper,io.cucumber.testng.FeatureWrapper)[pri:0, instance:runners.TestRunner@1aafa419]" started-at="2026-02-09T15:07:34 IST" name="runScenario" description="Runs Cucumber Scenarios" data-provider="scenarios" finished-at="2026-02-09T15:07:51 IST" duration-ms="17128" status="PASS">
          <params>
            <param index="0">
              <value>
                <![CDATA["Valid search"]]>
              </value>
            </param>
            <param index="1">
              <value>
                <![CDATA["Search Module"]]>
              </value>
            </param>
          </params>
          <reporter-output>
          </reporter-output>
        </test-method> <!-- runScenario -->
        <test-method signature="runScenario(io.cucumber.testng.PickleWrapper,io.cucumber.testng.FeatureWrapper)[pri:0, instance:runners.TestRunner@1aafa419]" started-at="2026-02-09T15:07:51 IST" name="runScenario" description="Runs Cucumber Scenarios" data-provider="scenarios" finished-at="2026-02-09T15:08:11 IST" duration-ms="20358" status="PASS">
          <params>
            <param index="0">
              <value>
                <![CDATA["Invalid search"]]>
              </value>
            </param>
            <param index="1">
              <value>
                <![CDATA["Search Module"]]>
              </value>
            </param>
          </params>
          <reporter-output>
          </reporter-output>
        </test-method> <!-- runScenario -->
        <test-method signature="runScenario(io.cucumber.testng.PickleWrapper,io.cucumber.testng.FeatureWrapper)[pri:0, instance:runners.TestRunner@1aafa419]" started-at="2026-02-09T15:08:11 IST" name="runScenario" description="Runs Cucumber Scenarios" data-provider="scenarios" finished-at="2026-02-09T15:08:29 IST" duration-ms="17469" status="PASS">
          <params>
            <param index="0">
              <value>
                <![CDATA["Special character search"]]>
              </value>
            </param>
            <param index="1">
              <value>
                <![CDATA["Search Module"]]>
              </value>
            </param>
          </params>
          <reporter-output>
          </reporter-output>
        </test-method> <!-- runScenario -->
        <test-method signature="runScenario(io.cucumber.testng.PickleWrapper,io.cucumber.testng.FeatureWrapper)[pri:0, instance:runners.TestRunner@1aafa419]" started-at="2026-02-09T15:08:29 IST" name="runScenario" description="Runs Cucumber Scenarios" data-provider="scenarios" finished-at="2026-02-09T15:08:56 IST" duration-ms="27154" status="PASS">
          <params>
            <param index="0">
              <value>
                <![CDATA["Verify product listing visible"]]>
              </value>
            </param>
            <param index="1">
              <value>
                <![CDATA["Product Listing Module"]]>
              </value>
            </param>
          </params>
          <reporter-output>
          </reporter-output>
        </test-method> <!-- runScenario -->
        <test-method signature="runScenario(io.cucumber.testng.PickleWrapper,io.cucumber.testng.FeatureWrapper)[pri:0, instance:runners.TestRunner@1aafa419]" started-at="2026-02-09T15:08:56 IST" name="runScenario" description="Runs Cucumber Scenarios" data-provider="scenarios" finished-at="2026-02-09T15:09:20 IST" duration-ms="24458" status="PASS">
          <params>
            <param index="0">
              <value>
                <![CDATA["Apply filters"]]>
              </value>
            </param>
            <param index="1">
              <value>
                <![CDATA["Product Listing Module"]]>
              </value>
            </param>
          </params>
          <reporter-output>
          </reporter-output>
        </test-method> <!-- runScenario -->
        <test-method signature="runScenario(io.cucumber.testng.PickleWrapper,io.cucumber.testng.FeatureWrapper)[pri:0, instance:runners.TestRunner@1aafa419]" started-at="2026-02-09T15:09:20 IST" name="runScenario" description="Runs Cucumber Scenarios" data-provider="scenarios" finished-at="2026-02-09T15:10:09 IST" duration-ms="48374" status="PASS">
          <params>
            <param index="0">
              <value>
                <![CDATA["Clear filters"]]>
              </value>
            </param>
            <param index="1">
              <value>
                <![CDATA["Product Listing Module"]]>
              </value>
            </param>
          </params>
          <reporter-output>
          </reporter-output>
        </test-method> <!-- runScenario -->
        <test-method signature="runScenario(io.cucumber.testng.PickleWrapper,io.cucumber.testng.FeatureWrapper)[pri:0, instance:runners.TestRunner@1aafa419]" started-at="2026-02-09T15:10:09 IST" name="runScenario" description="Runs Cucumber Scenarios" data-provider="scenarios" finished-at="2026-02-09T15:10:49 IST" duration-ms="40260" status="PASS">
          <params>
            <param index="0">
              <value>
                <![CDATA["Sort by price low to high"]]>
              </value>
            </param>
            <param index="1">
              <value>
                <![CDATA["Sorting Module"]]>
              </value>
            </param>
          </params>
          <reporter-output>
          </reporter-output>
        </test-method> <!-- runScenario -->
        <test-method signature="runScenario(io.cucumber.testng.PickleWrapper,io.cucumber.testng.FeatureWrapper)[pri:0, instance:runners.TestRunner@1aafa419]" started-at="2026-02-09T15:10:49 IST" name="runScenario" description="Runs Cucumber Scenarios" data-provider="scenarios" finished-at="2026-02-09T15:11:05 IST" duration-ms="16402" status="PASS">
          <params>
            <param index="0">
              <value>
                <![CDATA["Sort by customer review"]]>
              </value>
            </param>
            <param index="1">
              <value>
                <![CDATA["Sorting Module"]]>
              </value>
            </param>
          </params>
          <reporter-output>
          </reporter-output>
        </test-method> <!-- runScenario -->
        <test-method signature="runScenario(io.cucumber.testng.PickleWrapper,io.cucumber.testng.FeatureWrapper)[pri:0, instance:runners.TestRunner@1aafa419]" started-at="2026-02-09T15:11:05 IST" name="runScenario" description="Runs Cucumber Scenarios" data-provider="scenarios" finished-at="2026-02-09T15:11:29 IST" duration-ms="24150" status="PASS">
          <params>
            <param index="0">
              <value>
                <![CDATA["Verify product details page"]]>
              </value>
            </param>
            <param index="1">
              <value>
                <![CDATA["Product Details Module"]]>
              </value>
            </param>
          </params>
          <reporter-output>
          </reporter-output>
        </test-method> <!-- runScenario -->
        <test-method signature="runScenario(io.cucumber.testng.PickleWrapper,io.cucumber.testng.FeatureWrapper)[pri:0, instance:runners.TestRunner@1aafa419]" started-at="2026-02-09T15:11:29 IST" name="runScenario" description="Runs Cucumber Scenarios" data-provider="scenarios" finished-at="2026-02-09T15:12:26 IST" duration-ms="56864" status="PASS">
          <params>
            <param index="0">
              <value>
                <![CDATA["Add and remove product from cart"]]>
              </value>
            </param>
            <param index="1">
              <value>
                <![CDATA["Cart Module"]]>
              </value>
            </param>
          </params>
          <reporter-output>
          </reporter-output>
        </test-method> <!-- runScenario -->
        <test-method is-config="true" signature="tearDownClass()[pri:0, instance:runners.TestRunner@1aafa419]" started-at="2026-02-09T15:12:26 IST" name="tearDownClass" finished-at="2026-02-09T15:12:26 IST" duration-ms="37" status="PASS">
          <reporter-output>
          </reporter-output>
        </test-method> <!-- tearDownClass -->
      </class> <!-- runners.TestRunner -->
    </test> <!-- Test -->
  </suite> <!-- Amazon Suite -->
</testng-results>
