<?xml version="1.0" encoding="UTF-8"?>
<!-- Generated by org.testng.reporters.JUnitReportReporter -->
<testsuite hostname="froza-mac" failures="0" tests="52" name="runners.TestRunner" time="499.498" errors="0" timestamp="2026-02-10T14:45:36 IST" skipped="0">
  <testcase classname="runners.TestRunner" name="runScenario" time="5.200"/>
  <testcase classname="runners.TestRunner" name="runScenario" time="11.927"/>
  <testcase classname="runners.TestRunner" name="runScenario" time="6.174"/>
  <testcase classname="runners.TestRunner" name="runScenario" time="12.056"/>
  <testcase classname="runners.TestRunner" name="runScenario" time="7.061"/>
  <testcase classname="runners.TestRunner" name="runScenario" time="11.447"/>
  <testcase classname="runners.TestRunner" name="runScenario" time="7.157"/>
  <testcase classname="runners.TestRunner" name="runScenario" time="7.131"/>
  <testcase classname="runners.TestRunner" name="runScenario" time="4.756"/>
  <testcase classname="runners.TestRunner" name="runScenario" time="17.135"/>
  <testcase classname="runners.TestRunner" name="runScenario" time="10.871"/>
  <testcase classname="runners.TestRunner" name="runScenario" time="7.478"/>
  <testcase classname="runners.TestRunner" name="runScenario" time="7.354"/>
  <testcase classname="runners.TestRunner" name="runScenario" time="6.034"/>
  <testcase classname="runners.TestRunner" name="runScenario" time="17.549"/>
  <testcase classname="runners.TestRunner" name="runScenario" time="5.750"/>
  <testcase classname="runners.TestRunner" name="runScenario" time="11.270"/>
  <testcase classname="runners.TestRunner" name="runScenario" time="11.963"/>
  <testcase classname="runners.TestRunner" name="runScenario" time="12.673"/>
  <testcase classname="runners.TestRunner" name="runScenario" time="8.629"/>
  <testcase classname="runners.TestRunner" name="runScenario" time="18.469"/>
  <testcase classname="runners.TestRunner" name="runScenario" time="6.873"/>
  <testcase classname="runners.TestRunner" name="runScenario" time="12.303"/>
  <testcase classname="runners.TestRunner" name="runScenario" time="8.251"/>
  <testcase classname="runners.TestRunner" name="runScenario" time="7.988"/>
  <testcase classname="runners.TestRunner" name="runScenario" time="7.074"/>
  <testcase classname="runners.TestRunner" name="runScenario" time="5.475"/>
  <testcase classname="runners.TestRunner" name="runScenario" time="8.228"/>
  <testcase classname="runners.TestRunner" name="runScenario" time="8.753"/>
  <testcase classname="runners.TestRunner" name="runScenario" time="8.165"/>
  <testcase classname="runners.TestRunner" name="runScenario" time="6.802"/>
  <testcase classname="runners.TestRunner" name="runScenario" time="18.276"/>
  <testcase classname="runners.TestRunner" name="runScenario" time="8.606"/>
  <testcase classname="runners.TestRunner" name="runScenario" time="6.594"/>
  <testcase classname="runners.TestRunner" name="runScenario" time="16.317"/>
  <testcase classname="runners.TestRunner" name="runScenario" time="7.386"/>
  <testcase classname="runners.TestRunner" name="runScenario" time="12.363"/>
  <testcase classname="runners.TestRunner" name="runScenario" time="5.150"/>
  <testcase classname="runners.TestRunner" name="runScenario" time="8.688"/>
  <testcase classname="runners.TestRunner" name="runScenario" time="5.686"/>
  <testcase classname="runners.TestRunner" name="runScenario" time="17.641"/>
  <testcase classname="runners.TestRunner" name="runScenario" time="17.087"/>
  <testcase classname="runners.TestRunner" name="runScenario" time="6.927"/>
  <testcase classname="runners.TestRunner" name="runScenario" time="8.843"/>
  <testcase classname="runners.TestRunner" name="runScenario" time="8.309"/>
  <testcase classname="runners.TestRunner" name="runScenario" time="7.131"/>
  <testcase classname="runners.TestRunner" name="runScenario" time="13.198"/>
  <testcase classname="runners.TestRunner" name="runScenario" time="7.267"/>
  <testcase classname="runners.TestRunner" name="runScenario" time="9.708"/>
  <testcase classname="runners.TestRunner" name="runScenario" time="6.603"/>
  <testcase classname="runners.TestRunner" name="runScenario" time="12.682"/>
  <testcase classname="runners.TestRunner" name="runScenario" time="7.040"/>
</testsuite> <!-- runners.TestRunner -->
