<?xml version="1.0" encoding="UTF-8"?>
<!-- Generated by org.testng.reporters.JUnitReportReporter -->
<testsuite hostname="froza-mac" failures="0" tests="12" name="runners.TestRunner" time="329.694" errors="0" timestamp="2026-02-09T15:12:27 IST" skipped="0">
  <testcase classname="runners.TestRunner" name="runScenario" time="17.128"/>
  <testcase classname="runners.TestRunner" name="runScenario" time="24.458"/>
  <testcase classname="runners.TestRunner" name="runScenario" time="17.469"/>
  <testcase classname="runners.TestRunner" name="runScenario" time="56.864"/>
  <testcase classname="runners.TestRunner" name="runScenario" time="24.303"/>
  <testcase classname="runners.TestRunner" name="runScenario" time="24.150"/>
  <testcase classname="runners.TestRunner" name="runScenario" time="20.358"/>
  <testcase classname="runners.TestRunner" name="runScenario" time="27.154"/>
  <testcase classname="runners.TestRunner" name="runScenario" time="12.774"/>
  <testcase classname="runners.TestRunner" name="runScenario" time="40.260"/>
  <testcase classname="runners.TestRunner" name="runScenario" time="16.402"/>
  <testcase classname="runners.TestRunner" name="runScenario" time="48.374"/>
</testsuite> <!-- runners.TestRunner -->
