<?xml version="1.0" encoding="UTF-8"?>
<!-- Generated by org.testng.reporters.JUnitReportReporter -->
<testsuite hostname="froza-mac" failures="0" tests="26" name="runners.TestRunner" time="194.780" errors="0" timestamp="2026-02-10T12:58:03 IST" skipped="0">
  <testcase classname="runners.TestRunner" name="runScenario" time="6.426"/>
  <testcase classname="runners.TestRunner" name="runScenario" time="6.150"/>
  <testcase classname="runners.TestRunner" name="runScenario" time="9.140"/>
  <testcase classname="runners.TestRunner" name="runScenario" time="4.547"/>
  <testcase classname="runners.TestRunner" name="runScenario" time="12.950"/>
  <testcase classname="runners.TestRunner" name="runScenario" time="4.372"/>
  <testcase classname="runners.TestRunner" name="runScenario" time="6.801"/>
  <testcase classname="runners.TestRunner" name="runScenario" time="6.314"/>
  <testcase classname="runners.TestRunner" name="runScenario" time="6.116"/>
  <testcase classname="runners.TestRunner" name="runScenario" time="6.457"/>
  <testcase classname="runners.TestRunner" name="runScenario" time="4.558"/>
  <testcase classname="runners.TestRunner" name="runScenario" time="7.039"/>
  <testcase classname="runners.TestRunner" name="runScenario" time="6.048"/>
  <testcase classname="runners.TestRunner" name="runScenario" time="11.433"/>
  <testcase classname="runners.TestRunner" name="runScenario" time="8.381"/>
  <testcase classname="runners.TestRunner" name="runScenario" time="12.468"/>
  <testcase classname="runners.TestRunner" name="runScenario" time="4.453"/>
  <testcase classname="runners.TestRunner" name="runScenario" time="6.360"/>
  <testcase classname="runners.TestRunner" name="runScenario" time="12.498"/>
  <testcase classname="runners.TestRunner" name="runScenario" time="9.536"/>
  <testcase classname="runners.TestRunner" name="runScenario" time="6.494"/>
  <testcase classname="runners.TestRunner" name="runScenario" time="6.681"/>
  <testcase classname="runners.TestRunner" name="runScenario" time="6.856"/>
  <testcase classname="runners.TestRunner" name="runScenario" time="9.006"/>
  <testcase classname="runners.TestRunner" name="runScenario" time="8.135"/>
  <testcase classname="runners.TestRunner" name="runScenario" time="5.561"/>
</testsuite> <!-- runners.TestRunner -->
