<?xml version="1.0" encoding="UTF-8"?>
<!-- Generated by org.testng.reporters.JUnitReportReporter -->
<testsuite hostname="froza-mac" failures="0" tests="12" name="runners.TestRunner" time="90.818" errors="0" timestamp="2026-02-10T09:12:55 IST" skipped="0">
  <testcase classname="runners.TestRunner" name="runScenario" time="7.266"/>
  <testcase classname="runners.TestRunner" name="runScenario" time="6.208"/>
  <testcase classname="runners.TestRunner" name="runScenario" time="5.953"/>
  <testcase classname="runners.TestRunner" name="runScenario" time="11.466"/>
  <testcase classname="runners.TestRunner" name="runScenario" time="7.693"/>
  <testcase classname="runners.TestRunner" name="runScenario" time="6.724"/>
  <testcase classname="runners.TestRunner" name="runScenario" time="8.715"/>
  <testcase classname="runners.TestRunner" name="runScenario" time="6.146"/>
  <testcase classname="runners.TestRunner" name="runScenario" time="6.214"/>
  <testcase classname="runners.TestRunner" name="runScenario" time="8.636"/>
  <testcase classname="runners.TestRunner" name="runScenario" time="4.444"/>
  <testcase classname="runners.TestRunner" name="runScenario" time="11.353"/>
</testsuite> <!-- runners.TestRunner -->
